!SESSION 2012-06-10 08:10:40.318 -----------------------------------------------
eclipse.buildId=M20090917-0800
java.version=1.6.0_16
java.vendor=Sun Microsystems Inc.
BootLoader constants: OS=win32, ARCH=x86, WS=win32, NL=pt_BR
Framework arguments:  -product org.eclipse.epp.package.java.product
Command-line arguments:  -os win32 -ws win32 -arch x86 -product org.eclipse.epp.package.java.product

This is a continuation of log file E:\Workspace\WS_TG\.metadata\.bak_0.log
Created Time: 2012-06-10 10:06:59.040

!ENTRY org.python.pydev.core 4 4 2012-06-10 10:06:59.042
!MESSAGE Error checking for valid tokens (imports) for analsador
!STACK 0
org.python.pydev.core.structure.CompletionRecursionException: Possible recursion found -- probably programming error --  (module: nltk.corpus.reader.util, token: movie_reviews) - stopping analysis.
	at org.python.pydev.editor.codecompletion.revisited.CompletionState.checkFindModuleCompletionsMemory(CompletionState.java:289)
	at org.python.pydev.editor.codecompletion.revisited.AbstractASTManager.internalGenerateGetCompletionsForModule(AbstractASTManager.java:709)
	at org.python.pydev.editor.codecompletion.revisited.AbstractASTManager.getCompletionsForModule(AbstractASTManager.java:545)
	at org.python.pydev.editor.codecompletion.revisited.AbstractASTManager.getCompletionsForModule(AbstractASTManager.java:516)
	at org.python.pydev.editor.codecompletion.revisited.AbstractASTManager.getCompletionsForModule(AbstractASTManager.java:508)
	at org.python.pydev.editor.codecompletion.revisited.AbstractASTManager.getCompletionsForModule(AbstractASTManager.java:500)
	at org.python.pydev.editor.codecompletion.revisited.AbstractASTManager.internalGenerateGetCompletionsForModule(AbstractASTManager.java:710)
	at org.python.pydev.editor.codecompletion.revisited.AbstractASTManager.getCompletionsForModule(AbstractASTManager.java:545)
	at org.python.pydev.editor.codecompletion.revisited.AbstractASTManager.getCompletionsForModule(AbstractASTManager.java:516)
	at org.python.pydev.editor.codecompletion.revisited.AbstractASTManager.getCompletionsForModule(AbstractASTManager.java:508)
	at org.python.pydev.editor.codecompletion.revisited.AbstractASTManager.getCompletionsForModule(AbstractASTManager.java:500)
	at org.python.pydev.editor.codecompletion.revisited.AbstractASTManager.internalGenerateGetCompletionsForModule(AbstractASTManager.java:710)
	at org.python.pydev.editor.codecompletion.revisited.AbstractASTManager.getCompletionsForModule(AbstractASTManager.java:545)
	at org.python.pydev.editor.codecompletion.revisited.AbstractASTManager.getCompletionsForModule(AbstractASTManager.java:516)
	at org.python.pydev.editor.codecompletion.revisited.AbstractASTManager.getCompletionsForModule(AbstractASTManager.java:508)
	at org.python.pydev.editor.codecompletion.revisited.modules.AbstractModule.internalGenerateCachedTokens(AbstractModule.java:179)
	at org.python.pydev.editor.codecompletion.revisited.modules.AbstractModule.isInGlobalTokens(AbstractModule.java:135)
	at com.python.pydev.analysis.scopeanalysis.AbstractScopeAnalyzerVisitor.markRead(AbstractScopeAnalyzerVisitor.java:1099)
	at com.python.pydev.analysis.scopeanalysis.AbstractScopeAnalyzerVisitor.visitAttribute(AbstractScopeAnalyzerVisitor.java:627)
	at org.python.pydev.parser.jython.ast.Attribute.accept(Attribute.java:80)
	at org.python.pydev.parser.jython.ast.Call.traverse(Call.java:121)
	at com.python.pydev.analysis.scopeanalysis.AbstractScopeAnalyzerVisitor.traverse(AbstractScopeAnalyzerVisitor.java:191)
	at com.python.pydev.analysis.visitors.OccurrencesVisitor.traverse(OccurrencesVisitor.java:233)
	at org.python.pydev.parser.jython.ast.VisitorBase.visitCall(VisitorBase.java:267)
	at com.python.pydev.analysis.visitors.OccurrencesVisitor.visitCall(OccurrencesVisitor.java:197)
	at org.python.pydev.parser.jython.ast.Call.accept(Call.java:116)
	at com.python.pydev.analysis.scopeanalysis.AbstractScopeAnalyzerVisitor.visitAssign(AbstractScopeAnalyzerVisitor.java:744)
	at com.python.pydev.analysis.visitors.OccurrencesVisitor.visitAssign(OccurrencesVisitor.java:173)
	at org.python.pydev.parser.jython.ast.Assign.accept(Assign.java:81)
	at com.python.pydev.analysis.visitors.OccurrencesVisitor.traverse(OccurrencesVisitor.java:101)
	at com.python.pydev.analysis.visitors.OccurrencesVisitor.traverse(OccurrencesVisitor.java:227)
	at org.python.pydev.parser.jython.ast.VisitorBase.visitIf(VisitorBase.java:99)
	at com.python.pydev.analysis.scopeanalysis.AbstractScopeAnalyzerVisitor.visitIf(AbstractScopeAnalyzerVisitor.java:763)
	at org.python.pydev.parser.jython.ast.If.accept(If.java:89)
	at com.python.pydev.analysis.scopeanalysis.AbstractScopeAnalyzerVisitor.visitFunctionDef(AbstractScopeAnalyzerVisitor.java:366)
	at org.python.pydev.parser.jython.ast.FunctionDef.accept(FunctionDef.java:117)
	at com.python.pydev.analysis.scopeanalysis.AbstractScopeAnalyzerVisitor.visitClassDef(AbstractScopeAnalyzerVisitor.java:225)
	at org.python.pydev.parser.jython.ast.ClassDef.accept(ClassDef.java:150)
	at org.python.pydev.parser.jython.ast.Module.traverse(Module.java:79)
	at com.python.pydev.analysis.scopeanalysis.AbstractScopeAnalyzerVisitor.traverse(AbstractScopeAnalyzerVisitor.java:191)
	at com.python.pydev.analysis.visitors.OccurrencesVisitor.traverse(OccurrencesVisitor.java:233)
	at org.python.pydev.parser.jython.ast.VisitorBase.visitModule(VisitorBase.java:9)
	at org.python.pydev.parser.jython.ast.Module.accept(Module.java:72)
	at com.python.pydev.analysis.OccurrencesAnalyzer.analyzeDocument(OccurrencesAnalyzer.java:47)
	at com.python.pydev.analysis.builder.AnalysisBuilderRunnable.doAnalysis(AnalysisBuilderRunnable.java:242)
	at com.python.pydev.analysis.builder.AbstractAnalysisBuilderRunnable.run(AbstractAnalysisBuilderRunnable.java:156)
	at org.python.pydev.core.concurrency.RunnableAsJobsPoolThread$1.run(RunnableAsJobsPoolThread.java:103)
	at org.eclipse.core.internal.jobs.Worker.run(Worker.java:55)

!ENTRY org.python.pydev.core 4 4 2012-06-10 10:08:02.450
!MESSAGE Error checking for valid tokens (imports) for analsador
!STACK 0
org.python.pydev.core.structure.CompletionRecursionException: Possible recursion found -- probably programming error --  (module: nltk.corpus.reader.util, token: movie_reviews) - stopping analysis.
	at org.python.pydev.editor.codecompletion.revisited.CompletionState.checkFindModuleCompletionsMemory(CompletionState.java:289)
	at org.python.pydev.editor.codecompletion.revisited.AbstractASTManager.internalGenerateGetCompletionsForModule(AbstractASTManager.java:709)
	at org.python.pydev.editor.codecompletion.revisited.AbstractASTManager.getCompletionsForModule(AbstractASTManager.java:545)
	at org.python.pydev.editor.codecompletion.revisited.AbstractASTManager.getCompletionsForModule(AbstractASTManager.java:516)
	at org.python.pydev.editor.codecompletion.revisited.AbstractASTManager.getCompletionsForModule(AbstractASTManager.java:508)
	at org.python.pydev.editor.codecompletion.revisited.AbstractASTManager.getCompletionsForModule(AbstractASTManager.java:500)
	at org.python.pydev.editor.codecompletion.revisited.AbstractASTManager.internalGenerateGetCompletionsForModule(AbstractASTManager.java:710)
	at org.python.pydev.editor.codecompletion.revisited.AbstractASTManager.getCompletionsForModule(AbstractASTManager.java:545)
	at org.python.pydev.editor.codecompletion.revisited.AbstractASTManager.getCompletionsForModule(AbstractASTManager.java:516)
	at org.python.pydev.editor.codecompletion.revisited.AbstractASTManager.getCompletionsForModule(AbstractASTManager.java:508)
	at org.python.pydev.editor.codecompletion.revisited.AbstractASTManager.getCompletionsForModule(AbstractASTManager.java:500)
	at org.python.pydev.editor.codecompletion.revisited.AbstractASTManager.internalGenerateGetCompletionsForModule(AbstractASTManager.java:710)
	at org.python.pydev.editor.codecompletion.revisited.AbstractASTManager.getCompletionsForModule(AbstractASTManager.java:545)
	at org.python.pydev.editor.codecompletion.revisited.AbstractASTManager.getCompletionsForModule(AbstractASTManager.java:516)
	at org.python.pydev.editor.codecompletion.revisited.AbstractASTManager.getCompletionsForModule(AbstractASTManager.java:508)
	at org.python.pydev.editor.codecompletion.revisited.modules.AbstractModule.internalGenerateCachedTokens(AbstractModule.java:179)
	at org.python.pydev.editor.codecompletion.revisited.modules.AbstractModule.isInGlobalTokens(AbstractModule.java:135)
	at com.python.pydev.analysis.scopeanalysis.AbstractScopeAnalyzerVisitor.markRead(AbstractScopeAnalyzerVisitor.java:1099)
	at com.python.pydev.analysis.scopeanalysis.AbstractScopeAnalyzerVisitor.visitAttribute(AbstractScopeAnalyzerVisitor.java:627)
	at org.python.pydev.parser.jython.ast.Attribute.accept(Attribute.java:80)
	at org.python.pydev.parser.jython.ast.Call.traverse(Call.java:121)
	at com.python.pydev.analysis.scopeanalysis.AbstractScopeAnalyzerVisitor.traverse(AbstractScopeAnalyzerVisitor.java:191)
	at org.python.pydev.parser.jython.ast.VisitorBase.visitCall(VisitorBase.java:267)
	at org.python.pydev.parser.jython.ast.Call.accept(Call.java:116)
	at com.python.pydev.analysis.scopeanalysis.AbstractScopeAnalyzerVisitor.visitAssign(AbstractScopeAnalyzerVisitor.java:744)
	at org.python.pydev.parser.jython.ast.Assign.accept(Assign.java:81)
	at org.python.pydev.parser.jython.ast.If.traverse(If.java:99)
	at com.python.pydev.analysis.scopeanalysis.AbstractScopeAnalyzerVisitor.traverse(AbstractScopeAnalyzerVisitor.java:191)
	at org.python.pydev.parser.jython.ast.VisitorBase.visitIf(VisitorBase.java:99)
	at com.python.pydev.analysis.scopeanalysis.AbstractScopeAnalyzerVisitor.visitIf(AbstractScopeAnalyzerVisitor.java:763)
	at org.python.pydev.parser.jython.ast.If.accept(If.java:89)
	at com.python.pydev.analysis.scopeanalysis.AbstractScopeAnalyzerVisitor.visitFunctionDef(AbstractScopeAnalyzerVisitor.java:366)
	at org.python.pydev.parser.jython.ast.FunctionDef.accept(FunctionDef.java:117)
	at com.python.pydev.analysis.scopeanalysis.AbstractScopeAnalyzerVisitor.visitClassDef(AbstractScopeAnalyzerVisitor.java:225)
	at org.python.pydev.parser.jython.ast.ClassDef.accept(ClassDef.java:150)
	at org.python.pydev.parser.jython.ast.Module.traverse(Module.java:79)
	at com.python.pydev.analysis.scopeanalysis.AbstractScopeAnalyzerVisitor.traverse(AbstractScopeAnalyzerVisitor.java:191)
	at org.python.pydev.parser.jython.ast.VisitorBase.visitModule(VisitorBase.java:9)
	at org.python.pydev.parser.jython.ast.Module.accept(Module.java:72)
	at com.python.pydev.refactoring.wizards.rename.AbstractRenameRefactorProcess.getOccurrencesWithScopeAnalyzer(AbstractRenameRefactorProcess.java:260)
	at com.python.pydev.refactoring.wizards.rename.PyRenameAnyLocalProcess.findReferencesToRenameOnLocalScope(PyRenameAnyLocalProcess.java:39)
	at com.python.pydev.refactoring.wizards.rename.AbstractRenameRefactorProcess.findReferencesToRename(AbstractRenameRefactorProcess.java:179)
	at com.python.pydev.refactoring.wizards.rename.PyRenameEntryPoint.checkFinalConditions(PyRenameEntryPoint.java:256)
	at com.python.pydev.refactoring.wizards.rename.PyRenameEntryPoint.checkFinalConditions(PyRenameEntryPoint.java:225)
	at com.python.pydev.refactoring.markoccurrences.MarkOccurrencesJob.checkAnnotations(MarkOccurrencesJob.java:227)
	at com.python.pydev.refactoring.markoccurrences.MarkOccurrencesJob.run(MarkOccurrencesJob.java:129)
	at org.eclipse.core.internal.jobs.Worker.run(Worker.java:55)

!ENTRY org.python.pydev.debug 4 4 2012-06-10 10:08:07.414
!MESSAGE Could not get project: TG

!ENTRY org.python.pydev.core 4 4 2012-06-10 10:08:53.476
!MESSAGE Unhandled: ExtSlice[dims=[Index[value=Name[id=label, ctx=Load, reserved=false]], Index[value=Name[id=fname, ctx=Load, reserved=false]]]]
!STACK 0
java.lang.RuntimeException: Unhandled: ExtSlice[dims=[Index[value=Name[id=label, ctx=Load, reserved=false]], Index[value=Name[id=fname, ctx=Load, reserved=false]]]]
	at org.python.pydev.parser.prettyprinterv2.MakeAstValidForPrettyPrintingVisitor.unhandled_node(MakeAstValidForPrettyPrintingVisitor.java:104)
	at org.python.pydev.parser.jython.ast.VisitorBase.visitExtSlice(VisitorBase.java:344)
	at org.python.pydev.parser.jython.ast.ExtSlice.accept(ExtSlice.java:73)
	at org.python.pydev.parser.prettyprinterv2.MakeAstValidForPrettyPrintingVisitor.visitSubscript(MakeAstValidForPrettyPrintingVisitor.java:931)
	at org.python.pydev.parser.jython.ast.Subscript.accept(Subscript.java:80)
	at org.python.pydev.parser.prettyprinterv2.MakeAstValidForPrettyPrintingVisitor.visitAssign(MakeAstValidForPrettyPrintingVisitor.java:183)
	at org.python.pydev.parser.jython.ast.Assign.accept(Assign.java:81)
	at org.python.pydev.parser.prettyprinterv2.MakeAstValidForPrettyPrintingVisitor.visitIfPart(MakeAstValidForPrettyPrintingVisitor.java:1126)
	at org.python.pydev.parser.prettyprinterv2.MakeAstValidForPrettyPrintingVisitor.visitIf(MakeAstValidForPrettyPrintingVisitor.java:1107)
	at org.python.pydev.parser.jython.ast.If.accept(If.java:89)
	at org.python.pydev.parser.prettyprinterv2.MakeAstValidForPrettyPrintingVisitor.visitFor(MakeAstValidForPrettyPrintingVisitor.java:457)
	at org.python.pydev.parser.jython.ast.For.accept(For.java:98)
	at org.python.pydev.parser.prettyprinterv2.MakeAstValidForPrettyPrintingVisitor.visitFor(MakeAstValidForPrettyPrintingVisitor.java:457)
	at org.python.pydev.parser.jython.ast.For.accept(For.java:98)
	at org.python.pydev.parser.prettyprinterv2.MakeAstValidForPrettyPrintingVisitor.visitFunctionDef(MakeAstValidForPrettyPrintingVisitor.java:861)
	at org.python.pydev.parser.jython.ast.FunctionDef.accept(FunctionDef.java:117)
	at org.python.pydev.parser.prettyprinterv2.MakeAstValidForPrettyPrintingVisitor.makeValid(MakeAstValidForPrettyPrintingVisitor.java:170)
	at org.python.pydev.editor.hover.PyTextHover.getDocstringHover(PyTextHover.java:238)
	at org.python.pydev.editor.hover.PyTextHover.getHoverInfo(PyTextHover.java:147)
	at org.eclipse.jface.text.TextViewerHoverManager$4.run(TextViewerHoverManager.java:168)

!ENTRY org.python.pydev.core 4 4 2012-06-10 10:11:36.508
!MESSAGE Unhandled: ExtSlice[dims=[Index[value=Name[id=label, ctx=Load, reserved=false]], Index[value=Name[id=fname, ctx=Load, reserved=false]]]]
!STACK 0
java.lang.RuntimeException: Unhandled: ExtSlice[dims=[Index[value=Name[id=label, ctx=Load, reserved=false]], Index[value=Name[id=fname, ctx=Load, reserved=false]]]]
	at org.python.pydev.parser.prettyprinterv2.MakeAstValidForPrettyPrintingVisitor.unhandled_node(MakeAstValidForPrettyPrintingVisitor.java:104)
	at org.python.pydev.parser.jython.ast.VisitorBase.visitExtSlice(VisitorBase.java:344)
	at org.python.pydev.parser.jython.ast.ExtSlice.accept(ExtSlice.java:73)
	at org.python.pydev.parser.prettyprinterv2.MakeAstValidForPrettyPrintingVisitor.visitSubscript(MakeAstValidForPrettyPrintingVisitor.java:931)
	at org.python.pydev.parser.jython.ast.Subscript.accept(Subscript.java:80)
	at org.python.pydev.parser.prettyprinterv2.MakeAstValidForPrettyPrintingVisitor.visitAssign(MakeAstValidForPrettyPrintingVisitor.java:183)
	at org.python.pydev.parser.jython.ast.Assign.accept(Assign.java:81)
	at org.python.pydev.parser.prettyprinterv2.MakeAstValidForPrettyPrintingVisitor.makeValid(MakeAstValidForPrettyPrintingVisitor.java:170)
	at org.python.pydev.editor.hover.PyTextHover.getDocstringHover(PyTextHover.java:238)
	at org.python.pydev.editor.hover.PyTextHover.getHoverInfo(PyTextHover.java:147)
	at org.eclipse.jface.text.TextViewerHoverManager$4.run(TextViewerHoverManager.java:168)

!ENTRY org.python.pydev.core 4 4 2012-06-10 10:11:36.511
!MESSAGE String index out of range: -4
!STACK 0
java.lang.StringIndexOutOfBoundsException: String index out of range: -4
	at org.python.pydev.core.structure.FastStringBuffer.delete(FastStringBuffer.java:324)
	at org.python.pydev.parser.prettyprinterv2.WriteStateV2.dedent(WriteStateV2.java:64)
	at org.python.pydev.parser.prettyprinterv2.PrettyPrinterV2.writeLinePart(PrettyPrinterV2.java:250)
	at org.python.pydev.parser.prettyprinterv2.PrettyPrinterV2.print(PrettyPrinterV2.java:167)
	at org.python.pydev.editor.hover.PyTextHover.printAst(PyTextHover.java:327)
	at org.python.pydev.editor.hover.PyTextHover.getDocstringHover(PyTextHover.java:280)
	at org.python.pydev.editor.hover.PyTextHover.getHoverInfo(PyTextHover.java:147)
	at org.eclipse.jface.text.TextViewerHoverManager$4.run(TextViewerHoverManager.java:168)

!ENTRY org.python.pydev.core 4 4 2012-06-10 10:14:23.406
!MESSAGE Unhandled: ExtSlice[dims=[Index[value=Name[id=label, ctx=Load, reserved=false]], Index[value=Name[id=fname, ctx=Load, reserved=false]]]]
!STACK 0
java.lang.RuntimeException: Unhandled: ExtSlice[dims=[Index[value=Name[id=label, ctx=Load, reserved=false]], Index[value=Name[id=fname, ctx=Load, reserved=false]]]]
	at org.python.pydev.parser.prettyprinterv2.MakeAstValidForPrettyPrintingVisitor.unhandled_node(MakeAstValidForPrettyPrintingVisitor.java:104)
	at org.python.pydev.parser.jython.ast.VisitorBase.visitExtSlice(VisitorBase.java:344)
	at org.python.pydev.parser.jython.ast.ExtSlice.accept(ExtSlice.java:73)
	at org.python.pydev.parser.prettyprinterv2.MakeAstValidForPrettyPrintingVisitor.visitSubscript(MakeAstValidForPrettyPrintingVisitor.java:931)
	at org.python.pydev.parser.jython.ast.Subscript.accept(Subscript.java:80)
	at org.python.pydev.parser.prettyprinterv2.MakeAstValidForPrettyPrintingVisitor.visitAssign(MakeAstValidForPrettyPrintingVisitor.java:183)
	at org.python.pydev.parser.jython.ast.Assign.accept(Assign.java:81)
	at org.python.pydev.parser.prettyprinterv2.MakeAstValidForPrettyPrintingVisitor.makeValid(MakeAstValidForPrettyPrintingVisitor.java:170)
	at org.python.pydev.editor.hover.PyTextHover.getDocstringHover(PyTextHover.java:238)
	at org.python.pydev.editor.hover.PyTextHover.getHoverInfo(PyTextHover.java:147)
	at org.eclipse.jface.text.TextViewerHoverManager$4.run(TextViewerHoverManager.java:168)

!ENTRY org.python.pydev.core 4 4 2012-06-10 10:14:23.413
!MESSAGE String index out of range: -4
!STACK 0
java.lang.StringIndexOutOfBoundsException: String index out of range: -4
	at org.python.pydev.core.structure.FastStringBuffer.delete(FastStringBuffer.java:324)
	at org.python.pydev.parser.prettyprinterv2.WriteStateV2.dedent(WriteStateV2.java:64)
	at org.python.pydev.parser.prettyprinterv2.PrettyPrinterV2.writeLinePart(PrettyPrinterV2.java:250)
	at org.python.pydev.parser.prettyprinterv2.PrettyPrinterV2.print(PrettyPrinterV2.java:167)
	at org.python.pydev.editor.hover.PyTextHover.printAst(PyTextHover.java:327)
	at org.python.pydev.editor.hover.PyTextHover.getDocstringHover(PyTextHover.java:280)
	at org.python.pydev.editor.hover.PyTextHover.getHoverInfo(PyTextHover.java:147)
	at org.eclipse.jface.text.TextViewerHoverManager$4.run(TextViewerHoverManager.java:168)

!ENTRY org.python.pydev.core 4 4 2012-06-10 10:14:56.401
!MESSAGE Unhandled: ExtSlice[dims=[Index[value=Name[id=label, ctx=Load, reserved=false]], Index[value=Name[id=fname, ctx=Load, reserved=false]]]]
!STACK 0
java.lang.RuntimeException: Unhandled: ExtSlice[dims=[Index[value=Name[id=label, ctx=Load, reserved=false]], Index[value=Name[id=fname, ctx=Load, reserved=false]]]]
	at org.python.pydev.parser.prettyprinterv2.MakeAstValidForPrettyPrintingVisitor.unhandled_node(MakeAstValidForPrettyPrintingVisitor.java:104)
	at org.python.pydev.parser.jython.ast.VisitorBase.visitExtSlice(VisitorBase.java:344)
	at org.python.pydev.parser.jython.ast.ExtSlice.accept(ExtSlice.java:73)
	at org.python.pydev.parser.prettyprinterv2.MakeAstValidForPrettyPrintingVisitor.visitSubscript(MakeAstValidForPrettyPrintingVisitor.java:931)
	at org.python.pydev.parser.jython.ast.Subscript.accept(Subscript.java:80)
	at org.python.pydev.parser.prettyprinterv2.MakeAstValidForPrettyPrintingVisitor.visitAssign(MakeAstValidForPrettyPrintingVisitor.java:183)
	at org.python.pydev.parser.jython.ast.Assign.accept(Assign.java:81)
	at org.python.pydev.parser.prettyprinterv2.MakeAstValidForPrettyPrintingVisitor.makeValid(MakeAstValidForPrettyPrintingVisitor.java:170)
	at org.python.pydev.editor.hover.PyTextHover.getDocstringHover(PyTextHover.java:238)
	at org.python.pydev.editor.hover.PyTextHover.getHoverInfo(PyTextHover.java:147)
	at org.eclipse.jface.text.TextViewerHoverManager$4.run(TextViewerHoverManager.java:168)

!ENTRY org.python.pydev.core 4 4 2012-06-10 10:14:56.404
!MESSAGE String index out of range: -4
!STACK 0
java.lang.StringIndexOutOfBoundsException: String index out of range: -4
	at org.python.pydev.core.structure.FastStringBuffer.delete(FastStringBuffer.java:324)
	at org.python.pydev.parser.prettyprinterv2.WriteStateV2.dedent(WriteStateV2.java:64)
	at org.python.pydev.parser.prettyprinterv2.PrettyPrinterV2.writeLinePart(PrettyPrinterV2.java:250)
	at org.python.pydev.parser.prettyprinterv2.PrettyPrinterV2.print(PrettyPrinterV2.java:167)
	at org.python.pydev.editor.hover.PyTextHover.printAst(PyTextHover.java:327)
	at org.python.pydev.editor.hover.PyTextHover.getDocstringHover(PyTextHover.java:280)
	at org.python.pydev.editor.hover.PyTextHover.getHoverInfo(PyTextHover.java:147)
	at org.eclipse.jface.text.TextViewerHoverManager$4.run(TextViewerHoverManager.java:168)

!ENTRY org.python.pydev.core 4 4 2012-06-10 10:15:46.801
!MESSAGE Error checking for valid tokens (imports) for analsador
!STACK 0
org.python.pydev.core.structure.CompletionRecursionException: Possible recursion found -- probably programming error --  (module: nltk.corpus.reader.util, token: movie_reviews) - stopping analysis.
	at org.python.pydev.editor.codecompletion.revisited.CompletionState.checkFindModuleCompletionsMemory(CompletionState.java:289)
	at org.python.pydev.editor.codecompletion.revisited.AbstractASTManager.internalGenerateGetCompletionsForModule(AbstractASTManager.java:709)
	at org.python.pydev.editor.codecompletion.revisited.AbstractASTManager.getCompletionsForModule(AbstractASTManager.java:545)
	at org.python.pydev.editor.codecompletion.revisited.AbstractASTManager.getCompletionsForModule(AbstractASTManager.java:516)
	at org.python.pydev.editor.codecompletion.revisited.AbstractASTManager.getCompletionsForModule(AbstractASTManager.java:508)
	at org.python.pydev.editor.codecompletion.revisited.AbstractASTManager.getCompletionsForModule(AbstractASTManager.java:500)
	at org.python.pydev.editor.codecompletion.revisited.AbstractASTManager.internalGenerateGetCompletionsForModule(AbstractASTManager.java:710)
	at org.python.pydev.editor.codecompletion.revisited.AbstractASTManager.getCompletionsForModule(AbstractASTManager.java:545)
	at org.python.pydev.editor.codecompletion.revisited.AbstractASTManager.getCompletionsForModule(AbstractASTManager.java:516)
	at org.python.pydev.editor.codecompletion.revisited.AbstractASTManager.getCompletionsForModule(AbstractASTManager.java:508)
	at org.python.pydev.editor.codecompletion.revisited.AbstractASTManager.getCompletionsForModule(AbstractASTManager.java:500)
	at org.python.pydev.editor.codecompletion.revisited.AbstractASTManager.internalGenerateGetCompletionsForModule(AbstractASTManager.java:710)
	at org.python.pydev.editor.codecompletion.revisited.AbstractASTManager.getCompletionsForModule(AbstractASTManager.java:545)
	at org.python.pydev.editor.codecompletion.revisited.AbstractASTManager.getCompletionsForModule(AbstractASTManager.java:516)
	at org.python.pydev.editor.codecompletion.revisited.AbstractASTManager.getCompletionsForModule(AbstractASTManager.java:508)
	at org.python.pydev.editor.codecompletion.revisited.modules.AbstractModule.internalGenerateCachedTokens(AbstractModule.java:179)
	at org.python.pydev.editor.codecompletion.revisited.modules.AbstractModule.isInGlobalTokens(AbstractModule.java:135)
	at com.python.pydev.analysis.scopeanalysis.AbstractScopeAnalyzerVisitor.markRead(AbstractScopeAnalyzerVisitor.java:1099)
	at com.python.pydev.analysis.scopeanalysis.AbstractScopeAnalyzerVisitor.visitAttribute(AbstractScopeAnalyzerVisitor.java:627)
	at org.python.pydev.parser.jython.ast.Attribute.accept(Attribute.java:80)
	at org.python.pydev.parser.jython.ast.Call.traverse(Call.java:121)
	at com.python.pydev.analysis.scopeanalysis.AbstractScopeAnalyzerVisitor.traverse(AbstractScopeAnalyzerVisitor.java:191)
	at com.python.pydev.analysis.visitors.OccurrencesVisitor.traverse(OccurrencesVisitor.java:233)
	at org.python.pydev.parser.jython.ast.VisitorBase.visitCall(VisitorBase.java:267)
	at com.python.pydev.analysis.visitors.OccurrencesVisitor.visitCall(OccurrencesVisitor.java:197)
	at org.python.pydev.parser.jython.ast.Call.accept(Call.java:116)
	at com.python.pydev.analysis.scopeanalysis.AbstractScopeAnalyzerVisitor.visitAssign(AbstractScopeAnalyzerVisitor.java:744)
	at com.python.pydev.analysis.visitors.OccurrencesVisitor.visitAssign(OccurrencesVisitor.java:173)
	at org.python.pydev.parser.jython.ast.Assign.accept(Assign.java:81)
	at com.python.pydev.analysis.visitors.OccurrencesVisitor.traverse(OccurrencesVisitor.java:101)
	at com.python.pydev.analysis.visitors.OccurrencesVisitor.traverse(OccurrencesVisitor.java:227)
	at org.python.pydev.parser.jython.ast.VisitorBase.visitIf(VisitorBase.java:99)
	at com.python.pydev.analysis.scopeanalysis.AbstractScopeAnalyzerVisitor.visitIf(AbstractScopeAnalyzerVisitor.java:763)
	at org.python.pydev.parser.jython.ast.If.accept(If.java:89)
	at com.python.pydev.analysis.scopeanalysis.AbstractScopeAnalyzerVisitor.visitFunctionDef(AbstractScopeAnalyzerVisitor.java:366)
	at org.python.pydev.parser.jython.ast.FunctionDef.accept(FunctionDef.java:117)
	at com.python.pydev.analysis.scopeanalysis.AbstractScopeAnalyzerVisitor.visitClassDef(AbstractScopeAnalyzerVisitor.java:225)
	at org.python.pydev.parser.jython.ast.ClassDef.accept(ClassDef.java:150)
	at org.python.pydev.parser.jython.ast.Module.traverse(Module.java:79)
	at com.python.pydev.analysis.scopeanalysis.AbstractScopeAnalyzerVisitor.traverse(AbstractScopeAnalyzerVisitor.java:191)
	at com.python.pydev.analysis.visitors.OccurrencesVisitor.traverse(OccurrencesVisitor.java:233)
	at org.python.pydev.parser.jython.ast.VisitorBase.visitModule(VisitorBase.java:9)
	at org.python.pydev.parser.jython.ast.Module.accept(Module.java:72)
	at com.python.pydev.analysis.OccurrencesAnalyzer.analyzeDocument(OccurrencesAnalyzer.java:47)
	at com.python.pydev.analysis.builder.AnalysisBuilderRunnable.doAnalysis(AnalysisBuilderRunnable.java:242)
	at com.python.pydev.analysis.builder.AbstractAnalysisBuilderRunnable.run(AbstractAnalysisBuilderRunnable.java:156)
	at org.python.pydev.core.concurrency.RunnableAsJobsPoolThread$1.run(RunnableAsJobsPoolThread.java:103)
	at org.eclipse.core.internal.jobs.Worker.run(Worker.java:55)

!ENTRY org.python.pydev.core 4 4 2012-06-10 10:16:17.047
!MESSAGE Error checking for valid tokens (imports) for analsador
!STACK 0
org.python.pydev.core.structure.CompletionRecursionException: Possible recursion found -- probably programming error --  (module: nltk.corpus.reader.util, token: movie_reviews) - stopping analysis.
	at org.python.pydev.editor.codecompletion.revisited.CompletionState.checkFindModuleCompletionsMemory(CompletionState.java:289)
	at org.python.pydev.editor.codecompletion.revisited.AbstractASTManager.internalGenerateGetCompletionsForModule(AbstractASTManager.java:709)
	at org.python.pydev.editor.codecompletion.revisited.AbstractASTManager.getCompletionsForModule(AbstractASTManager.java:545)
	at org.python.pydev.editor.codecompletion.revisited.AbstractASTManager.getCompletionsForModule(AbstractASTManager.java:516)
	at org.python.pydev.editor.codecompletion.revisited.AbstractASTManager.getCompletionsForModule(AbstractASTManager.java:508)
	at org.python.pydev.editor.codecompletion.revisited.AbstractASTManager.getCompletionsForModule(AbstractASTManager.java:500)
	at org.python.pydev.editor.codecompletion.revisited.AbstractASTManager.internalGenerateGetCompletionsForModule(AbstractASTManager.java:710)
	at org.python.pydev.editor.codecompletion.revisited.AbstractASTManager.getCompletionsForModule(AbstractASTManager.java:545)
	at org.python.pydev.editor.codecompletion.revisited.AbstractASTManager.getCompletionsForModule(AbstractASTManager.java:516)
	at org.python.pydev.editor.codecompletion.revisited.AbstractASTManager.getCompletionsForModule(AbstractASTManager.java:508)
	at org.python.pydev.editor.codecompletion.revisited.AbstractASTManager.getCompletionsForModule(AbstractASTManager.java:500)
	at org.python.pydev.editor.codecompletion.revisited.AbstractASTManager.internalGenerateGetCompletionsForModule(AbstractASTManager.java:710)
	at org.python.pydev.editor.codecompletion.revisited.AbstractASTManager.getCompletionsForModule(AbstractASTManager.java:545)
	at org.python.pydev.editor.codecompletion.revisited.AbstractASTManager.getCompletionsForModule(AbstractASTManager.java:516)
	at org.python.pydev.editor.codecompletion.revisited.AbstractASTManager.getCompletionsForModule(AbstractASTManager.java:508)
	at org.python.pydev.editor.codecompletion.revisited.modules.AbstractModule.internalGenerateCachedTokens(AbstractModule.java:179)
	at org.python.pydev.editor.codecompletion.revisited.modules.AbstractModule.isInGlobalTokens(AbstractModule.java:135)
	at com.python.pydev.analysis.scopeanalysis.AbstractScopeAnalyzerVisitor.markRead(AbstractScopeAnalyzerVisitor.java:1099)
	at com.python.pydev.analysis.scopeanalysis.AbstractScopeAnalyzerVisitor.visitAttribute(AbstractScopeAnalyzerVisitor.java:627)
	at org.python.pydev.parser.jython.ast.Attribute.accept(Attribute.java:80)
	at org.python.pydev.parser.jython.ast.Call.traverse(Call.java:121)
	at com.python.pydev.analysis.scopeanalysis.AbstractScopeAnalyzerVisitor.traverse(AbstractScopeAnalyzerVisitor.java:191)
	at org.python.pydev.parser.jython.ast.VisitorBase.visitCall(VisitorBase.java:267)
	at org.python.pydev.parser.jython.ast.Call.accept(Call.java:116)
	at com.python.pydev.analysis.scopeanalysis.AbstractScopeAnalyzerVisitor.visitAssign(AbstractScopeAnalyzerVisitor.java:744)
	at org.python.pydev.parser.jython.ast.Assign.accept(Assign.java:81)
	at org.python.pydev.parser.jython.ast.If.traverse(If.java:99)
	at com.python.pydev.analysis.scopeanalysis.AbstractScopeAnalyzerVisitor.traverse(AbstractScopeAnalyzerVisitor.java:191)
	at org.python.pydev.parser.jython.ast.VisitorBase.visitIf(VisitorBase.java:99)
	at com.python.pydev.analysis.scopeanalysis.AbstractScopeAnalyzerVisitor.visitIf(AbstractScopeAnalyzerVisitor.java:763)
	at org.python.pydev.parser.jython.ast.If.accept(If.java:89)
	at com.python.pydev.analysis.scopeanalysis.AbstractScopeAnalyzerVisitor.visitFunctionDef(AbstractScopeAnalyzerVisitor.java:366)
	at org.python.pydev.parser.jython.ast.FunctionDef.accept(FunctionDef.java:117)
	at com.python.pydev.analysis.scopeanalysis.AbstractScopeAnalyzerVisitor.visitClassDef(AbstractScopeAnalyzerVisitor.java:225)
	at org.python.pydev.parser.jython.ast.ClassDef.accept(ClassDef.java:150)
	at org.python.pydev.parser.jython.ast.Module.traverse(Module.java:79)
	at com.python.pydev.analysis.scopeanalysis.AbstractScopeAnalyzerVisitor.traverse(AbstractScopeAnalyzerVisitor.java:191)
	at org.python.pydev.parser.jython.ast.VisitorBase.visitModule(VisitorBase.java:9)
	at org.python.pydev.parser.jython.ast.Module.accept(Module.java:72)
	at com.python.pydev.refactoring.wizards.rename.AbstractRenameRefactorProcess.getOccurrencesWithScopeAnalyzer(AbstractRenameRefactorProcess.java:260)
	at com.python.pydev.refactoring.wizards.rename.PyRenameAnyLocalProcess.findReferencesToRenameOnLocalScope(PyRenameAnyLocalProcess.java:39)
	at com.python.pydev.refactoring.wizards.rename.AbstractRenameRefactorProcess.findReferencesToRename(AbstractRenameRefactorProcess.java:179)
	at com.python.pydev.refactoring.wizards.rename.PyRenameEntryPoint.checkFinalConditions(PyRenameEntryPoint.java:256)
	at com.python.pydev.refactoring.wizards.rename.PyRenameEntryPoint.checkFinalConditions(PyRenameEntryPoint.java:225)
	at com.python.pydev.refactoring.markoccurrences.MarkOccurrencesJob.checkAnnotations(MarkOccurrencesJob.java:227)
	at com.python.pydev.refactoring.markoccurrences.MarkOccurrencesJob.run(MarkOccurrencesJob.java:129)
	at org.eclipse.core.internal.jobs.Worker.run(Worker.java:55)

!ENTRY org.python.pydev.core 4 4 2012-06-10 10:16:41.105
!MESSAGE Error checking for valid tokens (imports) for analsador
!STACK 0
org.python.pydev.core.structure.CompletionRecursionException: Possible recursion found -- probably programming error --  (module: nltk.corpus.reader.util, token: movie_reviews) - stopping analysis.
	at org.python.pydev.editor.codecompletion.revisited.CompletionState.checkFindModuleCompletionsMemory(CompletionState.java:289)
	at org.python.pydev.editor.codecompletion.revisited.AbstractASTManager.internalGenerateGetCompletionsForModule(AbstractASTManager.java:709)
	at org.python.pydev.editor.codecompletion.revisited.AbstractASTManager.getCompletionsForModule(AbstractASTManager.java:545)
	at org.python.pydev.editor.codecompletion.revisited.AbstractASTManager.getCompletionsForModule(AbstractASTManager.java:516)
	at org.python.pydev.editor.codecompletion.revisited.AbstractASTManager.getCompletionsForModule(AbstractASTManager.java:508)
	at org.python.pydev.editor.codecompletion.revisited.AbstractASTManager.getCompletionsForModule(AbstractASTManager.java:500)
	at org.python.pydev.editor.codecompletion.revisited.AbstractASTManager.internalGenerateGetCompletionsForModule(AbstractASTManager.java:710)
	at org.python.pydev.editor.codecompletion.revisited.AbstractASTManager.getCompletionsForModule(AbstractASTManager.java:545)
	at org.python.pydev.editor.codecompletion.revisited.AbstractASTManager.getCompletionsForModule(AbstractASTManager.java:516)
	at org.python.pydev.editor.codecompletion.revisited.AbstractASTManager.getCompletionsForModule(AbstractASTManager.java:508)
	at org.python.pydev.editor.codecompletion.revisited.AbstractASTManager.getCompletionsForModule(AbstractASTManager.java:500)
	at org.python.pydev.editor.codecompletion.revisited.AbstractASTManager.internalGenerateGetCompletionsForModule(AbstractASTManager.java:710)
	at org.python.pydev.editor.codecompletion.revisited.AbstractASTManager.getCompletionsForModule(AbstractASTManager.java:545)
	at org.python.pydev.editor.codecompletion.revisited.AbstractASTManager.getCompletionsForModule(AbstractASTManager.java:516)
	at org.python.pydev.editor.codecompletion.revisited.AbstractASTManager.getCompletionsForModule(AbstractASTManager.java:508)
	at org.python.pydev.editor.codecompletion.revisited.modules.AbstractModule.internalGenerateCachedTokens(AbstractModule.java:179)
	at org.python.pydev.editor.codecompletion.revisited.modules.AbstractModule.isInGlobalTokens(AbstractModule.java:135)
	at com.python.pydev.analysis.scopeanalysis.AbstractScopeAnalyzerVisitor.markRead(AbstractScopeAnalyzerVisitor.java:1099)
	at com.python.pydev.analysis.scopeanalysis.AbstractScopeAnalyzerVisitor.visitAttribute(AbstractScopeAnalyzerVisitor.java:627)
	at org.python.pydev.parser.jython.ast.Attribute.accept(Attribute.java:80)
	at org.python.pydev.parser.jython.ast.Call.traverse(Call.java:121)
	at com.python.pydev.analysis.scopeanalysis.AbstractScopeAnalyzerVisitor.traverse(AbstractScopeAnalyzerVisitor.java:191)
	at org.python.pydev.parser.jython.ast.VisitorBase.visitCall(VisitorBase.java:267)
	at org.python.pydev.parser.jython.ast.Call.accept(Call.java:116)
	at com.python.pydev.analysis.scopeanalysis.AbstractScopeAnalyzerVisitor.visitAssign(AbstractScopeAnalyzerVisitor.java:744)
	at org.python.pydev.parser.jython.ast.Assign.accept(Assign.java:81)
	at org.python.pydev.parser.jython.ast.If.traverse(If.java:99)
	at com.python.pydev.analysis.scopeanalysis.AbstractScopeAnalyzerVisitor.traverse(AbstractScopeAnalyzerVisitor.java:191)
	at org.python.pydev.parser.jython.ast.VisitorBase.visitIf(VisitorBase.java:99)
	at com.python.pydev.analysis.scopeanalysis.AbstractScopeAnalyzerVisitor.visitIf(AbstractScopeAnalyzerVisitor.java:763)
	at org.python.pydev.parser.jython.ast.If.accept(If.java:89)
	at com.python.pydev.analysis.scopeanalysis.AbstractScopeAnalyzerVisitor.visitFunctionDef(AbstractScopeAnalyzerVisitor.java:366)
	at org.python.pydev.parser.jython.ast.FunctionDef.accept(FunctionDef.java:117)
	at com.python.pydev.analysis.scopeanalysis.AbstractScopeAnalyzerVisitor.visitClassDef(AbstractScopeAnalyzerVisitor.java:225)
	at org.python.pydev.parser.jython.ast.ClassDef.accept(ClassDef.java:150)
	at org.python.pydev.parser.jython.ast.Module.traverse(Module.java:79)
	at com.python.pydev.analysis.scopeanalysis.AbstractScopeAnalyzerVisitor.traverse(AbstractScopeAnalyzerVisitor.java:191)
	at org.python.pydev.parser.jython.ast.VisitorBase.visitModule(VisitorBase.java:9)
	at org.python.pydev.parser.jython.ast.Module.accept(Module.java:72)
	at com.python.pydev.refactoring.wizards.rename.AbstractRenameRefactorProcess.getOccurrencesWithScopeAnalyzer(AbstractRenameRefactorProcess.java:260)
	at com.python.pydev.refactoring.wizards.rename.PyRenameAnyLocalProcess.findReferencesToRenameOnLocalScope(PyRenameAnyLocalProcess.java:39)
	at com.python.pydev.refactoring.wizards.rename.AbstractRenameRefactorProcess.findReferencesToRename(AbstractRenameRefactorProcess.java:179)
	at com.python.pydev.refactoring.wizards.rename.PyRenameEntryPoint.checkFinalConditions(PyRenameEntryPoint.java:256)
	at com.python.pydev.refactoring.wizards.rename.PyRenameEntryPoint.checkFinalConditions(PyRenameEntryPoint.java:225)
	at com.python.pydev.refactoring.markoccurrences.MarkOccurrencesJob.checkAnnotations(MarkOccurrencesJob.java:227)
	at com.python.pydev.refactoring.markoccurrences.MarkOccurrencesJob.run(MarkOccurrencesJob.java:129)
	at org.eclipse.core.internal.jobs.Worker.run(Worker.java:55)

!ENTRY org.python.pydev.core 4 4 2012-06-10 10:17:07.555
!MESSAGE Error checking for valid tokens (imports) for analsador
!STACK 0
org.python.pydev.core.structure.CompletionRecursionException: Possible recursion found -- probably programming error --  (module: nltk.corpus.reader.util, token: movie_reviews) - stopping analysis.
	at org.python.pydev.editor.codecompletion.revisited.CompletionState.checkFindModuleCompletionsMemory(CompletionState.java:289)
	at org.python.pydev.editor.codecompletion.revisited.AbstractASTManager.internalGenerateGetCompletionsForModule(AbstractASTManager.java:709)
	at org.python.pydev.editor.codecompletion.revisited.AbstractASTManager.getCompletionsForModule(AbstractASTManager.java:545)
	at org.python.pydev.editor.codecompletion.revisited.AbstractASTManager.getCompletionsForModule(AbstractASTManager.java:516)
	at org.python.pydev.editor.codecompletion.revisited.AbstractASTManager.getCompletionsForModule(AbstractASTManager.java:508)
	at org.python.pydev.editor.codecompletion.revisited.AbstractASTManager.getCompletionsForModule(AbstractASTManager.java:500)
	at org.python.pydev.editor.codecompletion.revisited.AbstractASTManager.internalGenerateGetCompletionsForModule(AbstractASTManager.java:710)
	at org.python.pydev.editor.codecompletion.revisited.AbstractASTManager.getCompletionsForModule(AbstractASTManager.java:545)
	at org.python.pydev.editor.codecompletion.revisited.AbstractASTManager.getCompletionsForModule(AbstractASTManager.java:516)
	at org.python.pydev.editor.codecompletion.revisited.AbstractASTManager.getCompletionsForModule(AbstractASTManager.java:508)
	at org.python.pydev.editor.codecompletion.revisited.AbstractASTManager.getCompletionsForModule(AbstractASTManager.java:500)
	at org.python.pydev.editor.codecompletion.revisited.AbstractASTManager.internalGenerateGetCompletionsForModule(AbstractASTManager.java:710)
	at org.python.pydev.editor.codecompletion.revisited.AbstractASTManager.getCompletionsForModule(AbstractASTManager.java:545)
	at org.python.pydev.editor.codecompletion.revisited.AbstractASTManager.getCompletionsForModule(AbstractASTManager.java:516)
	at org.python.pydev.editor.codecompletion.revisited.AbstractASTManager.getCompletionsForModule(AbstractASTManager.java:508)
	at org.python.pydev.editor.codecompletion.revisited.modules.AbstractModule.internalGenerateCachedTokens(AbstractModule.java:179)
	at org.python.pydev.editor.codecompletion.revisited.modules.AbstractModule.isInGlobalTokens(AbstractModule.java:135)
	at com.python.pydev.analysis.scopeanalysis.AbstractScopeAnalyzerVisitor.markRead(AbstractScopeAnalyzerVisitor.java:1099)
	at com.python.pydev.analysis.scopeanalysis.AbstractScopeAnalyzerVisitor.visitAttribute(AbstractScopeAnalyzerVisitor.java:627)
	at org.python.pydev.parser.jython.ast.Attribute.accept(Attribute.java:80)
	at org.python.pydev.parser.jython.ast.Call.traverse(Call.java:121)
	at com.python.pydev.analysis.scopeanalysis.AbstractScopeAnalyzerVisitor.traverse(AbstractScopeAnalyzerVisitor.java:191)
	at org.python.pydev.parser.jython.ast.VisitorBase.visitCall(VisitorBase.java:267)
	at org.python.pydev.parser.jython.ast.Call.accept(Call.java:116)
	at com.python.pydev.analysis.scopeanalysis.AbstractScopeAnalyzerVisitor.visitAssign(AbstractScopeAnalyzerVisitor.java:744)
	at org.python.pydev.parser.jython.ast.Assign.accept(Assign.java:81)
	at org.python.pydev.parser.jython.ast.If.traverse(If.java:99)
	at com.python.pydev.analysis.scopeanalysis.AbstractScopeAnalyzerVisitor.traverse(AbstractScopeAnalyzerVisitor.java:191)
	at org.python.pydev.parser.jython.ast.VisitorBase.visitIf(VisitorBase.java:99)
	at com.python.pydev.analysis.scopeanalysis.AbstractScopeAnalyzerVisitor.visitIf(AbstractScopeAnalyzerVisitor.java:763)
	at org.python.pydev.parser.jython.ast.If.accept(If.java:89)
	at com.python.pydev.analysis.scopeanalysis.AbstractScopeAnalyzerVisitor.visitFunctionDef(AbstractScopeAnalyzerVisitor.java:366)
	at org.python.pydev.parser.jython.ast.FunctionDef.accept(FunctionDef.java:117)
	at com.python.pydev.analysis.scopeanalysis.AbstractScopeAnalyzerVisitor.visitClassDef(AbstractScopeAnalyzerVisitor.java:225)
	at org.python.pydev.parser.jython.ast.ClassDef.accept(ClassDef.java:150)
	at org.python.pydev.parser.jython.ast.Module.traverse(Module.java:79)
	at com.python.pydev.analysis.scopeanalysis.AbstractScopeAnalyzerVisitor.traverse(AbstractScopeAnalyzerVisitor.java:191)
	at org.python.pydev.parser.jython.ast.VisitorBase.visitModule(VisitorBase.java:9)
	at org.python.pydev.parser.jython.ast.Module.accept(Module.java:72)
	at com.python.pydev.refactoring.wizards.rename.AbstractRenameRefactorProcess.getOccurrencesWithScopeAnalyzer(AbstractRenameRefactorProcess.java:260)
	at com.python.pydev.refactoring.wizards.rename.PyRenameAnyLocalProcess.findReferencesToRenameOnLocalScope(PyRenameAnyLocalProcess.java:39)
	at com.python.pydev.refactoring.wizards.rename.AbstractRenameRefactorProcess.findReferencesToRename(AbstractRenameRefactorProcess.java:179)
	at com.python.pydev.refactoring.wizards.rename.PyRenameEntryPoint.checkFinalConditions(PyRenameEntryPoint.java:256)
	at com.python.pydev.refactoring.wizards.rename.PyRenameEntryPoint.checkFinalConditions(PyRenameEntryPoint.java:225)
	at com.python.pydev.refactoring.markoccurrences.MarkOccurrencesJob.checkAnnotations(MarkOccurrencesJob.java:227)
	at com.python.pydev.refactoring.markoccurrences.MarkOccurrencesJob.run(MarkOccurrencesJob.java:129)
	at org.eclipse.core.internal.jobs.Worker.run(Worker.java:55)

!ENTRY org.python.pydev.core 4 4 2012-06-10 10:17:53.023
!MESSAGE Error checking for valid tokens (imports) for analsador
!STACK 0
org.python.pydev.core.structure.CompletionRecursionException: Possible recursion found -- probably programming error --  (module: nltk.corpus.reader.util, token: movie_reviews) - stopping analysis.
	at org.python.pydev.editor.codecompletion.revisited.CompletionState.checkFindModuleCompletionsMemory(CompletionState.java:289)
	at org.python.pydev.editor.codecompletion.revisited.AbstractASTManager.internalGenerateGetCompletionsForModule(AbstractASTManager.java:709)
	at org.python.pydev.editor.codecompletion.revisited.AbstractASTManager.getCompletionsForModule(AbstractASTManager.java:545)
	at org.python.pydev.editor.codecompletion.revisited.AbstractASTManager.getCompletionsForModule(AbstractASTManager.java:516)
	at org.python.pydev.editor.codecompletion.revisited.AbstractASTManager.getCompletionsForModule(AbstractASTManager.java:508)
	at org.python.pydev.editor.codecompletion.revisited.AbstractASTManager.getCompletionsForModule(AbstractASTManager.java:500)
	at org.python.pydev.editor.codecompletion.revisited.AbstractASTManager.internalGenerateGetCompletionsForModule(AbstractASTManager.java:710)
	at org.python.pydev.editor.codecompletion.revisited.AbstractASTManager.getCompletionsForModule(AbstractASTManager.java:545)
	at org.python.pydev.editor.codecompletion.revisited.AbstractASTManager.getCompletionsForModule(AbstractASTManager.java:516)
	at org.python.pydev.editor.codecompletion.revisited.AbstractASTManager.getCompletionsForModule(AbstractASTManager.java:508)
	at org.python.pydev.editor.codecompletion.revisited.AbstractASTManager.getCompletionsForModule(AbstractASTManager.java:500)
	at org.python.pydev.editor.codecompletion.revisited.AbstractASTManager.internalGenerateGetCompletionsForModule(AbstractASTManager.java:710)
	at org.python.pydev.editor.codecompletion.revisited.AbstractASTManager.getCompletionsForModule(AbstractASTManager.java:545)
	at org.python.pydev.editor.codecompletion.revisited.AbstractASTManager.getCompletionsForModule(AbstractASTManager.java:516)
	at org.python.pydev.editor.codecompletion.revisited.AbstractASTManager.getCompletionsForModule(AbstractASTManager.java:508)
	at org.python.pydev.editor.codecompletion.revisited.modules.AbstractModule.internalGenerateCachedTokens(AbstractModule.java:179)
	at org.python.pydev.editor.codecompletion.revisited.modules.AbstractModule.isInGlobalTokens(AbstractModule.java:135)
	at com.python.pydev.analysis.scopeanalysis.AbstractScopeAnalyzerVisitor.markRead(AbstractScopeAnalyzerVisitor.java:1099)
	at com.python.pydev.analysis.scopeanalysis.AbstractScopeAnalyzerVisitor.visitAttribute(AbstractScopeAnalyzerVisitor.java:627)
	at org.python.pydev.parser.jython.ast.Attribute.accept(Attribute.java:80)
	at org.python.pydev.parser.jython.ast.Call.traverse(Call.java:121)
	at com.python.pydev.analysis.scopeanalysis.AbstractScopeAnalyzerVisitor.traverse(AbstractScopeAnalyzerVisitor.java:191)
	at com.python.pydev.analysis.visitors.OccurrencesVisitor.traverse(OccurrencesVisitor.java:233)
	at org.python.pydev.parser.jython.ast.VisitorBase.visitCall(VisitorBase.java:267)
	at com.python.pydev.analysis.visitors.OccurrencesVisitor.visitCall(OccurrencesVisitor.java:197)
	at org.python.pydev.parser.jython.ast.Call.accept(Call.java:116)
	at com.python.pydev.analysis.scopeanalysis.AbstractScopeAnalyzerVisitor.visitAssign(AbstractScopeAnalyzerVisitor.java:744)
	at com.python.pydev.analysis.visitors.OccurrencesVisitor.visitAssign(OccurrencesVisitor.java:173)
	at org.python.pydev.parser.jython.ast.Assign.accept(Assign.java:81)
	at com.python.pydev.analysis.visitors.OccurrencesVisitor.traverse(OccurrencesVisitor.java:101)
	at com.python.pydev.analysis.visitors.OccurrencesVisitor.traverse(OccurrencesVisitor.java:227)
	at org.python.pydev.parser.jython.ast.VisitorBase.visitIf(VisitorBase.java:99)
	at com.python.pydev.analysis.scopeanalysis.AbstractScopeAnalyzerVisitor.visitIf(AbstractScopeAnalyzerVisitor.java:763)
	at org.python.pydev.parser.jython.ast.If.accept(If.java:89)
	at com.python.pydev.analysis.scopeanalysis.AbstractScopeAnalyzerVisitor.visitFunctionDef(AbstractScopeAnalyzerVisitor.java:366)
	at org.python.pydev.parser.jython.ast.FunctionDef.accept(FunctionDef.java:117)
	at com.python.pydev.analysis.scopeanalysis.AbstractScopeAnalyzerVisitor.visitClassDef(AbstractScopeAnalyzerVisitor.java:225)
	at org.python.pydev.parser.jython.ast.ClassDef.accept(ClassDef.java:150)
	at org.python.pydev.parser.jython.ast.Module.traverse(Module.java:79)
	at com.python.pydev.analysis.scopeanalysis.AbstractScopeAnalyzerVisitor.traverse(AbstractScopeAnalyzerVisitor.java:191)
	at com.python.pydev.analysis.visitors.OccurrencesVisitor.traverse(OccurrencesVisitor.java:233)
	at org.python.pydev.parser.jython.ast.VisitorBase.visitModule(VisitorBase.java:9)
	at org.python.pydev.parser.jython.ast.Module.accept(Module.java:72)
	at com.python.pydev.analysis.OccurrencesAnalyzer.analyzeDocument(OccurrencesAnalyzer.java:47)
	at com.python.pydev.analysis.builder.AnalysisBuilderRunnable.doAnalysis(AnalysisBuilderRunnable.java:242)
	at com.python.pydev.analysis.builder.AbstractAnalysisBuilderRunnable.run(AbstractAnalysisBuilderRunnable.java:156)
	at org.python.pydev.core.concurrency.RunnableAsJobsPoolThread$1.run(RunnableAsJobsPoolThread.java:103)
	at org.eclipse.core.internal.jobs.Worker.run(Worker.java:55)

!ENTRY org.python.pydev.core 4 4 2012-06-10 10:18:16.110
!MESSAGE Error checking for valid tokens (imports) for analsador
!STACK 0
org.python.pydev.core.structure.CompletionRecursionException: Possible recursion found -- probably programming error --  (module: nltk.corpus.reader.util, token: movie_reviews) - stopping analysis.
	at org.python.pydev.editor.codecompletion.revisited.CompletionState.checkFindModuleCompletionsMemory(CompletionState.java:289)
	at org.python.pydev.editor.codecompletion.revisited.AbstractASTManager.internalGenerateGetCompletionsForModule(AbstractASTManager.java:709)
	at org.python.pydev.editor.codecompletion.revisited.AbstractASTManager.getCompletionsForModule(AbstractASTManager.java:545)
	at org.python.pydev.editor.codecompletion.revisited.AbstractASTManager.getCompletionsForModule(AbstractASTManager.java:516)
	at org.python.pydev.editor.codecompletion.revisited.AbstractASTManager.getCompletionsForModule(AbstractASTManager.java:508)
	at org.python.pydev.editor.codecompletion.revisited.AbstractASTManager.getCompletionsForModule(AbstractASTManager.java:500)
	at org.python.pydev.editor.codecompletion.revisited.AbstractASTManager.internalGenerateGetCompletionsForModule(AbstractASTManager.java:710)
	at org.python.pydev.editor.codecompletion.revisited.AbstractASTManager.getCompletionsForModule(AbstractASTManager.java:545)
	at org.python.pydev.editor.codecompletion.revisited.AbstractASTManager.getCompletionsForModule(AbstractASTManager.java:516)
	at org.python.pydev.editor.codecompletion.revisited.AbstractASTManager.getCompletionsForModule(AbstractASTManager.java:508)
	at org.python.pydev.editor.codecompletion.revisited.AbstractASTManager.getCompletionsForModule(AbstractASTManager.java:500)
	at org.python.pydev.editor.codecompletion.revisited.AbstractASTManager.internalGenerateGetCompletionsForModule(AbstractASTManager.java:710)
	at org.python.pydev.editor.codecompletion.revisited.AbstractASTManager.getCompletionsForModule(AbstractASTManager.java:545)
	at org.python.pydev.editor.codecompletion.revisited.AbstractASTManager.getCompletionsForModule(AbstractASTManager.java:516)
	at org.python.pydev.editor.codecompletion.revisited.AbstractASTManager.getCompletionsForModule(AbstractASTManager.java:508)
	at org.python.pydev.editor.codecompletion.revisited.modules.AbstractModule.internalGenerateCachedTokens(AbstractModule.java:179)
	at org.python.pydev.editor.codecompletion.revisited.modules.AbstractModule.isInGlobalTokens(AbstractModule.java:135)
	at com.python.pydev.analysis.scopeanalysis.AbstractScopeAnalyzerVisitor.markRead(AbstractScopeAnalyzerVisitor.java:1099)
	at com.python.pydev.analysis.scopeanalysis.AbstractScopeAnalyzerVisitor.visitAttribute(AbstractScopeAnalyzerVisitor.java:627)
	at org.python.pydev.parser.jython.ast.Attribute.accept(Attribute.java:80)
	at org.python.pydev.parser.jython.ast.Call.traverse(Call.java:121)
	at com.python.pydev.analysis.scopeanalysis.AbstractScopeAnalyzerVisitor.traverse(AbstractScopeAnalyzerVisitor.java:191)
	at com.python.pydev.analysis.visitors.OccurrencesVisitor.traverse(OccurrencesVisitor.java:233)
	at org.python.pydev.parser.jython.ast.VisitorBase.visitCall(VisitorBase.java:267)
	at com.python.pydev.analysis.visitors.OccurrencesVisitor.visitCall(OccurrencesVisitor.java:197)
	at org.python.pydev.parser.jython.ast.Call.accept(Call.java:116)
	at com.python.pydev.analysis.scopeanalysis.AbstractScopeAnalyzerVisitor.visitAssign(AbstractScopeAnalyzerVisitor.java:744)
	at com.python.pydev.analysis.visitors.OccurrencesVisitor.visitAssign(OccurrencesVisitor.java:173)
	at org.python.pydev.parser.jython.ast.Assign.accept(Assign.java:81)
	at com.python.pydev.analysis.visitors.OccurrencesVisitor.traverse(OccurrencesVisitor.java:101)
	at com.python.pydev.analysis.visitors.OccurrencesVisitor.traverse(OccurrencesVisitor.java:227)
	at org.python.pydev.parser.jython.ast.VisitorBase.visitIf(VisitorBase.java:99)
	at com.python.pydev.analysis.scopeanalysis.AbstractScopeAnalyzerVisitor.visitIf(AbstractScopeAnalyzerVisitor.java:763)
	at org.python.pydev.parser.jython.ast.If.accept(If.java:89)
	at com.python.pydev.analysis.scopeanalysis.AbstractScopeAnalyzerVisitor.visitFunctionDef(AbstractScopeAnalyzerVisitor.java:366)
	at org.python.pydev.parser.jython.ast.FunctionDef.accept(FunctionDef.java:117)
	at com.python.pydev.analysis.scopeanalysis.AbstractScopeAnalyzerVisitor.visitClassDef(AbstractScopeAnalyzerVisitor.java:225)
	at org.python.pydev.parser.jython.ast.ClassDef.accept(ClassDef.java:150)
	at org.python.pydev.parser.jython.ast.Module.traverse(Module.java:79)
	at com.python.pydev.analysis.scopeanalysis.AbstractScopeAnalyzerVisitor.traverse(AbstractScopeAnalyzerVisitor.java:191)
	at com.python.pydev.analysis.visitors.OccurrencesVisitor.traverse(OccurrencesVisitor.java:233)
	at org.python.pydev.parser.jython.ast.VisitorBase.visitModule(VisitorBase.java:9)
	at org.python.pydev.parser.jython.ast.Module.accept(Module.java:72)
	at com.python.pydev.analysis.OccurrencesAnalyzer.analyzeDocument(OccurrencesAnalyzer.java:47)
	at com.python.pydev.analysis.builder.AnalysisBuilderRunnable.doAnalysis(AnalysisBuilderRunnable.java:242)
	at com.python.pydev.analysis.builder.AbstractAnalysisBuilderRunnable.run(AbstractAnalysisBuilderRunnable.java:156)
	at org.python.pydev.core.concurrency.RunnableAsJobsPoolThread$1.run(RunnableAsJobsPoolThread.java:103)
	at org.eclipse.core.internal.jobs.Worker.run(Worker.java:55)

!ENTRY org.python.pydev.core 4 4 2012-06-10 10:18:37.108
!MESSAGE Error checking for valid tokens (imports) for analsador
!STACK 0
org.python.pydev.core.structure.CompletionRecursionException: Possible recursion found -- probably programming error --  (module: nltk.corpus.reader.util, token: movie_reviews) - stopping analysis.
	at org.python.pydev.editor.codecompletion.revisited.CompletionState.checkFindModuleCompletionsMemory(CompletionState.java:289)
	at org.python.pydev.editor.codecompletion.revisited.AbstractASTManager.internalGenerateGetCompletionsForModule(AbstractASTManager.java:709)
	at org.python.pydev.editor.codecompletion.revisited.AbstractASTManager.getCompletionsForModule(AbstractASTManager.java:545)
	at org.python.pydev.editor.codecompletion.revisited.AbstractASTManager.getCompletionsForModule(AbstractASTManager.java:516)
	at org.python.pydev.editor.codecompletion.revisited.AbstractASTManager.getCompletionsForModule(AbstractASTManager.java:508)
	at org.python.pydev.editor.codecompletion.revisited.AbstractASTManager.getCompletionsForModule(AbstractASTManager.java:500)
	at org.python.pydev.editor.codecompletion.revisited.AbstractASTManager.internalGenerateGetCompletionsForModule(AbstractASTManager.java:710)
	at org.python.pydev.editor.codecompletion.revisited.AbstractASTManager.getCompletionsForModule(AbstractASTManager.java:545)
	at org.python.pydev.editor.codecompletion.revisited.AbstractASTManager.getCompletionsForModule(AbstractASTManager.java:516)
	at org.python.pydev.editor.codecompletion.revisited.AbstractASTManager.getCompletionsForModule(AbstractASTManager.java:508)
	at org.python.pydev.editor.codecompletion.revisited.AbstractASTManager.getCompletionsForModule(AbstractASTManager.java:500)
	at org.python.pydev.editor.codecompletion.revisited.AbstractASTManager.internalGenerateGetCompletionsForModule(AbstractASTManager.java:710)
	at org.python.pydev.editor.codecompletion.revisited.AbstractASTManager.getCompletionsForModule(AbstractASTManager.java:545)
	at org.python.pydev.editor.codecompletion.revisited.AbstractASTManager.getCompletionsForModule(AbstractASTManager.java:516)
	at org.python.pydev.editor.codecompletion.revisited.AbstractASTManager.getCompletionsForModule(AbstractASTManager.java:508)
	at org.python.pydev.editor.codecompletion.revisited.modules.AbstractModule.internalGenerateCachedTokens(AbstractModule.java:179)
	at org.python.pydev.editor.codecompletion.revisited.modules.AbstractModule.isInGlobalTokens(AbstractModule.java:135)
	at com.python.pydev.analysis.scopeanalysis.AbstractScopeAnalyzerVisitor.markRead(AbstractScopeAnalyzerVisitor.java:1099)
	at com.python.pydev.analysis.scopeanalysis.AbstractScopeAnalyzerVisitor.visitAttribute(AbstractScopeAnalyzerVisitor.java:627)
	at org.python.pydev.parser.jython.ast.Attribute.accept(Attribute.java:80)
	at org.python.pydev.parser.jython.ast.Call.traverse(Call.java:121)
	at com.python.pydev.analysis.scopeanalysis.AbstractScopeAnalyzerVisitor.traverse(AbstractScopeAnalyzerVisitor.java:191)
	at com.python.pydev.analysis.visitors.OccurrencesVisitor.traverse(OccurrencesVisitor.java:233)
	at org.python.pydev.parser.jython.ast.VisitorBase.visitCall(VisitorBase.java:267)
	at com.python.pydev.analysis.visitors.OccurrencesVisitor.visitCall(OccurrencesVisitor.java:197)
	at org.python.pydev.parser.jython.ast.Call.accept(Call.java:116)
	at com.python.pydev.analysis.scopeanalysis.AbstractScopeAnalyzerVisitor.visitAssign(AbstractScopeAnalyzerVisitor.java:744)
	at com.python.pydev.analysis.visitors.OccurrencesVisitor.visitAssign(OccurrencesVisitor.java:173)
	at org.python.pydev.parser.jython.ast.Assign.accept(Assign.java:81)
	at com.python.pydev.analysis.visitors.OccurrencesVisitor.traverse(OccurrencesVisitor.java:101)
	at com.python.pydev.analysis.visitors.OccurrencesVisitor.traverse(OccurrencesVisitor.java:227)
	at org.python.pydev.parser.jython.ast.VisitorBase.visitIf(VisitorBase.java:99)
	at com.python.pydev.analysis.scopeanalysis.AbstractScopeAnalyzerVisitor.visitIf(AbstractScopeAnalyzerVisitor.java:763)
	at org.python.pydev.parser.jython.ast.If.accept(If.java:89)
	at com.python.pydev.analysis.scopeanalysis.AbstractScopeAnalyzerVisitor.visitFunctionDef(AbstractScopeAnalyzerVisitor.java:366)
	at org.python.pydev.parser.jython.ast.FunctionDef.accept(FunctionDef.java:117)
	at com.python.pydev.analysis.scopeanalysis.AbstractScopeAnalyzerVisitor.visitClassDef(AbstractScopeAnalyzerVisitor.java:225)
	at org.python.pydev.parser.jython.ast.ClassDef.accept(ClassDef.java:150)
	at org.python.pydev.parser.jython.ast.Module.traverse(Module.java:79)
	at com.python.pydev.analysis.scopeanalysis.AbstractScopeAnalyzerVisitor.traverse(AbstractScopeAnalyzerVisitor.java:191)
	at com.python.pydev.analysis.visitors.OccurrencesVisitor.traverse(OccurrencesVisitor.java:233)
	at org.python.pydev.parser.jython.ast.VisitorBase.visitModule(VisitorBase.java:9)
	at org.python.pydev.parser.jython.ast.Module.accept(Module.java:72)
	at com.python.pydev.analysis.OccurrencesAnalyzer.analyzeDocument(OccurrencesAnalyzer.java:47)
	at com.python.pydev.analysis.builder.AnalysisBuilderRunnable.doAnalysis(AnalysisBuilderRunnable.java:242)
	at com.python.pydev.analysis.builder.AbstractAnalysisBuilderRunnable.run(AbstractAnalysisBuilderRunnable.java:156)
	at org.python.pydev.core.concurrency.RunnableAsJobsPoolThread$1.run(RunnableAsJobsPoolThread.java:103)
	at org.eclipse.core.internal.jobs.Worker.run(Worker.java:55)

!ENTRY org.python.pydev.core 4 4 2012-06-10 10:18:57.699
!MESSAGE Error checking for valid tokens (imports) for analsador
!STACK 0
org.python.pydev.core.structure.CompletionRecursionException: Possible recursion found -- probably programming error --  (module: nltk.corpus.reader.util, token: movie_reviews) - stopping analysis.
	at org.python.pydev.editor.codecompletion.revisited.CompletionState.checkFindModuleCompletionsMemory(CompletionState.java:289)
	at org.python.pydev.editor.codecompletion.revisited.AbstractASTManager.internalGenerateGetCompletionsForModule(AbstractASTManager.java:709)
	at org.python.pydev.editor.codecompletion.revisited.AbstractASTManager.getCompletionsForModule(AbstractASTManager.java:545)
	at org.python.pydev.editor.codecompletion.revisited.AbstractASTManager.getCompletionsForModule(AbstractASTManager.java:516)
	at org.python.pydev.editor.codecompletion.revisited.AbstractASTManager.getCompletionsForModule(AbstractASTManager.java:508)
	at org.python.pydev.editor.codecompletion.revisited.AbstractASTManager.getCompletionsForModule(AbstractASTManager.java:500)
	at org.python.pydev.editor.codecompletion.revisited.AbstractASTManager.internalGenerateGetCompletionsForModule(AbstractASTManager.java:710)
	at org.python.pydev.editor.codecompletion.revisited.AbstractASTManager.getCompletionsForModule(AbstractASTManager.java:545)
	at org.python.pydev.editor.codecompletion.revisited.AbstractASTManager.getCompletionsForModule(AbstractASTManager.java:516)
	at org.python.pydev.editor.codecompletion.revisited.AbstractASTManager.getCompletionsForModule(AbstractASTManager.java:508)
	at org.python.pydev.editor.codecompletion.revisited.AbstractASTManager.getCompletionsForModule(AbstractASTManager.java:500)
	at org.python.pydev.editor.codecompletion.revisited.AbstractASTManager.internalGenerateGetCompletionsForModule(AbstractASTManager.java:710)
	at org.python.pydev.editor.codecompletion.revisited.AbstractASTManager.getCompletionsForModule(AbstractASTManager.java:545)
	at org.python.pydev.editor.codecompletion.revisited.AbstractASTManager.getCompletionsForModule(AbstractASTManager.java:516)
	at org.python.pydev.editor.codecompletion.revisited.AbstractASTManager.getCompletionsForModule(AbstractASTManager.java:508)
	at org.python.pydev.editor.codecompletion.revisited.modules.AbstractModule.internalGenerateCachedTokens(AbstractModule.java:179)
	at org.python.pydev.editor.codecompletion.revisited.modules.AbstractModule.isInGlobalTokens(AbstractModule.java:135)
	at com.python.pydev.analysis.scopeanalysis.AbstractScopeAnalyzerVisitor.markRead(AbstractScopeAnalyzerVisitor.java:1099)
	at com.python.pydev.analysis.scopeanalysis.AbstractScopeAnalyzerVisitor.visitAttribute(AbstractScopeAnalyzerVisitor.java:627)
	at org.python.pydev.parser.jython.ast.Attribute.accept(Attribute.java:80)
	at org.python.pydev.parser.jython.ast.Call.traverse(Call.java:121)
	at com.python.pydev.analysis.scopeanalysis.AbstractScopeAnalyzerVisitor.traverse(AbstractScopeAnalyzerVisitor.java:191)
	at com.python.pydev.analysis.visitors.OccurrencesVisitor.traverse(OccurrencesVisitor.java:233)
	at org.python.pydev.parser.jython.ast.VisitorBase.visitCall(VisitorBase.java:267)
	at com.python.pydev.analysis.visitors.OccurrencesVisitor.visitCall(OccurrencesVisitor.java:197)
	at org.python.pydev.parser.jython.ast.Call.accept(Call.java:116)
	at com.python.pydev.analysis.scopeanalysis.AbstractScopeAnalyzerVisitor.visitAssign(AbstractScopeAnalyzerVisitor.java:744)
	at com.python.pydev.analysis.visitors.OccurrencesVisitor.visitAssign(OccurrencesVisitor.java:173)
	at org.python.pydev.parser.jython.ast.Assign.accept(Assign.java:81)
	at com.python.pydev.analysis.visitors.OccurrencesVisitor.traverse(OccurrencesVisitor.java:101)
	at com.python.pydev.analysis.visitors.OccurrencesVisitor.traverse(OccurrencesVisitor.java:227)
	at org.python.pydev.parser.jython.ast.VisitorBase.visitIf(VisitorBase.java:99)
	at com.python.pydev.analysis.scopeanalysis.AbstractScopeAnalyzerVisitor.visitIf(AbstractScopeAnalyzerVisitor.java:763)
	at org.python.pydev.parser.jython.ast.If.accept(If.java:89)
	at com.python.pydev.analysis.scopeanalysis.AbstractScopeAnalyzerVisitor.visitFunctionDef(AbstractScopeAnalyzerVisitor.java:366)
	at org.python.pydev.parser.jython.ast.FunctionDef.accept(FunctionDef.java:117)
	at com.python.pydev.analysis.scopeanalysis.AbstractScopeAnalyzerVisitor.visitClassDef(AbstractScopeAnalyzerVisitor.java:225)
	at org.python.pydev.parser.jython.ast.ClassDef.accept(ClassDef.java:150)
	at org.python.pydev.parser.jython.ast.Module.traverse(Module.java:79)
	at com.python.pydev.analysis.scopeanalysis.AbstractScopeAnalyzerVisitor.traverse(AbstractScopeAnalyzerVisitor.java:191)
	at com.python.pydev.analysis.visitors.OccurrencesVisitor.traverse(OccurrencesVisitor.java:233)
	at org.python.pydev.parser.jython.ast.VisitorBase.visitModule(VisitorBase.java:9)
	at org.python.pydev.parser.jython.ast.Module.accept(Module.java:72)
	at com.python.pydev.analysis.OccurrencesAnalyzer.analyzeDocument(OccurrencesAnalyzer.java:47)
	at com.python.pydev.analysis.builder.AnalysisBuilderRunnable.doAnalysis(AnalysisBuilderRunnable.java:242)
	at com.python.pydev.analysis.builder.AbstractAnalysisBuilderRunnable.run(AbstractAnalysisBuilderRunnable.java:156)
	at org.python.pydev.core.concurrency.RunnableAsJobsPoolThread$1.run(RunnableAsJobsPoolThread.java:103)
	at org.eclipse.core.internal.jobs.Worker.run(Worker.java:55)

!ENTRY org.python.pydev.core 4 4 2012-06-10 10:19:39.373
!MESSAGE Error checking for valid tokens (imports) for analsador
!STACK 0
org.python.pydev.core.structure.CompletionRecursionException: Possible recursion found -- probably programming error --  (module: nltk.corpus.reader.util, token: movie_reviews) - stopping analysis.
	at org.python.pydev.editor.codecompletion.revisited.CompletionState.checkFindModuleCompletionsMemory(CompletionState.java:289)
	at org.python.pydev.editor.codecompletion.revisited.AbstractASTManager.internalGenerateGetCompletionsForModule(AbstractASTManager.java:709)
	at org.python.pydev.editor.codecompletion.revisited.AbstractASTManager.getCompletionsForModule(AbstractASTManager.java:545)
	at org.python.pydev.editor.codecompletion.revisited.AbstractASTManager.getCompletionsForModule(AbstractASTManager.java:516)
	at org.python.pydev.editor.codecompletion.revisited.AbstractASTManager.getCompletionsForModule(AbstractASTManager.java:508)
	at org.python.pydev.editor.codecompletion.revisited.AbstractASTManager.getCompletionsForModule(AbstractASTManager.java:500)
	at org.python.pydev.editor.codecompletion.revisited.AbstractASTManager.internalGenerateGetCompletionsForModule(AbstractASTManager.java:710)
	at org.python.pydev.editor.codecompletion.revisited.AbstractASTManager.getCompletionsForModule(AbstractASTManager.java:545)
	at org.python.pydev.editor.codecompletion.revisited.AbstractASTManager.getCompletionsForModule(AbstractASTManager.java:516)
	at org.python.pydev.editor.codecompletion.revisited.AbstractASTManager.getCompletionsForModule(AbstractASTManager.java:508)
	at org.python.pydev.editor.codecompletion.revisited.AbstractASTManager.getCompletionsForModule(AbstractASTManager.java:500)
	at org.python.pydev.editor.codecompletion.revisited.AbstractASTManager.internalGenerateGetCompletionsForModule(AbstractASTManager.java:710)
	at org.python.pydev.editor.codecompletion.revisited.AbstractASTManager.getCompletionsForModule(AbstractASTManager.java:545)
	at org.python.pydev.editor.codecompletion.revisited.AbstractASTManager.getCompletionsForModule(AbstractASTManager.java:516)
	at org.python.pydev.editor.codecompletion.revisited.AbstractASTManager.getCompletionsForModule(AbstractASTManager.java:508)
	at org.python.pydev.editor.codecompletion.revisited.modules.AbstractModule.internalGenerateCachedTokens(AbstractModule.java:179)
	at org.python.pydev.editor.codecompletion.revisited.modules.AbstractModule.isInGlobalTokens(AbstractModule.java:135)
	at com.python.pydev.analysis.scopeanalysis.AbstractScopeAnalyzerVisitor.markRead(AbstractScopeAnalyzerVisitor.java:1099)
	at com.python.pydev.analysis.scopeanalysis.AbstractScopeAnalyzerVisitor.visitAttribute(AbstractScopeAnalyzerVisitor.java:627)
	at org.python.pydev.parser.jython.ast.Attribute.accept(Attribute.java:80)
	at org.python.pydev.parser.jython.ast.Call.traverse(Call.java:121)
	at com.python.pydev.analysis.scopeanalysis.AbstractScopeAnalyzerVisitor.traverse(AbstractScopeAnalyzerVisitor.java:191)
	at org.python.pydev.parser.jython.ast.VisitorBase.visitCall(VisitorBase.java:267)
	at org.python.pydev.parser.jython.ast.Call.accept(Call.java:116)
	at com.python.pydev.analysis.scopeanalysis.AbstractScopeAnalyzerVisitor.visitAssign(AbstractScopeAnalyzerVisitor.java:744)
	at org.python.pydev.parser.jython.ast.Assign.accept(Assign.java:81)
	at org.python.pydev.parser.jython.ast.If.traverse(If.java:99)
	at com.python.pydev.analysis.scopeanalysis.AbstractScopeAnalyzerVisitor.traverse(AbstractScopeAnalyzerVisitor.java:191)
	at org.python.pydev.parser.jython.ast.VisitorBase.visitIf(VisitorBase.java:99)
	at com.python.pydev.analysis.scopeanalysis.AbstractScopeAnalyzerVisitor.visitIf(AbstractScopeAnalyzerVisitor.java:763)
	at org.python.pydev.parser.jython.ast.If.accept(If.java:89)
	at com.python.pydev.analysis.scopeanalysis.AbstractScopeAnalyzerVisitor.visitFunctionDef(AbstractScopeAnalyzerVisitor.java:366)
	at org.python.pydev.parser.jython.ast.FunctionDef.accept(FunctionDef.java:117)
	at com.python.pydev.analysis.scopeanalysis.AbstractScopeAnalyzerVisitor.visitClassDef(AbstractScopeAnalyzerVisitor.java:225)
	at org.python.pydev.parser.jython.ast.ClassDef.accept(ClassDef.java:150)
	at org.python.pydev.parser.jython.ast.Module.traverse(Module.java:79)
	at com.python.pydev.analysis.scopeanalysis.AbstractScopeAnalyzerVisitor.traverse(AbstractScopeAnalyzerVisitor.java:191)
	at org.python.pydev.parser.jython.ast.VisitorBase.visitModule(VisitorBase.java:9)
	at org.python.pydev.parser.jython.ast.Module.accept(Module.java:72)
	at com.python.pydev.refactoring.wizards.rename.AbstractRenameRefactorProcess.getOccurrencesWithScopeAnalyzer(AbstractRenameRefactorProcess.java:260)
	at com.python.pydev.refactoring.wizards.rename.PyRenameAnyLocalProcess.findReferencesToRenameOnLocalScope(PyRenameAnyLocalProcess.java:39)
	at com.python.pydev.refactoring.wizards.rename.AbstractRenameRefactorProcess.findReferencesToRename(AbstractRenameRefactorProcess.java:179)
	at com.python.pydev.refactoring.wizards.rename.PyRenameEntryPoint.checkFinalConditions(PyRenameEntryPoint.java:256)
	at com.python.pydev.refactoring.wizards.rename.PyRenameEntryPoint.checkFinalConditions(PyRenameEntryPoint.java:225)
	at com.python.pydev.refactoring.markoccurrences.MarkOccurrencesJob.checkAnnotations(MarkOccurrencesJob.java:227)
	at com.python.pydev.refactoring.markoccurrences.MarkOccurrencesJob.run(MarkOccurrencesJob.java:129)
	at org.eclipse.core.internal.jobs.Worker.run(Worker.java:55)

!ENTRY org.python.pydev.core 4 4 2012-06-10 10:20:14.897
!MESSAGE Error checking for valid tokens (imports) for analsador
!STACK 0
org.python.pydev.core.structure.CompletionRecursionException: Possible recursion found -- probably programming error --  (module: nltk.corpus.reader.util, token: movie_reviews) - stopping analysis.
	at org.python.pydev.editor.codecompletion.revisited.CompletionState.checkFindModuleCompletionsMemory(CompletionState.java:289)
	at org.python.pydev.editor.codecompletion.revisited.AbstractASTManager.internalGenerateGetCompletionsForModule(AbstractASTManager.java:709)
	at org.python.pydev.editor.codecompletion.revisited.AbstractASTManager.getCompletionsForModule(AbstractASTManager.java:545)
	at org.python.pydev.editor.codecompletion.revisited.AbstractASTManager.getCompletionsForModule(AbstractASTManager.java:516)
	at org.python.pydev.editor.codecompletion.revisited.AbstractASTManager.getCompletionsForModule(AbstractASTManager.java:508)
	at org.python.pydev.editor.codecompletion.revisited.AbstractASTManager.getCompletionsForModule(AbstractASTManager.java:500)
	at org.python.pydev.editor.codecompletion.revisited.AbstractASTManager.internalGenerateGetCompletionsForModule(AbstractASTManager.java:710)
	at org.python.pydev.editor.codecompletion.revisited.AbstractASTManager.getCompletionsForModule(AbstractASTManager.java:545)
	at org.python.pydev.editor.codecompletion.revisited.AbstractASTManager.getCompletionsForModule(AbstractASTManager.java:516)
	at org.python.pydev.editor.codecompletion.revisited.AbstractASTManager.getCompletionsForModule(AbstractASTManager.java:508)
	at org.python.pydev.editor.codecompletion.revisited.AbstractASTManager.getCompletionsForModule(AbstractASTManager.java:500)
	at org.python.pydev.editor.codecompletion.revisited.AbstractASTManager.internalGenerateGetCompletionsForModule(AbstractASTManager.java:710)
	at org.python.pydev.editor.codecompletion.revisited.AbstractASTManager.getCompletionsForModule(AbstractASTManager.java:545)
	at org.python.pydev.editor.codecompletion.revisited.AbstractASTManager.getCompletionsForModule(AbstractASTManager.java:516)
	at org.python.pydev.editor.codecompletion.revisited.AbstractASTManager.getCompletionsForModule(AbstractASTManager.java:508)
	at org.python.pydev.editor.codecompletion.revisited.modules.AbstractModule.internalGenerateCachedTokens(AbstractModule.java:179)
	at org.python.pydev.editor.codecompletion.revisited.modules.AbstractModule.isInGlobalTokens(AbstractModule.java:135)
	at com.python.pydev.analysis.scopeanalysis.AbstractScopeAnalyzerVisitor.markRead(AbstractScopeAnalyzerVisitor.java:1099)
	at com.python.pydev.analysis.scopeanalysis.AbstractScopeAnalyzerVisitor.visitAttribute(AbstractScopeAnalyzerVisitor.java:627)
	at org.python.pydev.parser.jython.ast.Attribute.accept(Attribute.java:80)
	at org.python.pydev.parser.jython.ast.Call.traverse(Call.java:121)
	at com.python.pydev.analysis.scopeanalysis.AbstractScopeAnalyzerVisitor.traverse(AbstractScopeAnalyzerVisitor.java:191)
	at com.python.pydev.analysis.visitors.OccurrencesVisitor.traverse(OccurrencesVisitor.java:233)
	at org.python.pydev.parser.jython.ast.VisitorBase.visitCall(VisitorBase.java:267)
	at com.python.pydev.analysis.visitors.OccurrencesVisitor.visitCall(OccurrencesVisitor.java:197)
	at org.python.pydev.parser.jython.ast.Call.accept(Call.java:116)
	at com.python.pydev.analysis.scopeanalysis.AbstractScopeAnalyzerVisitor.visitAssign(AbstractScopeAnalyzerVisitor.java:744)
	at com.python.pydev.analysis.visitors.OccurrencesVisitor.visitAssign(OccurrencesVisitor.java:173)
	at org.python.pydev.parser.jython.ast.Assign.accept(Assign.java:81)
	at com.python.pydev.analysis.visitors.OccurrencesVisitor.traverse(OccurrencesVisitor.java:101)
	at com.python.pydev.analysis.visitors.OccurrencesVisitor.traverse(OccurrencesVisitor.java:227)
	at org.python.pydev.parser.jython.ast.VisitorBase.visitIf(VisitorBase.java:99)
	at com.python.pydev.analysis.scopeanalysis.AbstractScopeAnalyzerVisitor.visitIf(AbstractScopeAnalyzerVisitor.java:763)
	at org.python.pydev.parser.jython.ast.If.accept(If.java:89)
	at com.python.pydev.analysis.scopeanalysis.AbstractScopeAnalyzerVisitor.visitFunctionDef(AbstractScopeAnalyzerVisitor.java:366)
	at org.python.pydev.parser.jython.ast.FunctionDef.accept(FunctionDef.java:117)
	at com.python.pydev.analysis.scopeanalysis.AbstractScopeAnalyzerVisitor.visitClassDef(AbstractScopeAnalyzerVisitor.java:225)
	at org.python.pydev.parser.jython.ast.ClassDef.accept(ClassDef.java:150)
	at org.python.pydev.parser.jython.ast.Module.traverse(Module.java:79)
	at com.python.pydev.analysis.scopeanalysis.AbstractScopeAnalyzerVisitor.traverse(AbstractScopeAnalyzerVisitor.java:191)
	at com.python.pydev.analysis.visitors.OccurrencesVisitor.traverse(OccurrencesVisitor.java:233)
	at org.python.pydev.parser.jython.ast.VisitorBase.visitModule(VisitorBase.java:9)
	at org.python.pydev.parser.jython.ast.Module.accept(Module.java:72)
	at com.python.pydev.analysis.OccurrencesAnalyzer.analyzeDocument(OccurrencesAnalyzer.java:47)
	at com.python.pydev.analysis.builder.AnalysisBuilderRunnable.doAnalysis(AnalysisBuilderRunnable.java:242)
	at com.python.pydev.analysis.builder.AbstractAnalysisBuilderRunnable.run(AbstractAnalysisBuilderRunnable.java:156)
	at org.python.pydev.core.concurrency.RunnableAsJobsPoolThread$1.run(RunnableAsJobsPoolThread.java:103)
	at org.eclipse.core.internal.jobs.Worker.run(Worker.java:55)

!ENTRY org.python.pydev.core 4 4 2012-06-10 10:22:15.583
!MESSAGE Error checking for valid tokens (imports) for analsador
!STACK 0
org.python.pydev.core.structure.CompletionRecursionException: Possible recursion found -- probably programming error --  (module: nltk.corpus.reader.util, token: movie_reviews) - stopping analysis.
	at org.python.pydev.editor.codecompletion.revisited.CompletionState.checkFindModuleCompletionsMemory(CompletionState.java:289)
	at org.python.pydev.editor.codecompletion.revisited.AbstractASTManager.internalGenerateGetCompletionsForModule(AbstractASTManager.java:709)
	at org.python.pydev.editor.codecompletion.revisited.AbstractASTManager.getCompletionsForModule(AbstractASTManager.java:545)
	at org.python.pydev.editor.codecompletion.revisited.AbstractASTManager.getCompletionsForModule(AbstractASTManager.java:516)
	at org.python.pydev.editor.codecompletion.revisited.AbstractASTManager.getCompletionsForModule(AbstractASTManager.java:508)
	at org.python.pydev.editor.codecompletion.revisited.AbstractASTManager.getCompletionsForModule(AbstractASTManager.java:500)
	at org.python.pydev.editor.codecompletion.revisited.AbstractASTManager.internalGenerateGetCompletionsForModule(AbstractASTManager.java:710)
	at org.python.pydev.editor.codecompletion.revisited.AbstractASTManager.getCompletionsForModule(AbstractASTManager.java:545)
	at org.python.pydev.editor.codecompletion.revisited.AbstractASTManager.getCompletionsForModule(AbstractASTManager.java:516)
	at org.python.pydev.editor.codecompletion.revisited.AbstractASTManager.getCompletionsForModule(AbstractASTManager.java:508)
	at org.python.pydev.editor.codecompletion.revisited.AbstractASTManager.getCompletionsForModule(AbstractASTManager.java:500)
	at org.python.pydev.editor.codecompletion.revisited.AbstractASTManager.internalGenerateGetCompletionsForModule(AbstractASTManager.java:710)
	at org.python.pydev.editor.codecompletion.revisited.AbstractASTManager.getCompletionsForModule(AbstractASTManager.java:545)
	at org.python.pydev.editor.codecompletion.revisited.AbstractASTManager.getCompletionsForModule(AbstractASTManager.java:516)
	at org.python.pydev.editor.codecompletion.revisited.AbstractASTManager.getCompletionsForModule(AbstractASTManager.java:508)
	at org.python.pydev.editor.codecompletion.revisited.modules.AbstractModule.internalGenerateCachedTokens(AbstractModule.java:179)
	at org.python.pydev.editor.codecompletion.revisited.modules.AbstractModule.isInGlobalTokens(AbstractModule.java:135)
	at com.python.pydev.analysis.scopeanalysis.AbstractScopeAnalyzerVisitor.markRead(AbstractScopeAnalyzerVisitor.java:1099)
	at com.python.pydev.analysis.scopeanalysis.AbstractScopeAnalyzerVisitor.visitAttribute(AbstractScopeAnalyzerVisitor.java:627)
	at org.python.pydev.parser.jython.ast.Attribute.accept(Attribute.java:80)
	at org.python.pydev.parser.jython.ast.Call.traverse(Call.java:121)
	at com.python.pydev.analysis.scopeanalysis.AbstractScopeAnalyzerVisitor.traverse(AbstractScopeAnalyzerVisitor.java:191)
	at org.python.pydev.parser.jython.ast.VisitorBase.visitCall(VisitorBase.java:267)
	at org.python.pydev.parser.jython.ast.Call.accept(Call.java:116)
	at com.python.pydev.analysis.scopeanalysis.AbstractScopeAnalyzerVisitor.visitAssign(AbstractScopeAnalyzerVisitor.java:744)
	at org.python.pydev.parser.jython.ast.Assign.accept(Assign.java:81)
	at org.python.pydev.parser.jython.ast.If.traverse(If.java:99)
	at com.python.pydev.analysis.scopeanalysis.AbstractScopeAnalyzerVisitor.traverse(AbstractScopeAnalyzerVisitor.java:191)
	at org.python.pydev.parser.jython.ast.VisitorBase.visitIf(VisitorBase.java:99)
	at com.python.pydev.analysis.scopeanalysis.AbstractScopeAnalyzerVisitor.visitIf(AbstractScopeAnalyzerVisitor.java:763)
	at org.python.pydev.parser.jython.ast.If.accept(If.java:89)
	at com.python.pydev.analysis.scopeanalysis.AbstractScopeAnalyzerVisitor.visitFunctionDef(AbstractScopeAnalyzerVisitor.java:366)
	at org.python.pydev.parser.jython.ast.FunctionDef.accept(FunctionDef.java:117)
	at com.python.pydev.analysis.scopeanalysis.AbstractScopeAnalyzerVisitor.visitClassDef(AbstractScopeAnalyzerVisitor.java:225)
	at org.python.pydev.parser.jython.ast.ClassDef.accept(ClassDef.java:150)
	at org.python.pydev.parser.jython.ast.Module.traverse(Module.java:79)
	at com.python.pydev.analysis.scopeanalysis.AbstractScopeAnalyzerVisitor.traverse(AbstractScopeAnalyzerVisitor.java:191)
	at org.python.pydev.parser.jython.ast.VisitorBase.visitModule(VisitorBase.java:9)
	at org.python.pydev.parser.jython.ast.Module.accept(Module.java:72)
	at com.python.pydev.refactoring.wizards.rename.AbstractRenameRefactorProcess.getOccurrencesWithScopeAnalyzer(AbstractRenameRefactorProcess.java:260)
	at com.python.pydev.refactoring.wizards.rename.PyRenameAnyLocalProcess.findReferencesToRenameOnLocalScope(PyRenameAnyLocalProcess.java:39)
	at com.python.pydev.refactoring.wizards.rename.AbstractRenameRefactorProcess.findReferencesToRename(AbstractRenameRefactorProcess.java:179)
	at com.python.pydev.refactoring.wizards.rename.PyRenameEntryPoint.checkFinalConditions(PyRenameEntryPoint.java:256)
	at com.python.pydev.refactoring.wizards.rename.PyRenameEntryPoint.checkFinalConditions(PyRenameEntryPoint.java:225)
	at com.python.pydev.refactoring.markoccurrences.MarkOccurrencesJob.checkAnnotations(MarkOccurrencesJob.java:227)
	at com.python.pydev.refactoring.markoccurrences.MarkOccurrencesJob.run(MarkOccurrencesJob.java:129)
	at org.eclipse.core.internal.jobs.Worker.run(Worker.java:55)

!ENTRY org.python.pydev.core 4 4 2012-06-10 10:22:36.662
!MESSAGE Error checking for valid tokens (imports) for analsador
!STACK 0
org.python.pydev.core.structure.CompletionRecursionException: Possible recursion found -- probably programming error --  (module: nltk.corpus.reader.util, token: movie_reviews) - stopping analysis.
	at org.python.pydev.editor.codecompletion.revisited.CompletionState.checkFindModuleCompletionsMemory(CompletionState.java:289)
	at org.python.pydev.editor.codecompletion.revisited.AbstractASTManager.internalGenerateGetCompletionsForModule(AbstractASTManager.java:709)
	at org.python.pydev.editor.codecompletion.revisited.AbstractASTManager.getCompletionsForModule(AbstractASTManager.java:545)
	at org.python.pydev.editor.codecompletion.revisited.AbstractASTManager.getCompletionsForModule(AbstractASTManager.java:516)
	at org.python.pydev.editor.codecompletion.revisited.AbstractASTManager.getCompletionsForModule(AbstractASTManager.java:508)
	at org.python.pydev.editor.codecompletion.revisited.AbstractASTManager.getCompletionsForModule(AbstractASTManager.java:500)
	at org.python.pydev.editor.codecompletion.revisited.AbstractASTManager.internalGenerateGetCompletionsForModule(AbstractASTManager.java:710)
	at org.python.pydev.editor.codecompletion.revisited.AbstractASTManager.getCompletionsForModule(AbstractASTManager.java:545)
	at org.python.pydev.editor.codecompletion.revisited.AbstractASTManager.getCompletionsForModule(AbstractASTManager.java:516)
	at org.python.pydev.editor.codecompletion.revisited.AbstractASTManager.getCompletionsForModule(AbstractASTManager.java:508)
	at org.python.pydev.editor.codecompletion.revisited.AbstractASTManager.getCompletionsForModule(AbstractASTManager.java:500)
	at org.python.pydev.editor.codecompletion.revisited.AbstractASTManager.internalGenerateGetCompletionsForModule(AbstractASTManager.java:710)
	at org.python.pydev.editor.codecompletion.revisited.AbstractASTManager.getCompletionsForModule(AbstractASTManager.java:545)
	at org.python.pydev.editor.codecompletion.revisited.AbstractASTManager.getCompletionsForModule(AbstractASTManager.java:516)
	at org.python.pydev.editor.codecompletion.revisited.AbstractASTManager.getCompletionsForModule(AbstractASTManager.java:508)
	at org.python.pydev.editor.codecompletion.revisited.modules.AbstractModule.internalGenerateCachedTokens(AbstractModule.java:179)
	at org.python.pydev.editor.codecompletion.revisited.modules.AbstractModule.isInGlobalTokens(AbstractModule.java:135)
	at com.python.pydev.analysis.scopeanalysis.AbstractScopeAnalyzerVisitor.markRead(AbstractScopeAnalyzerVisitor.java:1099)
	at com.python.pydev.analysis.scopeanalysis.AbstractScopeAnalyzerVisitor.visitAttribute(AbstractScopeAnalyzerVisitor.java:627)
	at org.python.pydev.parser.jython.ast.Attribute.accept(Attribute.java:80)
	at org.python.pydev.parser.jython.ast.Call.traverse(Call.java:121)
	at com.python.pydev.analysis.scopeanalysis.AbstractScopeAnalyzerVisitor.traverse(AbstractScopeAnalyzerVisitor.java:191)
	at com.python.pydev.analysis.visitors.OccurrencesVisitor.traverse(OccurrencesVisitor.java:233)
	at org.python.pydev.parser.jython.ast.VisitorBase.visitCall(VisitorBase.java:267)
	at com.python.pydev.analysis.visitors.OccurrencesVisitor.visitCall(OccurrencesVisitor.java:197)
	at org.python.pydev.parser.jython.ast.Call.accept(Call.java:116)
	at com.python.pydev.analysis.scopeanalysis.AbstractScopeAnalyzerVisitor.visitAssign(AbstractScopeAnalyzerVisitor.java:744)
	at com.python.pydev.analysis.visitors.OccurrencesVisitor.visitAssign(OccurrencesVisitor.java:173)
	at org.python.pydev.parser.jython.ast.Assign.accept(Assign.java:81)
	at com.python.pydev.analysis.visitors.OccurrencesVisitor.traverse(OccurrencesVisitor.java:101)
	at com.python.pydev.analysis.visitors.OccurrencesVisitor.traverse(OccurrencesVisitor.java:227)
	at org.python.pydev.parser.jython.ast.VisitorBase.visitIf(VisitorBase.java:99)
	at com.python.pydev.analysis.scopeanalysis.AbstractScopeAnalyzerVisitor.visitIf(AbstractScopeAnalyzerVisitor.java:763)
	at org.python.pydev.parser.jython.ast.If.accept(If.java:89)
	at com.python.pydev.analysis.scopeanalysis.AbstractScopeAnalyzerVisitor.visitFunctionDef(AbstractScopeAnalyzerVisitor.java:366)
	at org.python.pydev.parser.jython.ast.FunctionDef.accept(FunctionDef.java:117)
	at com.python.pydev.analysis.scopeanalysis.AbstractScopeAnalyzerVisitor.visitClassDef(AbstractScopeAnalyzerVisitor.java:225)
	at org.python.pydev.parser.jython.ast.ClassDef.accept(ClassDef.java:150)
	at org.python.pydev.parser.jython.ast.Module.traverse(Module.java:79)
	at com.python.pydev.analysis.scopeanalysis.AbstractScopeAnalyzerVisitor.traverse(AbstractScopeAnalyzerVisitor.java:191)
	at com.python.pydev.analysis.visitors.OccurrencesVisitor.traverse(OccurrencesVisitor.java:233)
	at org.python.pydev.parser.jython.ast.VisitorBase.visitModule(VisitorBase.java:9)
	at org.python.pydev.parser.jython.ast.Module.accept(Module.java:72)
	at com.python.pydev.analysis.OccurrencesAnalyzer.analyzeDocument(OccurrencesAnalyzer.java:47)
	at com.python.pydev.analysis.builder.AnalysisBuilderRunnable.doAnalysis(AnalysisBuilderRunnable.java:242)
	at com.python.pydev.analysis.builder.AbstractAnalysisBuilderRunnable.run(AbstractAnalysisBuilderRunnable.java:156)
	at org.python.pydev.core.concurrency.RunnableAsJobsPoolThread$1.run(RunnableAsJobsPoolThread.java:103)
	at org.eclipse.core.internal.jobs.Worker.run(Worker.java:55)

!ENTRY org.python.pydev.core 4 4 2012-06-10 10:24:09.408
!MESSAGE Error checking for valid tokens (imports) for analsador
!STACK 0
org.python.pydev.core.structure.CompletionRecursionException: Possible recursion found -- probably programming error --  (module: nltk.corpus.reader.util, token: movie_reviews) - stopping analysis.
	at org.python.pydev.editor.codecompletion.revisited.CompletionState.checkFindModuleCompletionsMemory(CompletionState.java:289)
	at org.python.pydev.editor.codecompletion.revisited.AbstractASTManager.internalGenerateGetCompletionsForModule(AbstractASTManager.java:709)
	at org.python.pydev.editor.codecompletion.revisited.AbstractASTManager.getCompletionsForModule(AbstractASTManager.java:545)
	at org.python.pydev.editor.codecompletion.revisited.AbstractASTManager.getCompletionsForModule(AbstractASTManager.java:516)
	at org.python.pydev.editor.codecompletion.revisited.AbstractASTManager.getCompletionsForModule(AbstractASTManager.java:508)
	at org.python.pydev.editor.codecompletion.revisited.AbstractASTManager.getCompletionsForModule(AbstractASTManager.java:500)
	at org.python.pydev.editor.codecompletion.revisited.AbstractASTManager.internalGenerateGetCompletionsForModule(AbstractASTManager.java:710)
	at org.python.pydev.editor.codecompletion.revisited.AbstractASTManager.getCompletionsForModule(AbstractASTManager.java:545)
	at org.python.pydev.editor.codecompletion.revisited.AbstractASTManager.getCompletionsForModule(AbstractASTManager.java:516)
	at org.python.pydev.editor.codecompletion.revisited.AbstractASTManager.getCompletionsForModule(AbstractASTManager.java:508)
	at org.python.pydev.editor.codecompletion.revisited.AbstractASTManager.getCompletionsForModule(AbstractASTManager.java:500)
	at org.python.pydev.editor.codecompletion.revisited.AbstractASTManager.internalGenerateGetCompletionsForModule(AbstractASTManager.java:710)
	at org.python.pydev.editor.codecompletion.revisited.AbstractASTManager.getCompletionsForModule(AbstractASTManager.java:545)
	at org.python.pydev.editor.codecompletion.revisited.AbstractASTManager.getCompletionsForModule(AbstractASTManager.java:516)
	at org.python.pydev.editor.codecompletion.revisited.AbstractASTManager.getCompletionsForModule(AbstractASTManager.java:508)
	at org.python.pydev.editor.codecompletion.revisited.modules.AbstractModule.internalGenerateCachedTokens(AbstractModule.java:179)
	at org.python.pydev.editor.codecompletion.revisited.modules.AbstractModule.isInGlobalTokens(AbstractModule.java:135)
	at com.python.pydev.analysis.scopeanalysis.AbstractScopeAnalyzerVisitor.markRead(AbstractScopeAnalyzerVisitor.java:1099)
	at com.python.pydev.analysis.scopeanalysis.AbstractScopeAnalyzerVisitor.visitAttribute(AbstractScopeAnalyzerVisitor.java:627)
	at org.python.pydev.parser.jython.ast.Attribute.accept(Attribute.java:80)
	at org.python.pydev.parser.jython.ast.Call.traverse(Call.java:121)
	at com.python.pydev.analysis.scopeanalysis.AbstractScopeAnalyzerVisitor.traverse(AbstractScopeAnalyzerVisitor.java:191)
	at com.python.pydev.analysis.visitors.OccurrencesVisitor.traverse(OccurrencesVisitor.java:233)
	at org.python.pydev.parser.jython.ast.VisitorBase.visitCall(VisitorBase.java:267)
	at com.python.pydev.analysis.visitors.OccurrencesVisitor.visitCall(OccurrencesVisitor.java:197)
	at org.python.pydev.parser.jython.ast.Call.accept(Call.java:116)
	at com.python.pydev.analysis.scopeanalysis.AbstractScopeAnalyzerVisitor.visitAssign(AbstractScopeAnalyzerVisitor.java:744)
	at com.python.pydev.analysis.visitors.OccurrencesVisitor.visitAssign(OccurrencesVisitor.java:173)
	at org.python.pydev.parser.jython.ast.Assign.accept(Assign.java:81)
	at com.python.pydev.analysis.visitors.OccurrencesVisitor.traverse(OccurrencesVisitor.java:101)
	at com.python.pydev.analysis.visitors.OccurrencesVisitor.traverse(OccurrencesVisitor.java:227)
	at org.python.pydev.parser.jython.ast.VisitorBase.visitIf(VisitorBase.java:99)
	at com.python.pydev.analysis.scopeanalysis.AbstractScopeAnalyzerVisitor.visitIf(AbstractScopeAnalyzerVisitor.java:763)
	at org.python.pydev.parser.jython.ast.If.accept(If.java:89)
	at com.python.pydev.analysis.scopeanalysis.AbstractScopeAnalyzerVisitor.visitFunctionDef(AbstractScopeAnalyzerVisitor.java:366)
	at org.python.pydev.parser.jython.ast.FunctionDef.accept(FunctionDef.java:117)
	at com.python.pydev.analysis.scopeanalysis.AbstractScopeAnalyzerVisitor.visitClassDef(AbstractScopeAnalyzerVisitor.java:225)
	at org.python.pydev.parser.jython.ast.ClassDef.accept(ClassDef.java:150)
	at org.python.pydev.parser.jython.ast.Module.traverse(Module.java:79)
	at com.python.pydev.analysis.scopeanalysis.AbstractScopeAnalyzerVisitor.traverse(AbstractScopeAnalyzerVisitor.java:191)
	at com.python.pydev.analysis.visitors.OccurrencesVisitor.traverse(OccurrencesVisitor.java:233)
	at org.python.pydev.parser.jython.ast.VisitorBase.visitModule(VisitorBase.java:9)
	at org.python.pydev.parser.jython.ast.Module.accept(Module.java:72)
	at com.python.pydev.analysis.OccurrencesAnalyzer.analyzeDocument(OccurrencesAnalyzer.java:47)
	at com.python.pydev.analysis.builder.AnalysisBuilderRunnable.doAnalysis(AnalysisBuilderRunnable.java:242)
	at com.python.pydev.analysis.builder.AbstractAnalysisBuilderRunnable.run(AbstractAnalysisBuilderRunnable.java:156)
	at org.python.pydev.core.concurrency.RunnableAsJobsPoolThread$1.run(RunnableAsJobsPoolThread.java:103)
	at org.eclipse.core.internal.jobs.Worker.run(Worker.java:55)

!ENTRY org.python.pydev.core 4 4 2012-06-10 10:25:08.310
!MESSAGE Error checking for valid tokens (imports) for analsador
!STACK 0
org.python.pydev.core.structure.CompletionRecursionException: Possible recursion found -- probably programming error --  (module: nltk.corpus.reader.util, token: movie_reviews) - stopping analysis.
	at org.python.pydev.editor.codecompletion.revisited.CompletionState.checkFindModuleCompletionsMemory(CompletionState.java:289)
	at org.python.pydev.editor.codecompletion.revisited.AbstractASTManager.internalGenerateGetCompletionsForModule(AbstractASTManager.java:709)
	at org.python.pydev.editor.codecompletion.revisited.AbstractASTManager.getCompletionsForModule(AbstractASTManager.java:545)
	at org.python.pydev.editor.codecompletion.revisited.AbstractASTManager.getCompletionsForModule(AbstractASTManager.java:516)
	at org.python.pydev.editor.codecompletion.revisited.AbstractASTManager.getCompletionsForModule(AbstractASTManager.java:508)
	at org.python.pydev.editor.codecompletion.revisited.AbstractASTManager.getCompletionsForModule(AbstractASTManager.java:500)
	at org.python.pydev.editor.codecompletion.revisited.AbstractASTManager.internalGenerateGetCompletionsForModule(AbstractASTManager.java:710)
	at org.python.pydev.editor.codecompletion.revisited.AbstractASTManager.getCompletionsForModule(AbstractASTManager.java:545)
	at org.python.pydev.editor.codecompletion.revisited.AbstractASTManager.getCompletionsForModule(AbstractASTManager.java:516)
	at org.python.pydev.editor.codecompletion.revisited.AbstractASTManager.getCompletionsForModule(AbstractASTManager.java:508)
	at org.python.pydev.editor.codecompletion.revisited.AbstractASTManager.getCompletionsForModule(AbstractASTManager.java:500)
	at org.python.pydev.editor.codecompletion.revisited.AbstractASTManager.internalGenerateGetCompletionsForModule(AbstractASTManager.java:710)
	at org.python.pydev.editor.codecompletion.revisited.AbstractASTManager.getCompletionsForModule(AbstractASTManager.java:545)
	at org.python.pydev.editor.codecompletion.revisited.AbstractASTManager.getCompletionsForModule(AbstractASTManager.java:516)
	at org.python.pydev.editor.codecompletion.revisited.AbstractASTManager.getCompletionsForModule(AbstractASTManager.java:508)
	at org.python.pydev.editor.codecompletion.revisited.modules.AbstractModule.internalGenerateCachedTokens(AbstractModule.java:179)
	at org.python.pydev.editor.codecompletion.revisited.modules.AbstractModule.isInGlobalTokens(AbstractModule.java:135)
	at com.python.pydev.analysis.scopeanalysis.AbstractScopeAnalyzerVisitor.markRead(AbstractScopeAnalyzerVisitor.java:1099)
	at com.python.pydev.analysis.scopeanalysis.AbstractScopeAnalyzerVisitor.visitAttribute(AbstractScopeAnalyzerVisitor.java:627)
	at org.python.pydev.parser.jython.ast.Attribute.accept(Attribute.java:80)
	at org.python.pydev.parser.jython.ast.Call.traverse(Call.java:121)
	at com.python.pydev.analysis.scopeanalysis.AbstractScopeAnalyzerVisitor.traverse(AbstractScopeAnalyzerVisitor.java:191)
	at com.python.pydev.analysis.visitors.OccurrencesVisitor.traverse(OccurrencesVisitor.java:233)
	at org.python.pydev.parser.jython.ast.VisitorBase.visitCall(VisitorBase.java:267)
	at com.python.pydev.analysis.visitors.OccurrencesVisitor.visitCall(OccurrencesVisitor.java:197)
	at org.python.pydev.parser.jython.ast.Call.accept(Call.java:116)
	at com.python.pydev.analysis.scopeanalysis.AbstractScopeAnalyzerVisitor.visitAssign(AbstractScopeAnalyzerVisitor.java:744)
	at com.python.pydev.analysis.visitors.OccurrencesVisitor.visitAssign(OccurrencesVisitor.java:173)
	at org.python.pydev.parser.jython.ast.Assign.accept(Assign.java:81)
	at com.python.pydev.analysis.visitors.OccurrencesVisitor.traverse(OccurrencesVisitor.java:101)
	at com.python.pydev.analysis.visitors.OccurrencesVisitor.traverse(OccurrencesVisitor.java:227)
	at org.python.pydev.parser.jython.ast.VisitorBase.visitIf(VisitorBase.java:99)
	at com.python.pydev.analysis.scopeanalysis.AbstractScopeAnalyzerVisitor.visitIf(AbstractScopeAnalyzerVisitor.java:763)
	at org.python.pydev.parser.jython.ast.If.accept(If.java:89)
	at com.python.pydev.analysis.scopeanalysis.AbstractScopeAnalyzerVisitor.visitFunctionDef(AbstractScopeAnalyzerVisitor.java:366)
	at org.python.pydev.parser.jython.ast.FunctionDef.accept(FunctionDef.java:117)
	at com.python.pydev.analysis.scopeanalysis.AbstractScopeAnalyzerVisitor.visitClassDef(AbstractScopeAnalyzerVisitor.java:225)
	at org.python.pydev.parser.jython.ast.ClassDef.accept(ClassDef.java:150)
	at org.python.pydev.parser.jython.ast.Module.traverse(Module.java:79)
	at com.python.pydev.analysis.scopeanalysis.AbstractScopeAnalyzerVisitor.traverse(AbstractScopeAnalyzerVisitor.java:191)
	at com.python.pydev.analysis.visitors.OccurrencesVisitor.traverse(OccurrencesVisitor.java:233)
	at org.python.pydev.parser.jython.ast.VisitorBase.visitModule(VisitorBase.java:9)
	at org.python.pydev.parser.jython.ast.Module.accept(Module.java:72)
	at com.python.pydev.analysis.OccurrencesAnalyzer.analyzeDocument(OccurrencesAnalyzer.java:47)
	at com.python.pydev.analysis.builder.AnalysisBuilderRunnable.doAnalysis(AnalysisBuilderRunnable.java:242)
	at com.python.pydev.analysis.builder.AbstractAnalysisBuilderRunnable.run(AbstractAnalysisBuilderRunnable.java:156)
	at org.python.pydev.core.concurrency.RunnableAsJobsPoolThread$1.run(RunnableAsJobsPoolThread.java:103)
	at org.eclipse.core.internal.jobs.Worker.run(Worker.java:55)

!ENTRY org.python.pydev.core 4 4 2012-06-10 11:33:29.540
!MESSAGE Error checking for valid tokens (imports) for analsador
!STACK 0
org.python.pydev.core.structure.CompletionRecursionException: Possible recursion found -- probably programming error --  (module: nltk.corpus.reader.util, token: movie_reviews) - stopping analysis.
	at org.python.pydev.editor.codecompletion.revisited.CompletionState.checkFindModuleCompletionsMemory(CompletionState.java:289)
	at org.python.pydev.editor.codecompletion.revisited.AbstractASTManager.internalGenerateGetCompletionsForModule(AbstractASTManager.java:709)
	at org.python.pydev.editor.codecompletion.revisited.AbstractASTManager.getCompletionsForModule(AbstractASTManager.java:545)
	at org.python.pydev.editor.codecompletion.revisited.AbstractASTManager.getCompletionsForModule(AbstractASTManager.java:516)
	at org.python.pydev.editor.codecompletion.revisited.AbstractASTManager.getCompletionsForModule(AbstractASTManager.java:508)
	at org.python.pydev.editor.codecompletion.revisited.AbstractASTManager.getCompletionsForModule(AbstractASTManager.java:500)
	at org.python.pydev.editor.codecompletion.revisited.AbstractASTManager.internalGenerateGetCompletionsForModule(AbstractASTManager.java:710)
	at org.python.pydev.editor.codecompletion.revisited.AbstractASTManager.getCompletionsForModule(AbstractASTManager.java:545)
	at org.python.pydev.editor.codecompletion.revisited.AbstractASTManager.getCompletionsForModule(AbstractASTManager.java:516)
	at org.python.pydev.editor.codecompletion.revisited.AbstractASTManager.getCompletionsForModule(AbstractASTManager.java:508)
	at org.python.pydev.editor.codecompletion.revisited.AbstractASTManager.getCompletionsForModule(AbstractASTManager.java:500)
	at org.python.pydev.editor.codecompletion.revisited.AbstractASTManager.internalGenerateGetCompletionsForModule(AbstractASTManager.java:710)
	at org.python.pydev.editor.codecompletion.revisited.AbstractASTManager.getCompletionsForModule(AbstractASTManager.java:545)
	at org.python.pydev.editor.codecompletion.revisited.AbstractASTManager.getCompletionsForModule(AbstractASTManager.java:516)
	at org.python.pydev.editor.codecompletion.revisited.AbstractASTManager.getCompletionsForModule(AbstractASTManager.java:508)
	at org.python.pydev.editor.codecompletion.revisited.modules.AbstractModule.internalGenerateCachedTokens(AbstractModule.java:179)
	at org.python.pydev.editor.codecompletion.revisited.modules.AbstractModule.isInGlobalTokens(AbstractModule.java:135)
	at com.python.pydev.analysis.scopeanalysis.AbstractScopeAnalyzerVisitor.markRead(AbstractScopeAnalyzerVisitor.java:1099)
	at com.python.pydev.analysis.scopeanalysis.AbstractScopeAnalyzerVisitor.visitAttribute(AbstractScopeAnalyzerVisitor.java:627)
	at org.python.pydev.parser.jython.ast.Attribute.accept(Attribute.java:80)
	at org.python.pydev.parser.jython.ast.Call.traverse(Call.java:121)
	at com.python.pydev.analysis.scopeanalysis.AbstractScopeAnalyzerVisitor.traverse(AbstractScopeAnalyzerVisitor.java:191)
	at com.python.pydev.analysis.visitors.OccurrencesVisitor.traverse(OccurrencesVisitor.java:233)
	at org.python.pydev.parser.jython.ast.VisitorBase.visitCall(VisitorBase.java:267)
	at com.python.pydev.analysis.visitors.OccurrencesVisitor.visitCall(OccurrencesVisitor.java:197)
	at org.python.pydev.parser.jython.ast.Call.accept(Call.java:116)
	at com.python.pydev.analysis.scopeanalysis.AbstractScopeAnalyzerVisitor.visitAssign(AbstractScopeAnalyzerVisitor.java:744)
	at com.python.pydev.analysis.visitors.OccurrencesVisitor.visitAssign(OccurrencesVisitor.java:173)
	at org.python.pydev.parser.jython.ast.Assign.accept(Assign.java:81)
	at com.python.pydev.analysis.visitors.OccurrencesVisitor.traverse(OccurrencesVisitor.java:101)
	at com.python.pydev.analysis.visitors.OccurrencesVisitor.traverse(OccurrencesVisitor.java:227)
	at org.python.pydev.parser.jython.ast.VisitorBase.visitIf(VisitorBase.java:99)
	at com.python.pydev.analysis.scopeanalysis.AbstractScopeAnalyzerVisitor.visitIf(AbstractScopeAnalyzerVisitor.java:763)
	at org.python.pydev.parser.jython.ast.If.accept(If.java:89)
	at com.python.pydev.analysis.scopeanalysis.AbstractScopeAnalyzerVisitor.visitFunctionDef(AbstractScopeAnalyzerVisitor.java:366)
	at org.python.pydev.parser.jython.ast.FunctionDef.accept(FunctionDef.java:117)
	at com.python.pydev.analysis.scopeanalysis.AbstractScopeAnalyzerVisitor.visitClassDef(AbstractScopeAnalyzerVisitor.java:225)
	at org.python.pydev.parser.jython.ast.ClassDef.accept(ClassDef.java:150)
	at org.python.pydev.parser.jython.ast.Module.traverse(Module.java:79)
	at com.python.pydev.analysis.scopeanalysis.AbstractScopeAnalyzerVisitor.traverse(AbstractScopeAnalyzerVisitor.java:191)
	at com.python.pydev.analysis.visitors.OccurrencesVisitor.traverse(OccurrencesVisitor.java:233)
	at org.python.pydev.parser.jython.ast.VisitorBase.visitModule(VisitorBase.java:9)
	at org.python.pydev.parser.jython.ast.Module.accept(Module.java:72)
	at com.python.pydev.analysis.OccurrencesAnalyzer.analyzeDocument(OccurrencesAnalyzer.java:47)
	at com.python.pydev.analysis.builder.AnalysisBuilderRunnable.doAnalysis(AnalysisBuilderRunnable.java:242)
	at com.python.pydev.analysis.builder.AbstractAnalysisBuilderRunnable.run(AbstractAnalysisBuilderRunnable.java:156)
	at org.python.pydev.core.concurrency.RunnableAsJobsPoolThread$1.run(RunnableAsJobsPoolThread.java:103)
	at org.eclipse.core.internal.jobs.Worker.run(Worker.java:55)

!ENTRY org.python.pydev.core 1 1 2012-06-10 11:33:40.343
!MESSAGE Did not expect adapter request: interface org.eclipse.dltk.core.IModelElement
!STACK 0
java.lang.RuntimeException: Did not expect adapter request: interface org.eclipse.dltk.core.IModelElement
	at org.python.pydev.core.log.Log.logInfo(Log.java:112)
	at org.python.pydev.navigator.elements.WrappedResource.getAdapterFromActualObject(WrappedResource.java:159)
	at org.python.pydev.navigator.elements.WrappedResource.getAdapter(WrappedResource.java:105)
	at org.eclipse.php.internal.debug.ui.PropertyTesters.PHPLaunchPropertyTester.getResource(PHPLaunchPropertyTester.java:80)
	at org.eclipse.php.internal.debug.ui.PropertyTesters.PHPLaunchPropertyTester.test(PHPLaunchPropertyTester.java:65)
	at org.eclipse.core.internal.expressions.Property.test(Property.java:58)
	at org.eclipse.core.internal.expressions.TestExpression.evaluate(TestExpression.java:99)
	at org.eclipse.core.internal.expressions.CompositeExpression.evaluateAnd(CompositeExpression.java:53)
	at org.eclipse.core.internal.expressions.EnablementExpression.evaluate(EnablementExpression.java:53)
	at org.eclipse.debug.internal.ui.launchConfigurations.LaunchShortcutExtension.evalEnablementExpression(LaunchShortcutExtension.java:287)
	at org.eclipse.debug.ui.actions.ContextualLaunchAction.isApplicable(ContextualLaunchAction.java:287)
	at org.eclipse.debug.ui.actions.ContextualLaunchAction.fillMenu(ContextualLaunchAction.java:217)
	at org.eclipse.debug.ui.actions.ContextualLaunchAction$1.menuShown(ContextualLaunchAction.java:136)
	at org.eclipse.swt.widgets.TypedListener.handleEvent(TypedListener.java:235)
	at org.eclipse.swt.widgets.EventTable.sendEvent(EventTable.java:84)
	at org.eclipse.swt.widgets.Widget.sendEvent(Widget.java:1003)
	at org.eclipse.swt.widgets.Widget.sendEvent(Widget.java:1027)
	at org.eclipse.swt.widgets.Widget.sendEvent(Widget.java:1008)
	at org.eclipse.swt.widgets.Control.WM_INITMENUPOPUP(Control.java:4270)
	at org.eclipse.swt.widgets.Control.windowProc(Control.java:3974)
	at org.eclipse.swt.widgets.Canvas.windowProc(Canvas.java:342)
	at org.eclipse.swt.widgets.Decorations.windowProc(Decorations.java:1578)
	at org.eclipse.swt.widgets.Shell.windowProc(Shell.java:2010)
	at org.eclipse.swt.widgets.Display.windowProc(Display.java:4602)
	at org.eclipse.swt.internal.win32.OS.TrackPopupMenu(Native Method)
	at org.eclipse.swt.widgets.Menu._setVisible(Menu.java:254)
	at org.eclipse.swt.widgets.Display.runPopups(Display.java:3906)
	at org.eclipse.swt.widgets.Display.readAndDispatch(Display.java:3467)
	at org.eclipse.ui.internal.Workbench.runEventLoop(Workbench.java:2405)
	at org.eclipse.ui.internal.Workbench.runUI(Workbench.java:2369)
	at org.eclipse.ui.internal.Workbench.access$4(Workbench.java:2221)
	at org.eclipse.ui.internal.Workbench$5.run(Workbench.java:500)
	at org.eclipse.core.databinding.observable.Realm.runWithDefault(Realm.java:332)
	at org.eclipse.ui.internal.Workbench.createAndRunWorkbench(Workbench.java:493)
	at org.eclipse.ui.PlatformUI.createAndRunWorkbench(PlatformUI.java:149)
	at org.eclipse.ui.internal.ide.application.IDEApplication.start(IDEApplication.java:113)
	at org.eclipse.equinox.internal.app.EclipseAppHandle.run(EclipseAppHandle.java:194)
	at org.eclipse.core.runtime.internal.adaptor.EclipseAppLauncher.runApplication(EclipseAppLauncher.java:110)
	at org.eclipse.core.runtime.internal.adaptor.EclipseAppLauncher.start(EclipseAppLauncher.java:79)
	at org.eclipse.core.runtime.adaptor.EclipseStarter.run(EclipseStarter.java:368)
	at org.eclipse.core.runtime.adaptor.EclipseStarter.run(EclipseStarter.java:179)
	at sun.reflect.NativeMethodAccessorImpl.invoke0(Native Method)
	at sun.reflect.NativeMethodAccessorImpl.invoke(NativeMethodAccessorImpl.java:39)
	at sun.reflect.DelegatingMethodAccessorImpl.invoke(DelegatingMethodAccessorImpl.java:25)
	at java.lang.reflect.Method.invoke(Method.java:597)
	at org.eclipse.equinox.launcher.Main.invokeFramework(Main.java:559)
	at org.eclipse.equinox.launcher.Main.basicRun(Main.java:514)
	at org.eclipse.equinox.launcher.Main.run(Main.java:1311)

!ENTRY org.python.pydev.core 4 4 2012-06-10 11:33:53.557
!MESSAGE Error checking for valid tokens (imports) for analsador
!STACK 0
org.python.pydev.core.structure.CompletionRecursionException: Possible recursion found -- probably programming error --  (module: nltk.corpus.reader.util, token: movie_reviews) - stopping analysis.
	at org.python.pydev.editor.codecompletion.revisited.CompletionState.checkFindModuleCompletionsMemory(CompletionState.java:289)
	at org.python.pydev.editor.codecompletion.revisited.AbstractASTManager.internalGenerateGetCompletionsForModule(AbstractASTManager.java:709)
	at org.python.pydev.editor.codecompletion.revisited.AbstractASTManager.getCompletionsForModule(AbstractASTManager.java:545)
	at org.python.pydev.editor.codecompletion.revisited.AbstractASTManager.getCompletionsForModule(AbstractASTManager.java:516)
	at org.python.pydev.editor.codecompletion.revisited.AbstractASTManager.getCompletionsForModule(AbstractASTManager.java:508)
	at org.python.pydev.editor.codecompletion.revisited.AbstractASTManager.getCompletionsForModule(AbstractASTManager.java:500)
	at org.python.pydev.editor.codecompletion.revisited.AbstractASTManager.internalGenerateGetCompletionsForModule(AbstractASTManager.java:710)
	at org.python.pydev.editor.codecompletion.revisited.AbstractASTManager.getCompletionsForModule(AbstractASTManager.java:545)
	at org.python.pydev.editor.codecompletion.revisited.AbstractASTManager.getCompletionsForModule(AbstractASTManager.java:516)
	at org.python.pydev.editor.codecompletion.revisited.AbstractASTManager.getCompletionsForModule(AbstractASTManager.java:508)
	at org.python.pydev.editor.codecompletion.revisited.AbstractASTManager.getCompletionsForModule(AbstractASTManager.java:500)
	at org.python.pydev.editor.codecompletion.revisited.AbstractASTManager.internalGenerateGetCompletionsForModule(AbstractASTManager.java:710)
	at org.python.pydev.editor.codecompletion.revisited.AbstractASTManager.getCompletionsForModule(AbstractASTManager.java:545)
	at org.python.pydev.editor.codecompletion.revisited.AbstractASTManager.getCompletionsForModule(AbstractASTManager.java:516)
	at org.python.pydev.editor.codecompletion.revisited.AbstractASTManager.getCompletionsForModule(AbstractASTManager.java:508)
	at org.python.pydev.editor.codecompletion.revisited.modules.AbstractModule.internalGenerateCachedTokens(AbstractModule.java:179)
	at org.python.pydev.editor.codecompletion.revisited.modules.AbstractModule.isInGlobalTokens(AbstractModule.java:135)
	at com.python.pydev.analysis.scopeanalysis.AbstractScopeAnalyzerVisitor.markRead(AbstractScopeAnalyzerVisitor.java:1099)
	at com.python.pydev.analysis.scopeanalysis.AbstractScopeAnalyzerVisitor.visitAttribute(AbstractScopeAnalyzerVisitor.java:627)
	at org.python.pydev.parser.jython.ast.Attribute.accept(Attribute.java:80)
	at org.python.pydev.parser.jython.ast.Call.traverse(Call.java:121)
	at com.python.pydev.analysis.scopeanalysis.AbstractScopeAnalyzerVisitor.traverse(AbstractScopeAnalyzerVisitor.java:191)
	at org.python.pydev.parser.jython.ast.VisitorBase.visitCall(VisitorBase.java:267)
	at org.python.pydev.parser.jython.ast.Call.accept(Call.java:116)
	at com.python.pydev.analysis.scopeanalysis.AbstractScopeAnalyzerVisitor.visitAssign(AbstractScopeAnalyzerVisitor.java:744)
	at org.python.pydev.parser.jython.ast.Assign.accept(Assign.java:81)
	at org.python.pydev.parser.jython.ast.If.traverse(If.java:99)
	at com.python.pydev.analysis.scopeanalysis.AbstractScopeAnalyzerVisitor.traverse(AbstractScopeAnalyzerVisitor.java:191)
	at org.python.pydev.parser.jython.ast.VisitorBase.visitIf(VisitorBase.java:99)
	at com.python.pydev.analysis.scopeanalysis.AbstractScopeAnalyzerVisitor.visitIf(AbstractScopeAnalyzerVisitor.java:763)
	at org.python.pydev.parser.jython.ast.If.accept(If.java:89)
	at com.python.pydev.analysis.scopeanalysis.AbstractScopeAnalyzerVisitor.visitFunctionDef(AbstractScopeAnalyzerVisitor.java:366)
	at org.python.pydev.parser.jython.ast.FunctionDef.accept(FunctionDef.java:117)
	at com.python.pydev.analysis.scopeanalysis.AbstractScopeAnalyzerVisitor.visitClassDef(AbstractScopeAnalyzerVisitor.java:225)
	at org.python.pydev.parser.jython.ast.ClassDef.accept(ClassDef.java:150)
	at org.python.pydev.parser.jython.ast.Module.traverse(Module.java:79)
	at com.python.pydev.analysis.scopeanalysis.AbstractScopeAnalyzerVisitor.traverse(AbstractScopeAnalyzerVisitor.java:191)
	at org.python.pydev.parser.jython.ast.VisitorBase.visitModule(VisitorBase.java:9)
	at org.python.pydev.parser.jython.ast.Module.accept(Module.java:72)
	at com.python.pydev.refactoring.wizards.rename.AbstractRenameRefactorProcess.getOccurrencesWithScopeAnalyzer(AbstractRenameRefactorProcess.java:260)
	at com.python.pydev.refactoring.wizards.rename.PyRenameAnyLocalProcess.findReferencesToRenameOnLocalScope(PyRenameAnyLocalProcess.java:39)
	at com.python.pydev.refactoring.wizards.rename.AbstractRenameRefactorProcess.findReferencesToRename(AbstractRenameRefactorProcess.java:179)
	at com.python.pydev.refactoring.wizards.rename.PyRenameEntryPoint.checkFinalConditions(PyRenameEntryPoint.java:256)
	at com.python.pydev.refactoring.wizards.rename.PyRenameEntryPoint.checkFinalConditions(PyRenameEntryPoint.java:225)
	at com.python.pydev.refactoring.markoccurrences.MarkOccurrencesJob.checkAnnotations(MarkOccurrencesJob.java:227)
	at com.python.pydev.refactoring.markoccurrences.MarkOccurrencesJob.run(MarkOccurrencesJob.java:129)
	at org.eclipse.core.internal.jobs.Worker.run(Worker.java:55)

!ENTRY org.python.pydev.core 4 4 2012-06-10 11:35:13.647
!MESSAGE Error checking for valid tokens (imports) for analisador
!STACK 0
org.python.pydev.core.structure.CompletionRecursionException: Possible recursion found -- probably programming error --  (module: nltk.corpus.reader.util, token: movie_reviews) - stopping analysis.
	at org.python.pydev.editor.codecompletion.revisited.CompletionState.checkFindModuleCompletionsMemory(CompletionState.java:289)
	at org.python.pydev.editor.codecompletion.revisited.AbstractASTManager.internalGenerateGetCompletionsForModule(AbstractASTManager.java:709)
	at org.python.pydev.editor.codecompletion.revisited.AbstractASTManager.getCompletionsForModule(AbstractASTManager.java:545)
	at org.python.pydev.editor.codecompletion.revisited.AbstractASTManager.getCompletionsForModule(AbstractASTManager.java:516)
	at org.python.pydev.editor.codecompletion.revisited.AbstractASTManager.getCompletionsForModule(AbstractASTManager.java:508)
	at org.python.pydev.editor.codecompletion.revisited.AbstractASTManager.getCompletionsForModule(AbstractASTManager.java:500)
	at org.python.pydev.editor.codecompletion.revisited.AbstractASTManager.internalGenerateGetCompletionsForModule(AbstractASTManager.java:710)
	at org.python.pydev.editor.codecompletion.revisited.AbstractASTManager.getCompletionsForModule(AbstractASTManager.java:545)
	at org.python.pydev.editor.codecompletion.revisited.AbstractASTManager.getCompletionsForModule(AbstractASTManager.java:516)
	at org.python.pydev.editor.codecompletion.revisited.AbstractASTManager.getCompletionsForModule(AbstractASTManager.java:508)
	at org.python.pydev.editor.codecompletion.revisited.AbstractASTManager.getCompletionsForModule(AbstractASTManager.java:500)
	at org.python.pydev.editor.codecompletion.revisited.AbstractASTManager.internalGenerateGetCompletionsForModule(AbstractASTManager.java:710)
	at org.python.pydev.editor.codecompletion.revisited.AbstractASTManager.getCompletionsForModule(AbstractASTManager.java:545)
	at org.python.pydev.editor.codecompletion.revisited.AbstractASTManager.getCompletionsForModule(AbstractASTManager.java:516)
	at org.python.pydev.editor.codecompletion.revisited.AbstractASTManager.getCompletionsForModule(AbstractASTManager.java:508)
	at org.python.pydev.editor.codecompletion.revisited.modules.AbstractModule.internalGenerateCachedTokens(AbstractModule.java:179)
	at org.python.pydev.editor.codecompletion.revisited.modules.AbstractModule.isInGlobalTokens(AbstractModule.java:135)
	at com.python.pydev.analysis.scopeanalysis.AbstractScopeAnalyzerVisitor.markRead(AbstractScopeAnalyzerVisitor.java:1099)
	at com.python.pydev.analysis.scopeanalysis.AbstractScopeAnalyzerVisitor.visitAttribute(AbstractScopeAnalyzerVisitor.java:627)
	at org.python.pydev.parser.jython.ast.Attribute.accept(Attribute.java:80)
	at org.python.pydev.parser.jython.ast.Call.traverse(Call.java:121)
	at com.python.pydev.analysis.scopeanalysis.AbstractScopeAnalyzerVisitor.traverse(AbstractScopeAnalyzerVisitor.java:191)
	at com.python.pydev.analysis.visitors.OccurrencesVisitor.traverse(OccurrencesVisitor.java:233)
	at org.python.pydev.parser.jython.ast.VisitorBase.visitCall(VisitorBase.java:267)
	at com.python.pydev.analysis.visitors.OccurrencesVisitor.visitCall(OccurrencesVisitor.java:197)
	at org.python.pydev.parser.jython.ast.Call.accept(Call.java:116)
	at com.python.pydev.analysis.scopeanalysis.AbstractScopeAnalyzerVisitor.visitAssign(AbstractScopeAnalyzerVisitor.java:744)
	at com.python.pydev.analysis.visitors.OccurrencesVisitor.visitAssign(OccurrencesVisitor.java:173)
	at org.python.pydev.parser.jython.ast.Assign.accept(Assign.java:81)
	at com.python.pydev.analysis.visitors.OccurrencesVisitor.traverse(OccurrencesVisitor.java:101)
	at com.python.pydev.analysis.visitors.OccurrencesVisitor.traverse(OccurrencesVisitor.java:227)
	at org.python.pydev.parser.jython.ast.VisitorBase.visitIf(VisitorBase.java:99)
	at com.python.pydev.analysis.scopeanalysis.AbstractScopeAnalyzerVisitor.visitIf(AbstractScopeAnalyzerVisitor.java:763)
	at org.python.pydev.parser.jython.ast.If.accept(If.java:89)
	at com.python.pydev.analysis.scopeanalysis.AbstractScopeAnalyzerVisitor.visitFunctionDef(AbstractScopeAnalyzerVisitor.java:366)
	at org.python.pydev.parser.jython.ast.FunctionDef.accept(FunctionDef.java:117)
	at com.python.pydev.analysis.scopeanalysis.AbstractScopeAnalyzerVisitor.visitClassDef(AbstractScopeAnalyzerVisitor.java:225)
	at org.python.pydev.parser.jython.ast.ClassDef.accept(ClassDef.java:150)
	at org.python.pydev.parser.jython.ast.Module.traverse(Module.java:79)
	at com.python.pydev.analysis.scopeanalysis.AbstractScopeAnalyzerVisitor.traverse(AbstractScopeAnalyzerVisitor.java:191)
	at com.python.pydev.analysis.visitors.OccurrencesVisitor.traverse(OccurrencesVisitor.java:233)
	at org.python.pydev.parser.jython.ast.VisitorBase.visitModule(VisitorBase.java:9)
	at org.python.pydev.parser.jython.ast.Module.accept(Module.java:72)
	at com.python.pydev.analysis.OccurrencesAnalyzer.analyzeDocument(OccurrencesAnalyzer.java:47)
	at com.python.pydev.analysis.builder.AnalysisBuilderRunnable.doAnalysis(AnalysisBuilderRunnable.java:242)
	at com.python.pydev.analysis.builder.AbstractAnalysisBuilderRunnable.run(AbstractAnalysisBuilderRunnable.java:156)
	at org.python.pydev.core.concurrency.RunnableAsJobsPoolThread$1.run(RunnableAsJobsPoolThread.java:103)
	at org.eclipse.core.internal.jobs.Worker.run(Worker.java:55)

!ENTRY org.python.pydev.core 4 4 2012-06-10 11:35:15.764
!MESSAGE The module analsador could not be found nor created!
!STACK 0
java.lang.RuntimeException: The module analsador could not be found nor created!
	at org.python.pydev.core.log.Log.log(Log.java:99)
	at org.python.pydev.editor.codecompletion.revisited.ModulesManager.getModule(ModulesManager.java:879)
	at org.python.pydev.editor.codecompletion.revisited.ProjectModulesManager.getRelativeModule(ProjectModulesManager.java:169)
	at org.python.pydev.editor.codecompletion.revisited.AbstractASTManager.getModule(AbstractASTManager.java:454)
	at org.python.pydev.editor.codecompletion.revisited.AbstractASTManager.findModuleFromPath(AbstractASTManager.java:1464)
	at org.python.pydev.editor.codecompletion.revisited.AbstractASTManager.findOnImportedMods(AbstractASTManager.java:1301)
	at org.python.pydev.editor.codecompletion.revisited.AbstractASTManager.findOnImportedMods(AbstractASTManager.java:1207)
	at com.python.pydev.analysis.visitors.ImportChecker.visitImportToken(ImportChecker.java:158)
	at com.python.pydev.analysis.visitors.ImportChecker.visitImportToken(ImportChecker.java:139)
	at com.python.pydev.analysis.visitors.Scope.addImportTokens(Scope.java:174)
	at com.python.pydev.analysis.scopeanalysis.AbstractScopeAnalyzerVisitor.visitImportFrom(AbstractScopeAnalyzerVisitor.java:516)
	at org.python.pydev.parser.jython.ast.ImportFrom.accept(ImportFrom.java:89)
	at org.python.pydev.parser.jython.ast.Module.traverse(Module.java:79)
	at com.python.pydev.analysis.scopeanalysis.AbstractScopeAnalyzerVisitor.traverse(AbstractScopeAnalyzerVisitor.java:191)
	at com.python.pydev.analysis.visitors.OccurrencesVisitor.traverse(OccurrencesVisitor.java:233)
	at org.python.pydev.parser.jython.ast.VisitorBase.visitModule(VisitorBase.java:9)
	at org.python.pydev.parser.jython.ast.Module.accept(Module.java:72)
	at com.python.pydev.analysis.OccurrencesAnalyzer.analyzeDocument(OccurrencesAnalyzer.java:47)
	at com.python.pydev.analysis.builder.AnalysisBuilderRunnable.doAnalysis(AnalysisBuilderRunnable.java:242)
	at com.python.pydev.analysis.builder.AbstractAnalysisBuilderRunnable.run(AbstractAnalysisBuilderRunnable.java:156)
	at org.python.pydev.core.concurrency.RunnableAsJobsPoolThread$1.run(RunnableAsJobsPoolThread.java:103)
	at org.eclipse.core.internal.jobs.Worker.run(Worker.java:55)

!ENTRY org.python.pydev.core 1 1 2012-06-10 11:37:06.803
!MESSAGE Did not expect adapter request: interface org.eclipse.jdt.core.IJavaElement
!STACK 0
java.lang.RuntimeException: Did not expect adapter request: interface org.eclipse.jdt.core.IJavaElement
	at org.python.pydev.core.log.Log.logInfo(Log.java:112)
	at org.python.pydev.navigator.elements.WrappedResource.getAdapterFromActualObject(WrappedResource.java:159)
	at org.python.pydev.navigator.elements.PythonSourceFolder.getAdapter(PythonSourceFolder.java:143)
	at org.eclipse.jdt.internal.launching.JavaLaunchableTester.test(JavaLaunchableTester.java:590)
	at org.eclipse.core.internal.expressions.Property.test(Property.java:58)
	at org.eclipse.core.internal.expressions.TestExpression.evaluate(TestExpression.java:99)
	at org.eclipse.ui.internal.dialogs.RegistryPageContributor.failsEnablement(RegistryPageContributor.java:260)
	at org.eclipse.ui.internal.dialogs.RegistryPageContributor.isApplicableTo(RegistryPageContributor.java:209)
	at org.eclipse.ui.internal.dialogs.PropertyPageContributorManager.getApplicableContributors(PropertyPageContributorManager.java:199)
	at org.eclipse.ui.dialogs.PropertyDialogAction.hasPropertyPagesFor(PropertyDialogAction.java:104)
	at org.eclipse.ui.dialogs.PropertyDialogAction.isApplicableForSelection(PropertyDialogAction.java:146)
	at org.eclipse.ui.dialogs.PropertyDialogAction.isApplicableForSelection(PropertyDialogAction.java:126)
	at org.eclipse.ui.internal.navigator.resources.actions.PropertiesActionProvider.fillContextMenu(PropertiesActionProvider.java:62)
	at org.eclipse.ui.navigator.NavigatorActionService.addCommonActionProviderMenu(NavigatorActionService.java:220)
	at org.eclipse.ui.navigator.NavigatorActionService.fillContextMenu(NavigatorActionService.java:174)
	at org.eclipse.ui.navigator.CommonNavigatorManager.fillContextMenu(CommonNavigatorManager.java:277)
	at org.eclipse.ui.navigator.CommonNavigatorManager$4.menuAboutToShow(CommonNavigatorManager.java:292)
	at org.eclipse.jface.action.MenuManager.fireAboutToShow(MenuManager.java:338)
	at org.eclipse.jface.action.MenuManager.handleAboutToShow(MenuManager.java:469)
	at org.eclipse.jface.action.MenuManager.access$1(MenuManager.java:465)
	at org.eclipse.jface.action.MenuManager$2.menuShown(MenuManager.java:491)
	at org.eclipse.swt.widgets.TypedListener.handleEvent(TypedListener.java:235)
	at org.eclipse.swt.widgets.EventTable.sendEvent(EventTable.java:84)
	at org.eclipse.swt.widgets.Widget.sendEvent(Widget.java:1003)
	at org.eclipse.swt.widgets.Widget.sendEvent(Widget.java:1027)
	at org.eclipse.swt.widgets.Widget.sendEvent(Widget.java:1008)
	at org.eclipse.swt.widgets.Control.WM_INITMENUPOPUP(Control.java:4270)
	at org.eclipse.swt.widgets.Control.windowProc(Control.java:3974)
	at org.eclipse.swt.widgets.Canvas.windowProc(Canvas.java:342)
	at org.eclipse.swt.widgets.Decorations.windowProc(Decorations.java:1578)
	at org.eclipse.swt.widgets.Shell.windowProc(Shell.java:2010)
	at org.eclipse.swt.widgets.Display.windowProc(Display.java:4589)
	at org.eclipse.swt.internal.win32.OS.TrackPopupMenu(Native Method)
	at org.eclipse.swt.widgets.Menu._setVisible(Menu.java:254)
	at org.eclipse.swt.widgets.Display.runPopups(Display.java:3906)
	at org.eclipse.swt.widgets.Display.readAndDispatch(Display.java:3467)
	at org.eclipse.ui.internal.Workbench.runEventLoop(Workbench.java:2405)
	at org.eclipse.ui.internal.Workbench.runUI(Workbench.java:2369)
	at org.eclipse.ui.internal.Workbench.access$4(Workbench.java:2221)
	at org.eclipse.ui.internal.Workbench$5.run(Workbench.java:500)
	at org.eclipse.core.databinding.observable.Realm.runWithDefault(Realm.java:332)
	at org.eclipse.ui.internal.Workbench.createAndRunWorkbench(Workbench.java:493)
	at org.eclipse.ui.PlatformUI.createAndRunWorkbench(PlatformUI.java:149)
	at org.eclipse.ui.internal.ide.application.IDEApplication.start(IDEApplication.java:113)
	at org.eclipse.equinox.internal.app.EclipseAppHandle.run(EclipseAppHandle.java:194)
	at org.eclipse.core.runtime.internal.adaptor.EclipseAppLauncher.runApplication(EclipseAppLauncher.java:110)
	at org.eclipse.core.runtime.internal.adaptor.EclipseAppLauncher.start(EclipseAppLauncher.java:79)
	at org.eclipse.core.runtime.adaptor.EclipseStarter.run(EclipseStarter.java:368)
	at org.eclipse.core.runtime.adaptor.EclipseStarter.run(EclipseStarter.java:179)
	at sun.reflect.NativeMethodAccessorImpl.invoke0(Native Method)
	at sun.reflect.NativeMethodAccessorImpl.invoke(NativeMethodAccessorImpl.java:39)
	at sun.reflect.DelegatingMethodAccessorImpl.invoke(DelegatingMethodAccessorImpl.java:25)
	at java.lang.reflect.Method.invoke(Method.java:597)
	at org.eclipse.equinox.launcher.Main.invokeFramework(Main.java:559)
	at org.eclipse.equinox.launcher.Main.basicRun(Main.java:514)
	at org.eclipse.equinox.launcher.Main.run(Main.java:1311)

!ENTRY org.eclipse.ui 4 0 2012-06-10 11:46:17.762
!MESSAGE Unhandled event loop exception
!STACK 0
org.eclipse.swt.SWTException: Failed to execute runnable (java.lang.IllegalArgumentException: Argument not valid)
	at org.eclipse.swt.SWT.error(SWT.java:3884)
	at org.eclipse.swt.SWT.error(SWT.java:3799)
	at org.eclipse.swt.widgets.Synchronizer.runAsyncMessages(Synchronizer.java:137)
	at org.eclipse.swt.widgets.Display.runAsyncMessages(Display.java:3855)
	at org.eclipse.swt.widgets.Display.readAndDispatch(Display.java:3476)
	at org.eclipse.ui.internal.Workbench.runEventLoop(Workbench.java:2405)
	at org.eclipse.ui.internal.Workbench.runUI(Workbench.java:2369)
	at org.eclipse.ui.internal.Workbench.access$4(Workbench.java:2221)
	at org.eclipse.ui.internal.Workbench$5.run(Workbench.java:500)
	at org.eclipse.core.databinding.observable.Realm.runWithDefault(Realm.java:332)
	at org.eclipse.ui.internal.Workbench.createAndRunWorkbench(Workbench.java:493)
	at org.eclipse.ui.PlatformUI.createAndRunWorkbench(PlatformUI.java:149)
	at org.eclipse.ui.internal.ide.application.IDEApplication.start(IDEApplication.java:113)
	at org.eclipse.equinox.internal.app.EclipseAppHandle.run(EclipseAppHandle.java:194)
	at org.eclipse.core.runtime.internal.adaptor.EclipseAppLauncher.runApplication(EclipseAppLauncher.java:110)
	at org.eclipse.core.runtime.internal.adaptor.EclipseAppLauncher.start(EclipseAppLauncher.java:79)
	at org.eclipse.core.runtime.adaptor.EclipseStarter.run(EclipseStarter.java:368)
	at org.eclipse.core.runtime.adaptor.EclipseStarter.run(EclipseStarter.java:179)
	at sun.reflect.NativeMethodAccessorImpl.invoke0(Native Method)
	at sun.reflect.NativeMethodAccessorImpl.invoke(NativeMethodAccessorImpl.java:39)
	at sun.reflect.DelegatingMethodAccessorImpl.invoke(DelegatingMethodAccessorImpl.java:25)
	at java.lang.reflect.Method.invoke(Method.java:597)
	at org.eclipse.equinox.launcher.Main.invokeFramework(Main.java:559)
	at org.eclipse.equinox.launcher.Main.basicRun(Main.java:514)
	at org.eclipse.equinox.launcher.Main.run(Main.java:1311)
Caused by: java.lang.IllegalArgumentException: Argument not valid
	at org.eclipse.swt.SWT.error(SWT.java:3865)
	at org.eclipse.swt.SWT.error(SWT.java:3799)
	at org.eclipse.swt.SWT.error(SWT.java:3770)
	at org.eclipse.swt.custom.StyledText.setStyleRanges(StyledText.java:9031)
	at org.eclipse.swt.custom.StyledText.setStyleRanges(StyledText.java:9123)
	at org.eclipse.jface.text.TextPresentation.applyTextPresentation(TextPresentation.java:55)
	at org.eclipse.jface.text.DefaultInformationControl.setInformation(DefaultInformationControl.java:342)
	at org.eclipse.jface.text.AbstractInformationControlManager.internalShowInformationControl(AbstractInformationControlManager.java:1172)
	at org.eclipse.jface.text.AbstractInformationControlManager.presentInformation(AbstractInformationControlManager.java:1139)
	at org.eclipse.jface.text.AbstractHoverInformationControlManager.presentInformation(AbstractHoverInformationControlManager.java:902)
	at org.eclipse.jface.text.TextViewerHoverManager.doPresentInformation(TextViewerHoverManager.java:243)
	at org.eclipse.jface.text.TextViewerHoverManager$5.run(TextViewerHoverManager.java:233)
	at org.eclipse.swt.widgets.RunnableLock.run(RunnableLock.java:35)
	at org.eclipse.swt.widgets.Synchronizer.runAsyncMessages(Synchronizer.java:134)
	... 22 more

!ENTRY org.eclipse.ui 4 0 2012-06-10 11:46:21.251
!MESSAGE Unhandled event loop exception
!STACK 0
org.eclipse.swt.SWTException: Failed to execute runnable (java.lang.IllegalArgumentException: Argument not valid)
	at org.eclipse.swt.SWT.error(SWT.java:3884)
	at org.eclipse.swt.SWT.error(SWT.java:3799)
	at org.eclipse.swt.widgets.Synchronizer.runAsyncMessages(Synchronizer.java:137)
	at org.eclipse.swt.widgets.Display.runAsyncMessages(Display.java:3855)
	at org.eclipse.swt.widgets.Display.readAndDispatch(Display.java:3476)
	at org.eclipse.ui.internal.Workbench.runEventLoop(Workbench.java:2405)
	at org.eclipse.ui.internal.Workbench.runUI(Workbench.java:2369)
	at org.eclipse.ui.internal.Workbench.access$4(Workbench.java:2221)
	at org.eclipse.ui.internal.Workbench$5.run(Workbench.java:500)
	at org.eclipse.core.databinding.observable.Realm.runWithDefault(Realm.java:332)
	at org.eclipse.ui.internal.Workbench.createAndRunWorkbench(Workbench.java:493)
	at org.eclipse.ui.PlatformUI.createAndRunWorkbench(PlatformUI.java:149)
	at org.eclipse.ui.internal.ide.application.IDEApplication.start(IDEApplication.java:113)
	at org.eclipse.equinox.internal.app.EclipseAppHandle.run(EclipseAppHandle.java:194)
	at org.eclipse.core.runtime.internal.adaptor.EclipseAppLauncher.runApplication(EclipseAppLauncher.java:110)
	at org.eclipse.core.runtime.internal.adaptor.EclipseAppLauncher.start(EclipseAppLauncher.java:79)
	at org.eclipse.core.runtime.adaptor.EclipseStarter.run(EclipseStarter.java:368)
	at org.eclipse.core.runtime.adaptor.EclipseStarter.run(EclipseStarter.java:179)
	at sun.reflect.NativeMethodAccessorImpl.invoke0(Native Method)
	at sun.reflect.NativeMethodAccessorImpl.invoke(NativeMethodAccessorImpl.java:39)
	at sun.reflect.DelegatingMethodAccessorImpl.invoke(DelegatingMethodAccessorImpl.java:25)
	at java.lang.reflect.Method.invoke(Method.java:597)
	at org.eclipse.equinox.launcher.Main.invokeFramework(Main.java:559)
	at org.eclipse.equinox.launcher.Main.basicRun(Main.java:514)
	at org.eclipse.equinox.launcher.Main.run(Main.java:1311)
Caused by: java.lang.IllegalArgumentException: Argument not valid
	at org.eclipse.swt.SWT.error(SWT.java:3865)
	at org.eclipse.swt.SWT.error(SWT.java:3799)
	at org.eclipse.swt.SWT.error(SWT.java:3770)
	at org.eclipse.swt.custom.StyledText.setStyleRanges(StyledText.java:9031)
	at org.eclipse.swt.custom.StyledText.setStyleRanges(StyledText.java:9123)
	at org.eclipse.jface.text.TextPresentation.applyTextPresentation(TextPresentation.java:55)
	at org.eclipse.jface.text.DefaultInformationControl.setInformation(DefaultInformationControl.java:342)
	at org.eclipse.jface.text.AbstractInformationControlManager.internalShowInformationControl(AbstractInformationControlManager.java:1172)
	at org.eclipse.jface.text.AbstractInformationControlManager.presentInformation(AbstractInformationControlManager.java:1139)
	at org.eclipse.jface.text.AbstractHoverInformationControlManager.presentInformation(AbstractHoverInformationControlManager.java:902)
	at org.eclipse.jface.text.TextViewerHoverManager.doPresentInformation(TextViewerHoverManager.java:243)
	at org.eclipse.jface.text.TextViewerHoverManager$5.run(TextViewerHoverManager.java:233)
	at org.eclipse.swt.widgets.RunnableLock.run(RunnableLock.java:35)
	at org.eclipse.swt.widgets.Synchronizer.runAsyncMessages(Synchronizer.java:134)
	... 22 more

!ENTRY org.eclipse.ui 4 0 2012-06-10 11:46:23.633
!MESSAGE Unhandled event loop exception
!STACK 0
org.eclipse.swt.SWTException: Failed to execute runnable (java.lang.IllegalArgumentException: Argument not valid)
	at org.eclipse.swt.SWT.error(SWT.java:3884)
	at org.eclipse.swt.SWT.error(SWT.java:3799)
	at org.eclipse.swt.widgets.Synchronizer.runAsyncMessages(Synchronizer.java:137)
	at org.eclipse.swt.widgets.Display.runAsyncMessages(Display.java:3855)
	at org.eclipse.swt.widgets.Display.readAndDispatch(Display.java:3476)
	at org.eclipse.ui.internal.Workbench.runEventLoop(Workbench.java:2405)
	at org.eclipse.ui.internal.Workbench.runUI(Workbench.java:2369)
	at org.eclipse.ui.internal.Workbench.access$4(Workbench.java:2221)
	at org.eclipse.ui.internal.Workbench$5.run(Workbench.java:500)
	at org.eclipse.core.databinding.observable.Realm.runWithDefault(Realm.java:332)
	at org.eclipse.ui.internal.Workbench.createAndRunWorkbench(Workbench.java:493)
	at org.eclipse.ui.PlatformUI.createAndRunWorkbench(PlatformUI.java:149)
	at org.eclipse.ui.internal.ide.application.IDEApplication.start(IDEApplication.java:113)
	at org.eclipse.equinox.internal.app.EclipseAppHandle.run(EclipseAppHandle.java:194)
	at org.eclipse.core.runtime.internal.adaptor.EclipseAppLauncher.runApplication(EclipseAppLauncher.java:110)
	at org.eclipse.core.runtime.internal.adaptor.EclipseAppLauncher.start(EclipseAppLauncher.java:79)
	at org.eclipse.core.runtime.adaptor.EclipseStarter.run(EclipseStarter.java:368)
	at org.eclipse.core.runtime.adaptor.EclipseStarter.run(EclipseStarter.java:179)
	at sun.reflect.NativeMethodAccessorImpl.invoke0(Native Method)
	at sun.reflect.NativeMethodAccessorImpl.invoke(NativeMethodAccessorImpl.java:39)
	at sun.reflect.DelegatingMethodAccessorImpl.invoke(DelegatingMethodAccessorImpl.java:25)
	at java.lang.reflect.Method.invoke(Method.java:597)
	at org.eclipse.equinox.launcher.Main.invokeFramework(Main.java:559)
	at org.eclipse.equinox.launcher.Main.basicRun(Main.java:514)
	at org.eclipse.equinox.launcher.Main.run(Main.java:1311)
Caused by: java.lang.IllegalArgumentException: Argument not valid
	at org.eclipse.swt.SWT.error(SWT.java:3865)
	at org.eclipse.swt.SWT.error(SWT.java:3799)
	at org.eclipse.swt.SWT.error(SWT.java:3770)
	at org.eclipse.swt.custom.StyledText.setStyleRanges(StyledText.java:9031)
	at org.eclipse.swt.custom.StyledText.setStyleRanges(StyledText.java:9123)
	at org.eclipse.jface.text.TextPresentation.applyTextPresentation(TextPresentation.java:55)
	at org.eclipse.jface.text.DefaultInformationControl.setInformation(DefaultInformationControl.java:342)
	at org.eclipse.jface.text.AbstractInformationControlManager.internalShowInformationControl(AbstractInformationControlManager.java:1172)
	at org.eclipse.jface.text.AbstractInformationControlManager.presentInformation(AbstractInformationControlManager.java:1139)
	at org.eclipse.jface.text.AbstractHoverInformationControlManager.presentInformation(AbstractHoverInformationControlManager.java:902)
	at org.eclipse.jface.text.TextViewerHoverManager.doPresentInformation(TextViewerHoverManager.java:243)
	at org.eclipse.jface.text.TextViewerHoverManager$5.run(TextViewerHoverManager.java:233)
	at org.eclipse.swt.widgets.RunnableLock.run(RunnableLock.java:35)
	at org.eclipse.swt.widgets.Synchronizer.runAsyncMessages(Synchronizer.java:134)
	... 22 more

!ENTRY org.eclipse.ui 4 0 2012-06-10 11:46:52.960
!MESSAGE Unhandled event loop exception
!STACK 0
org.eclipse.swt.SWTException: Failed to execute runnable (java.lang.IllegalArgumentException: Argument not valid)
	at org.eclipse.swt.SWT.error(SWT.java:3884)
	at org.eclipse.swt.SWT.error(SWT.java:3799)
	at org.eclipse.swt.widgets.Synchronizer.runAsyncMessages(Synchronizer.java:137)
	at org.eclipse.swt.widgets.Display.runAsyncMessages(Display.java:3855)
	at org.eclipse.swt.widgets.Display.readAndDispatch(Display.java:3476)
	at org.eclipse.ui.internal.Workbench.runEventLoop(Workbench.java:2405)
	at org.eclipse.ui.internal.Workbench.runUI(Workbench.java:2369)
	at org.eclipse.ui.internal.Workbench.access$4(Workbench.java:2221)
	at org.eclipse.ui.internal.Workbench$5.run(Workbench.java:500)
	at org.eclipse.core.databinding.observable.Realm.runWithDefault(Realm.java:332)
	at org.eclipse.ui.internal.Workbench.createAndRunWorkbench(Workbench.java:493)
	at org.eclipse.ui.PlatformUI.createAndRunWorkbench(PlatformUI.java:149)
	at org.eclipse.ui.internal.ide.application.IDEApplication.start(IDEApplication.java:113)
	at org.eclipse.equinox.internal.app.EclipseAppHandle.run(EclipseAppHandle.java:194)
	at org.eclipse.core.runtime.internal.adaptor.EclipseAppLauncher.runApplication(EclipseAppLauncher.java:110)
	at org.eclipse.core.runtime.internal.adaptor.EclipseAppLauncher.start(EclipseAppLauncher.java:79)
	at org.eclipse.core.runtime.adaptor.EclipseStarter.run(EclipseStarter.java:368)
	at org.eclipse.core.runtime.adaptor.EclipseStarter.run(EclipseStarter.java:179)
	at sun.reflect.NativeMethodAccessorImpl.invoke0(Native Method)
	at sun.reflect.NativeMethodAccessorImpl.invoke(NativeMethodAccessorImpl.java:39)
	at sun.reflect.DelegatingMethodAccessorImpl.invoke(DelegatingMethodAccessorImpl.java:25)
	at java.lang.reflect.Method.invoke(Method.java:597)
	at org.eclipse.equinox.launcher.Main.invokeFramework(Main.java:559)
	at org.eclipse.equinox.launcher.Main.basicRun(Main.java:514)
	at org.eclipse.equinox.launcher.Main.run(Main.java:1311)
Caused by: java.lang.IllegalArgumentException: Argument not valid
	at org.eclipse.swt.SWT.error(SWT.java:3865)
	at org.eclipse.swt.SWT.error(SWT.java:3799)
	at org.eclipse.swt.SWT.error(SWT.java:3770)
	at org.eclipse.swt.custom.StyledText.setStyleRanges(StyledText.java:9031)
	at org.eclipse.swt.custom.StyledText.setStyleRanges(StyledText.java:9123)
	at org.eclipse.jface.text.TextPresentation.applyTextPresentation(TextPresentation.java:55)
	at org.eclipse.jface.text.DefaultInformationControl.setInformation(DefaultInformationControl.java:342)
	at org.eclipse.jface.text.AbstractInformationControlManager.internalShowInformationControl(AbstractInformationControlManager.java:1172)
	at org.eclipse.jface.text.AbstractInformationControlManager.presentInformation(AbstractInformationControlManager.java:1139)
	at org.eclipse.jface.text.AbstractHoverInformationControlManager.presentInformation(AbstractHoverInformationControlManager.java:902)
	at org.eclipse.jface.text.TextViewerHoverManager.doPresentInformation(TextViewerHoverManager.java:243)
	at org.eclipse.jface.text.TextViewerHoverManager$5.run(TextViewerHoverManager.java:233)
	at org.eclipse.swt.widgets.RunnableLock.run(RunnableLock.java:35)
	at org.eclipse.swt.widgets.Synchronizer.runAsyncMessages(Synchronizer.java:134)
	... 22 more

!ENTRY org.eclipse.ui 4 0 2012-06-10 11:47:11.677
!MESSAGE Unhandled event loop exception
!STACK 0
org.eclipse.swt.SWTException: Failed to execute runnable (java.lang.IllegalArgumentException: Argument not valid)
	at org.eclipse.swt.SWT.error(SWT.java:3884)
	at org.eclipse.swt.SWT.error(SWT.java:3799)
	at org.eclipse.swt.widgets.Synchronizer.runAsyncMessages(Synchronizer.java:137)
	at org.eclipse.swt.widgets.Display.runAsyncMessages(Display.java:3855)
	at org.eclipse.swt.widgets.Display.readAndDispatch(Display.java:3476)
	at org.eclipse.ui.internal.Workbench.runEventLoop(Workbench.java:2405)
	at org.eclipse.ui.internal.Workbench.runUI(Workbench.java:2369)
	at org.eclipse.ui.internal.Workbench.access$4(Workbench.java:2221)
	at org.eclipse.ui.internal.Workbench$5.run(Workbench.java:500)
	at org.eclipse.core.databinding.observable.Realm.runWithDefault(Realm.java:332)
	at org.eclipse.ui.internal.Workbench.createAndRunWorkbench(Workbench.java:493)
	at org.eclipse.ui.PlatformUI.createAndRunWorkbench(PlatformUI.java:149)
	at org.eclipse.ui.internal.ide.application.IDEApplication.start(IDEApplication.java:113)
	at org.eclipse.equinox.internal.app.EclipseAppHandle.run(EclipseAppHandle.java:194)
	at org.eclipse.core.runtime.internal.adaptor.EclipseAppLauncher.runApplication(EclipseAppLauncher.java:110)
	at org.eclipse.core.runtime.internal.adaptor.EclipseAppLauncher.start(EclipseAppLauncher.java:79)
	at org.eclipse.core.runtime.adaptor.EclipseStarter.run(EclipseStarter.java:368)
	at org.eclipse.core.runtime.adaptor.EclipseStarter.run(EclipseStarter.java:179)
	at sun.reflect.NativeMethodAccessorImpl.invoke0(Native Method)
	at sun.reflect.NativeMethodAccessorImpl.invoke(NativeMethodAccessorImpl.java:39)
	at sun.reflect.DelegatingMethodAccessorImpl.invoke(DelegatingMethodAccessorImpl.java:25)
	at java.lang.reflect.Method.invoke(Method.java:597)
	at org.eclipse.equinox.launcher.Main.invokeFramework(Main.java:559)
	at org.eclipse.equinox.launcher.Main.basicRun(Main.java:514)
	at org.eclipse.equinox.launcher.Main.run(Main.java:1311)
Caused by: java.lang.IllegalArgumentException: Argument not valid
	at org.eclipse.swt.SWT.error(SWT.java:3865)
	at org.eclipse.swt.SWT.error(SWT.java:3799)
	at org.eclipse.swt.SWT.error(SWT.java:3770)
	at org.eclipse.swt.custom.StyledText.setStyleRanges(StyledText.java:9031)
	at org.eclipse.swt.custom.StyledText.setStyleRanges(StyledText.java:9123)
	at org.eclipse.jface.text.TextPresentation.applyTextPresentation(TextPresentation.java:55)
	at org.eclipse.jface.text.DefaultInformationControl.setInformation(DefaultInformationControl.java:342)
	at org.eclipse.jface.text.AbstractInformationControlManager.internalShowInformationControl(AbstractInformationControlManager.java:1172)
	at org.eclipse.jface.text.AbstractInformationControlManager.presentInformation(AbstractInformationControlManager.java:1139)
	at org.eclipse.jface.text.AbstractHoverInformationControlManager.presentInformation(AbstractHoverInformationControlManager.java:902)
	at org.eclipse.jface.text.TextViewerHoverManager.doPresentInformation(TextViewerHoverManager.java:243)
	at org.eclipse.jface.text.TextViewerHoverManager$5.run(TextViewerHoverManager.java:233)
	at org.eclipse.swt.widgets.RunnableLock.run(RunnableLock.java:35)
	at org.eclipse.swt.widgets.Synchronizer.runAsyncMessages(Synchronizer.java:134)
	... 22 more
!SESSION 2012-06-13 18:59:50.322 -----------------------------------------------
eclipse.buildId=M20090917-0800
java.version=1.6.0_16
java.vendor=Sun Microsystems Inc.
BootLoader constants: OS=win32, ARCH=x86, WS=win32, NL=pt_BR
Framework arguments:  -product org.eclipse.epp.package.java.product
Command-line arguments:  -os win32 -ws win32 -arch x86 -product org.eclipse.epp.package.java.product

!ENTRY org.python.pydev.core 2 2 2012-06-13 19:01:02.324
!MESSAGE No ast manager configured for :analisador1
!STACK 0
java.lang.RuntimeException: No ast manager configured for :analisador1
	at org.python.pydev.editor.codecompletion.revisited.ProjectModulesManager.addModuleManagers(ProjectModulesManager.java:443)
	at org.python.pydev.editor.codecompletion.revisited.ProjectModulesManager.getManagers(ProjectModulesManager.java:358)
	at org.python.pydev.editor.codecompletion.revisited.ProjectModulesManager.getManagersInvolved(ProjectModulesManager.java:458)
	at org.python.pydev.editor.codecompletion.revisited.ProjectModulesManager.resolveModule(ProjectModulesManager.java:263)
	at org.python.pydev.editor.codecompletion.revisited.ProjectModulesManager.resolveModule(ProjectModulesManager.java:256)
	at org.python.pydev.plugin.nature.PythonNature.resolveModule(PythonNature.java:956)
	at org.python.pydev.plugin.nature.AbstractPythonNature.resolveModule(AbstractPythonNature.java:51)
	at org.python.pydev.editor.PyEdit.parserChanged(PyEdit.java:1386)
	at org.python.pydev.parser.PyParser.fireParserChanged(PyParser.java:348)
	at org.python.pydev.parser.PyParser.reparseDocument(PyParser.java:483)
	at org.python.pydev.parser.ParserScheduler.reparseDocument(ParserScheduler.java:159)
	at org.python.pydev.parser.ParsingThread.run(ParsingThread.java:51)

!ENTRY org.eclipse.jface 2 0 2012-06-13 19:01:18.551
!MESSAGE Keybinding conflicts occurred.  They may interfere with normal accelerator operation.
!SUBENTRY 1 org.eclipse.jface 2 0 2012-06-13 19:01:18.551
!MESSAGE A conflict occurred for ALT+CTRL+R:
Binding(ALT+CTRL+R,
	ParameterizedCommand(Command(org.eclipse.team.svn.ui.command.CompareWithRevisionCommand,URL...,
		,
		Category(org.eclipse.team.svn.ui.command.category,SVN,null,true),
		ActionDelegateHandlerProxy(null,org.eclipse.team.svn.ui.action.local.CompareWithRevisionAction),
		,,true),null),
	org.eclipse.ui.defaultAcceleratorConfiguration,
	org.eclipse.ui.contexts.window,,,system)
Binding(ALT+CTRL+R,
	ParameterizedCommand(Command(org.python.pydev.debug.setnext,Set Next Statement,
		,
		Category(org.python.pydev.ui.category.run,PyDev - Run,Python run category,true),
		,
		,,true),null),
	org.eclipse.ui.defaultAcceleratorConfiguration,
	org.eclipse.ui.contexts.window,,,system)

!ENTRY org.eclipse.jface 2 0 2012-06-13 19:05:41.655
!MESSAGE Keybinding conflicts occurred.  They may interfere with normal accelerator operation.
!SUBENTRY 1 org.eclipse.jface 2 0 2012-06-13 19:05:41.655
!MESSAGE A conflict occurred for CTRL+SHIFT+T:
Binding(CTRL+SHIFT+T,
	ParameterizedCommand(Command(org.eclipse.jdt.ui.navigate.open.type,Open Type,
		Open a type in a Java editor,
		Category(org.eclipse.ui.category.navigate,Navigate,null,true),
		,
		,,true),null),
	org.eclipse.ui.defaultAcceleratorConfiguration,
	org.eclipse.ui.contexts.window,,,system)
Binding(CTRL+SHIFT+T,
	ParameterizedCommand(Command(com.python.pydev.analysis.actions.pyGlobalsBrowserWorkbench,Python Show Global Tokens (Global),
		Python Show Global Tokens (Global),
		Category(org.python.pydev.ui.category.source,PyDev - Editor,PyDev editor category,true),
		ActionDelegateHandlerProxy(null,com.python.pydev.analysis.actions.PyGlobalsBrowserWorkbench),
		,,true),null),
	org.eclipse.ui.defaultAcceleratorConfiguration,
	com.python.pydev.contexts.window,,,system)
Binding(CTRL+SHIFT+T,
	ParameterizedCommand(Command(org.python.pydev.editor.actions.pyShowBrowser,Python Show Global Tokens (Editor),
		Python Show Global Tokens (Editor),
		Category(org.python.pydev.ui.category.source,PyDev - Editor,PyDev editor category,true),
		ActionDelegateHandlerProxy(null,org.python.pydev.editor.actions.PyShowBrowser),
		,,true),null),
	org.eclipse.ui.defaultAcceleratorConfiguration,
	org.python.pydev.ui.editor.scope,,,system)

!ENTRY org.eclipse.osgi 2 1 2012-06-13 19:30:29.690
!MESSAGE NLS unused message: missingOneOfTwoAttributes in: org.eclipse.wst.common.project.facet.core.internal.FacetedProjectFrameworkImpl

!ENTRY org.eclipse.osgi 2 1 2012-06-13 19:30:29.690
!MESSAGE NLS unused message: categoryNotDefined in: org.eclipse.wst.common.project.facet.core.internal.FacetedProjectFrameworkImpl

!ENTRY org.eclipse.osgi 2 1 2012-06-13 19:30:29.690
!MESSAGE NLS unused message: actionNotDefined in: org.eclipse.wst.common.project.facet.core.internal.FacetedProjectFrameworkImpl

!ENTRY org.eclipse.osgi 2 1 2012-06-13 19:30:29.690
!MESSAGE NLS unused message: actionAlreadyDefined in: org.eclipse.wst.common.project.facet.core.internal.FacetedProjectFrameworkImpl

!ENTRY org.eclipse.osgi 2 1 2012-06-13 19:30:29.690
!MESSAGE NLS unused message: presetNotDefined in: org.eclipse.wst.common.project.facet.core.internal.FacetedProjectFrameworkImpl

!ENTRY org.eclipse.osgi 2 1 2012-06-13 19:30:29.705
!MESSAGE NLS unused message: templateNotDefined in: org.eclipse.wst.common.project.facet.core.internal.FacetedProjectFrameworkImpl

!ENTRY org.eclipse.osgi 2 1 2012-06-13 19:30:29.705
!MESSAGE NLS unused message: invalidActionType in: org.eclipse.wst.common.project.facet.core.internal.FacetedProjectFrameworkImpl

!ENTRY org.eclipse.osgi 2 1 2012-06-13 19:30:29.705
!MESSAGE NLS unused message: invalidEventHandlerType in: org.eclipse.wst.common.project.facet.core.internal.FacetedProjectFrameworkImpl

!ENTRY org.eclipse.osgi 2 1 2012-06-13 19:30:29.705
!MESSAGE NLS unused message: invalidRequiresConstraint in: org.eclipse.wst.common.project.facet.core.internal.FacetedProjectFrameworkImpl

!ENTRY org.eclipse.osgi 2 1 2012-06-13 19:30:29.705
!MESSAGE NLS unused message: invalidConflictsConstraint in: org.eclipse.wst.common.project.facet.core.internal.FacetedProjectFrameworkImpl

!ENTRY org.eclipse.osgi 2 1 2012-06-13 19:30:29.705
!MESSAGE NLS unused message: deprecatedRuntimeChangedAction in: org.eclipse.wst.common.project.facet.core.internal.FacetedProjectFrameworkImpl

!ENTRY org.eclipse.osgi 2 1 2012-06-13 19:30:29.705
!MESSAGE NLS unused message: tracingActionSorting in: org.eclipse.wst.common.project.facet.core.internal.FacetedProjectFrameworkImpl

!ENTRY org.eclipse.osgi 2 1 2012-06-13 19:30:29.721
!MESSAGE NLS unused message: tracingFrameworkActivationStarting in: org.eclipse.wst.common.project.facet.core.internal.FacetedProjectFrameworkImpl

!ENTRY org.eclipse.osgi 2 1 2012-06-13 19:30:29.721
!MESSAGE NLS unused message: tracingFrameworkActivationFinished in: org.eclipse.wst.common.project.facet.core.internal.FacetedProjectFrameworkImpl

!ENTRY org.eclipse.osgi 2 1 2012-06-13 19:30:29.737
!MESSAGE NLS missing message: problemCaseNotRecognized in: org.eclipse.wst.common.project.facet.core.internal.FacetedProjectFrameworkImpl

!ENTRY org.eclipse.osgi 2 1 2012-06-13 19:30:29.737
!MESSAGE NLS missing message: runtimeComponentTypeNotDefined in: org.eclipse.wst.common.project.facet.core.internal.FacetedProjectFrameworkImpl

!ENTRY org.eclipse.wst.common.project.facet.core 4 0 2012-06-13 19:30:29.737
!MESSAGE Project facet jst.web has not been defined. It is used in plugin org.eclipse.wst.jsdt.web.core.

!ENTRY org.eclipse.ui 4 0 2012-06-13 20:05:52.627
!MESSAGE Unhandled event loop exception
!STACK 0
org.eclipse.swt.SWTException: Failed to execute runnable (java.lang.IllegalArgumentException: Argument not valid)
	at org.eclipse.swt.SWT.error(SWT.java:3884)
	at org.eclipse.swt.SWT.error(SWT.java:3799)
	at org.eclipse.swt.widgets.Synchronizer.runAsyncMessages(Synchronizer.java:137)
	at org.eclipse.swt.widgets.Display.runAsyncMessages(Display.java:3855)
	at org.eclipse.swt.widgets.Display.readAndDispatch(Display.java:3476)
	at org.eclipse.ui.internal.Workbench.runEventLoop(Workbench.java:2405)
	at org.eclipse.ui.internal.Workbench.runUI(Workbench.java:2369)
	at org.eclipse.ui.internal.Workbench.access$4(Workbench.java:2221)
	at org.eclipse.ui.internal.Workbench$5.run(Workbench.java:500)
	at org.eclipse.core.databinding.observable.Realm.runWithDefault(Realm.java:332)
	at org.eclipse.ui.internal.Workbench.createAndRunWorkbench(Workbench.java:493)
	at org.eclipse.ui.PlatformUI.createAndRunWorkbench(PlatformUI.java:149)
	at org.eclipse.ui.internal.ide.application.IDEApplication.start(IDEApplication.java:113)
	at org.eclipse.equinox.internal.app.EclipseAppHandle.run(EclipseAppHandle.java:194)
	at org.eclipse.core.runtime.internal.adaptor.EclipseAppLauncher.runApplication(EclipseAppLauncher.java:110)
	at org.eclipse.core.runtime.internal.adaptor.EclipseAppLauncher.start(EclipseAppLauncher.java:79)
	at org.eclipse.core.runtime.adaptor.EclipseStarter.run(EclipseStarter.java:368)
	at org.eclipse.core.runtime.adaptor.EclipseStarter.run(EclipseStarter.java:179)
	at sun.reflect.NativeMethodAccessorImpl.invoke0(Native Method)
	at sun.reflect.NativeMethodAccessorImpl.invoke(NativeMethodAccessorImpl.java:39)
	at sun.reflect.DelegatingMethodAccessorImpl.invoke(DelegatingMethodAccessorImpl.java:25)
	at java.lang.reflect.Method.invoke(Method.java:597)
	at org.eclipse.equinox.launcher.Main.invokeFramework(Main.java:559)
	at org.eclipse.equinox.launcher.Main.basicRun(Main.java:514)
	at org.eclipse.equinox.launcher.Main.run(Main.java:1311)
Caused by: java.lang.IllegalArgumentException: Argument not valid
	at org.eclipse.swt.SWT.error(SWT.java:3865)
	at org.eclipse.swt.SWT.error(SWT.java:3799)
	at org.eclipse.swt.SWT.error(SWT.java:3770)
	at org.eclipse.swt.custom.StyledText.setStyleRanges(StyledText.java:9031)
	at org.eclipse.swt.custom.StyledText.setStyleRanges(StyledText.java:9123)
	at org.eclipse.jface.text.TextPresentation.applyTextPresentation(TextPresentation.java:55)
	at org.eclipse.jface.text.DefaultInformationControl.setInformation(DefaultInformationControl.java:342)
	at org.eclipse.jface.text.AbstractInformationControlManager.internalShowInformationControl(AbstractInformationControlManager.java:1172)
	at org.eclipse.jface.text.AbstractInformationControlManager.presentInformation(AbstractInformationControlManager.java:1139)
	at org.eclipse.jface.text.AbstractHoverInformationControlManager.presentInformation(AbstractHoverInformationControlManager.java:902)
	at org.eclipse.jface.text.TextViewerHoverManager.doPresentInformation(TextViewerHoverManager.java:243)
	at org.eclipse.jface.text.TextViewerHoverManager$5.run(TextViewerHoverManager.java:233)
	at org.eclipse.swt.widgets.RunnableLock.run(RunnableLock.java:35)
	at org.eclipse.swt.widgets.Synchronizer.runAsyncMessages(Synchronizer.java:134)
	... 22 more

!ENTRY org.python.pydev.core 1 1 2012-06-13 20:17:42.871
!MESSAGE Did not expect adapter request: interface org.eclipse.dltk.core.IModelElement
!STACK 0
java.lang.RuntimeException: Did not expect adapter request: interface org.eclipse.dltk.core.IModelElement
	at org.python.pydev.core.log.Log.logInfo(Log.java:112)
	at org.python.pydev.navigator.elements.WrappedResource.getAdapterFromActualObject(WrappedResource.java:159)
	at org.python.pydev.navigator.elements.WrappedResource.getAdapter(WrappedResource.java:105)
	at org.eclipse.php.internal.debug.ui.PropertyTesters.PHPLaunchPropertyTester.getResource(PHPLaunchPropertyTester.java:80)
	at org.eclipse.php.internal.debug.ui.PropertyTesters.PHPLaunchPropertyTester.test(PHPLaunchPropertyTester.java:65)
	at org.eclipse.core.internal.expressions.Property.test(Property.java:58)
	at org.eclipse.core.internal.expressions.TestExpression.evaluate(TestExpression.java:99)
	at org.eclipse.core.internal.expressions.CompositeExpression.evaluateAnd(CompositeExpression.java:53)
	at org.eclipse.core.internal.expressions.EnablementExpression.evaluate(EnablementExpression.java:53)
	at org.eclipse.debug.internal.ui.launchConfigurations.LaunchShortcutExtension.evalEnablementExpression(LaunchShortcutExtension.java:287)
	at org.eclipse.debug.ui.actions.ContextualLaunchAction.isApplicable(ContextualLaunchAction.java:287)
	at org.eclipse.debug.ui.actions.ContextualLaunchAction.fillMenu(ContextualLaunchAction.java:217)
	at org.eclipse.debug.ui.actions.ContextualLaunchAction$1.menuShown(ContextualLaunchAction.java:136)
	at org.eclipse.swt.widgets.TypedListener.handleEvent(TypedListener.java:235)
	at org.eclipse.swt.widgets.EventTable.sendEvent(EventTable.java:84)
	at org.eclipse.swt.widgets.Widget.sendEvent(Widget.java:1003)
	at org.eclipse.swt.widgets.Widget.sendEvent(Widget.java:1027)
	at org.eclipse.swt.widgets.Widget.sendEvent(Widget.java:1012)
	at org.eclipse.swt.widgets.Widget.notifyListeners(Widget.java:770)
	at org.eclipse.jface.action.ActionContributionItem.copyMenu(ActionContributionItem.java:1268)
	at org.eclipse.jface.action.ActionContributionItem.handleShowProxy(ActionContributionItem.java:1248)
	at org.eclipse.jface.action.ActionContributionItem.access$4(ActionContributionItem.java:1237)
	at org.eclipse.jface.action.ActionContributionItem$8.handleEvent(ActionContributionItem.java:1210)
	at org.eclipse.swt.widgets.EventTable.sendEvent(EventTable.java:84)
	at org.eclipse.swt.widgets.Widget.sendEvent(Widget.java:1003)
	at org.eclipse.swt.widgets.Widget.sendEvent(Widget.java:1027)
	at org.eclipse.swt.widgets.Widget.sendEvent(Widget.java:1008)
	at org.eclipse.swt.widgets.Control.WM_INITMENUPOPUP(Control.java:4270)
	at org.eclipse.swt.widgets.Control.windowProc(Control.java:3974)
	at org.eclipse.swt.widgets.Canvas.windowProc(Canvas.java:342)
	at org.eclipse.swt.widgets.Decorations.windowProc(Decorations.java:1578)
	at org.eclipse.swt.widgets.Shell.windowProc(Shell.java:2010)
	at org.eclipse.swt.widgets.Display.windowProc(Display.java:4602)
	at org.eclipse.swt.internal.win32.OS.TrackPopupMenu(Native Method)
	at org.eclipse.swt.widgets.Menu._setVisible(Menu.java:254)
	at org.eclipse.swt.widgets.Display.runPopups(Display.java:3906)
	at org.eclipse.swt.widgets.Display.readAndDispatch(Display.java:3467)
	at org.eclipse.ui.internal.Workbench.runEventLoop(Workbench.java:2405)
	at org.eclipse.ui.internal.Workbench.runUI(Workbench.java:2369)
	at org.eclipse.ui.internal.Workbench.access$4(Workbench.java:2221)
	at org.eclipse.ui.internal.Workbench$5.run(Workbench.java:500)
	at org.eclipse.core.databinding.observable.Realm.runWithDefault(Realm.java:332)
	at org.eclipse.ui.internal.Workbench.createAndRunWorkbench(Workbench.java:493)
	at org.eclipse.ui.PlatformUI.createAndRunWorkbench(PlatformUI.java:149)
	at org.eclipse.ui.internal.ide.application.IDEApplication.start(IDEApplication.java:113)
	at org.eclipse.equinox.internal.app.EclipseAppHandle.run(EclipseAppHandle.java:194)
	at org.eclipse.core.runtime.internal.adaptor.EclipseAppLauncher.runApplication(EclipseAppLauncher.java:110)
	at org.eclipse.core.runtime.internal.adaptor.EclipseAppLauncher.start(EclipseAppLauncher.java:79)
	at org.eclipse.core.runtime.adaptor.EclipseStarter.run(EclipseStarter.java:368)
	at org.eclipse.core.runtime.adaptor.EclipseStarter.run(EclipseStarter.java:179)
	at sun.reflect.NativeMethodAccessorImpl.invoke0(Native Method)
	at sun.reflect.NativeMethodAccessorImpl.invoke(NativeMethodAccessorImpl.java:39)
	at sun.reflect.DelegatingMethodAccessorImpl.invoke(DelegatingMethodAccessorImpl.java:25)
	at java.lang.reflect.Method.invoke(Method.java:597)
	at org.eclipse.equinox.launcher.Main.invokeFramework(Main.java:559)
	at org.eclipse.equinox.launcher.Main.basicRun(Main.java:514)
	at org.eclipse.equinox.launcher.Main.run(Main.java:1311)

!ENTRY org.python.pydev.core 4 4 2012-06-13 21:16:54.707
!MESSAGE The module random could not be found nor created!
!STACK 0
java.lang.RuntimeException: The module random could not be found nor created!
	at org.python.pydev.core.log.Log.log(Log.java:99)
	at org.python.pydev.editor.codecompletion.revisited.ModulesManager.getModule(ModulesManager.java:879)
	at org.python.pydev.editor.codecompletion.revisited.ProjectModulesManager.getRelativeModule(ProjectModulesManager.java:169)
	at org.python.pydev.editor.codecompletion.revisited.AbstractASTManager.getModule(AbstractASTManager.java:454)
	at org.python.pydev.editor.codecompletion.revisited.AbstractASTManager.findModuleFromPath(AbstractASTManager.java:1457)
	at org.python.pydev.editor.codecompletion.revisited.AbstractASTManager.findOnImportedMods(AbstractASTManager.java:1301)
	at org.python.pydev.editor.codecompletion.revisited.AbstractASTManager.findOnImportedMods(AbstractASTManager.java:1207)
	at com.python.pydev.analysis.visitors.ImportChecker.visitImportToken(ImportChecker.java:158)
	at com.python.pydev.analysis.visitors.ImportChecker.visitImportToken(ImportChecker.java:139)
	at com.python.pydev.analysis.visitors.Scope.addImportTokens(Scope.java:174)
	at com.python.pydev.analysis.scopeanalysis.AbstractScopeAnalyzerVisitor.visitImport(AbstractScopeAnalyzerVisitor.java:493)
	at org.python.pydev.parser.jython.ast.Import.accept(Import.java:73)
	at org.python.pydev.parser.jython.ast.Module.traverse(Module.java:79)
	at com.python.pydev.analysis.scopeanalysis.AbstractScopeAnalyzerVisitor.traverse(AbstractScopeAnalyzerVisitor.java:191)
	at com.python.pydev.analysis.visitors.OccurrencesVisitor.traverse(OccurrencesVisitor.java:233)
	at org.python.pydev.parser.jython.ast.VisitorBase.visitModule(VisitorBase.java:9)
	at org.python.pydev.parser.jython.ast.Module.accept(Module.java:72)
	at com.python.pydev.analysis.OccurrencesAnalyzer.analyzeDocument(OccurrencesAnalyzer.java:47)
	at com.python.pydev.analysis.builder.AnalysisBuilderRunnable.doAnalysis(AnalysisBuilderRunnable.java:242)
	at com.python.pydev.analysis.builder.AbstractAnalysisBuilderRunnable.run(AbstractAnalysisBuilderRunnable.java:156)
	at org.python.pydev.core.concurrency.RunnableAsJobsPoolThread$1.run(RunnableAsJobsPoolThread.java:103)
	at org.eclipse.core.internal.jobs.Worker.run(Worker.java:55)

!ENTRY org.python.pydev.core 4 4 2012-06-13 21:17:25.945
!MESSAGE Launch configuration api random.py at file:/E:/Workspace/WS_TG/.metadata/.plugins/org.eclipse.debug.core/.launches/api%20random.py.launch does not exist.
!STACK 1
org.eclipse.debug.core.DebugException: Launch configuration api random.py at file:/E:/Workspace/WS_TG/.metadata/.plugins/org.eclipse.debug.core/.launches/api%20random.py.launch does not exist.
	at org.eclipse.debug.internal.core.LaunchManager.createDebugException(LaunchManager.java:887)
	at org.eclipse.debug.internal.core.LaunchManager.getInfo(LaunchManager.java:1337)
	at org.eclipse.debug.internal.core.LaunchConfiguration.getInfo(LaunchConfiguration.java:453)
	at org.eclipse.debug.internal.core.LaunchConfiguration.getAttribute(LaunchConfiguration.java:388)
	at org.eclipse.debug.internal.core.LaunchConfiguration.getModes(LaunchConfiguration.java:606)
	at org.eclipse.debug.internal.core.LaunchConfiguration.launch(LaunchConfiguration.java:730)
	at org.eclipse.debug.internal.core.LaunchConfiguration.launch(LaunchConfiguration.java:703)
	at org.eclipse.debug.internal.core.LaunchConfiguration.launch(LaunchConfiguration.java:696)
	at org.python.pydev.debug.ui.actions.RestartLaunchAction.relaunch(RestartLaunchAction.java:74)
	at org.python.pydev.debug.ui.actions.RestartLaunchAction.run(RestartLaunchAction.java:82)
	at org.python.pydev.debug.ui.actions.RestartLaunchAction.run(RestartLaunchAction.java:86)
	at org.eclipse.jface.action.Action.runWithEvent(Action.java:498)
	at org.eclipse.jface.action.ActionContributionItem.handleWidgetSelection(ActionContributionItem.java:584)
	at org.eclipse.jface.action.ActionContributionItem.access$2(ActionContributionItem.java:501)
	at org.eclipse.jface.action.ActionContributionItem$6.handleEvent(ActionContributionItem.java:452)
	at org.eclipse.swt.widgets.EventTable.sendEvent(EventTable.java:84)
	at org.eclipse.swt.widgets.Widget.sendEvent(Widget.java:1003)
	at org.eclipse.swt.widgets.Display.runDeferredEvents(Display.java:3880)
	at org.eclipse.swt.widgets.Display.readAndDispatch(Display.java:3473)
	at org.eclipse.ui.internal.Workbench.runEventLoop(Workbench.java:2405)
	at org.eclipse.ui.internal.Workbench.runUI(Workbench.java:2369)
	at org.eclipse.ui.internal.Workbench.access$4(Workbench.java:2221)
	at org.eclipse.ui.internal.Workbench$5.run(Workbench.java:500)
	at org.eclipse.core.databinding.observable.Realm.runWithDefault(Realm.java:332)
	at org.eclipse.ui.internal.Workbench.createAndRunWorkbench(Workbench.java:493)
	at org.eclipse.ui.PlatformUI.createAndRunWorkbench(PlatformUI.java:149)
	at org.eclipse.ui.internal.ide.application.IDEApplication.start(IDEApplication.java:113)
	at org.eclipse.equinox.internal.app.EclipseAppHandle.run(EclipseAppHandle.java:194)
	at org.eclipse.core.runtime.internal.adaptor.EclipseAppLauncher.runApplication(EclipseAppLauncher.java:110)
	at org.eclipse.core.runtime.internal.adaptor.EclipseAppLauncher.start(EclipseAppLauncher.java:79)
	at org.eclipse.core.runtime.adaptor.EclipseStarter.run(EclipseStarter.java:368)
	at org.eclipse.core.runtime.adaptor.EclipseStarter.run(EclipseStarter.java:179)
	at sun.reflect.NativeMethodAccessorImpl.invoke0(Native Method)
	at sun.reflect.NativeMethodAccessorImpl.invoke(NativeMethodAccessorImpl.java:39)
	at sun.reflect.DelegatingMethodAccessorImpl.invoke(DelegatingMethodAccessorImpl.java:25)
	at java.lang.reflect.Method.invoke(Method.java:597)
	at org.eclipse.equinox.launcher.Main.invokeFramework(Main.java:559)
	at org.eclipse.equinox.launcher.Main.basicRun(Main.java:514)
	at org.eclipse.equinox.launcher.Main.run(Main.java:1311)
!SUBENTRY 1 org.eclipse.debug.core 4 5012 2012-06-13 21:17:25.946
!MESSAGE Launch configuration api random.py at file:/E:/Workspace/WS_TG/.metadata/.plugins/org.eclipse.debug.core/.launches/api%20random.py.launch does not exist.
!SESSION 2012-06-25 19:42:54.388 -----------------------------------------------
eclipse.buildId=M20090917-0800
java.version=1.6.0_16
java.vendor=Sun Microsystems Inc.
BootLoader constants: OS=win32, ARCH=x86, WS=win32, NL=pt_BR
Framework arguments:  -product org.eclipse.epp.package.java.product
Command-line arguments:  -os win32 -ws win32 -arch x86 -product org.eclipse.epp.package.java.product

!ENTRY org.eclipse.jface 2 0 2012-06-25 19:44:20.591
!MESSAGE Keybinding conflicts occurred.  They may interfere with normal accelerator operation.
!SUBENTRY 1 org.eclipse.jface 2 0 2012-06-25 19:44:20.591
!MESSAGE A conflict occurred for ALT+CTRL+R:
Binding(ALT+CTRL+R,
	ParameterizedCommand(Command(org.eclipse.team.svn.ui.command.CompareWithRevisionCommand,URL...,
		,
		Category(org.eclipse.team.svn.ui.command.category,SVN,null,true),
		ActionDelegateHandlerProxy(null,org.eclipse.team.svn.ui.action.local.CompareWithRevisionAction),
		,,true),null),
	org.eclipse.ui.defaultAcceleratorConfiguration,
	org.eclipse.ui.contexts.window,,,system)
Binding(ALT+CTRL+R,
	ParameterizedCommand(Command(org.python.pydev.debug.setnext,Set Next Statement,
		,
		Category(org.python.pydev.ui.category.run,PyDev - Run,Python run category,true),
		,
		,,true),null),
	org.eclipse.ui.defaultAcceleratorConfiguration,
	org.eclipse.ui.contexts.window,,,system)

!ENTRY org.eclipse.osgi 2 1 2012-06-25 19:46:15.161
!MESSAGE NLS unused message: missingOneOfTwoAttributes in: org.eclipse.wst.common.project.facet.core.internal.FacetedProjectFrameworkImpl

!ENTRY org.eclipse.osgi 2 1 2012-06-25 19:46:15.161
!MESSAGE NLS unused message: categoryNotDefined in: org.eclipse.wst.common.project.facet.core.internal.FacetedProjectFrameworkImpl

!ENTRY org.eclipse.osgi 2 1 2012-06-25 19:46:15.161
!MESSAGE NLS unused message: actionNotDefined in: org.eclipse.wst.common.project.facet.core.internal.FacetedProjectFrameworkImpl

!ENTRY org.eclipse.osgi 2 1 2012-06-25 19:46:15.161
!MESSAGE NLS unused message: actionAlreadyDefined in: org.eclipse.wst.common.project.facet.core.internal.FacetedProjectFrameworkImpl

!ENTRY org.eclipse.osgi 2 1 2012-06-25 19:46:15.161
!MESSAGE NLS unused message: presetNotDefined in: org.eclipse.wst.common.project.facet.core.internal.FacetedProjectFrameworkImpl

!ENTRY org.eclipse.osgi 2 1 2012-06-25 19:46:15.161
!MESSAGE NLS unused message: templateNotDefined in: org.eclipse.wst.common.project.facet.core.internal.FacetedProjectFrameworkImpl

!ENTRY org.eclipse.osgi 2 1 2012-06-25 19:46:15.177
!MESSAGE NLS unused message: invalidActionType in: org.eclipse.wst.common.project.facet.core.internal.FacetedProjectFrameworkImpl

!ENTRY org.eclipse.osgi 2 1 2012-06-25 19:46:15.177
!MESSAGE NLS unused message: invalidEventHandlerType in: org.eclipse.wst.common.project.facet.core.internal.FacetedProjectFrameworkImpl

!ENTRY org.eclipse.osgi 2 1 2012-06-25 19:46:15.177
!MESSAGE NLS unused message: invalidRequiresConstraint in: org.eclipse.wst.common.project.facet.core.internal.FacetedProjectFrameworkImpl

!ENTRY org.eclipse.osgi 2 1 2012-06-25 19:46:15.177
!MESSAGE NLS unused message: invalidConflictsConstraint in: org.eclipse.wst.common.project.facet.core.internal.FacetedProjectFrameworkImpl

!ENTRY org.eclipse.osgi 2 1 2012-06-25 19:46:15.177
!MESSAGE NLS unused message: deprecatedRuntimeChangedAction in: org.eclipse.wst.common.project.facet.core.internal.FacetedProjectFrameworkImpl

!ENTRY org.eclipse.osgi 2 1 2012-06-25 19:46:15.177
!MESSAGE NLS unused message: tracingActionSorting in: org.eclipse.wst.common.project.facet.core.internal.FacetedProjectFrameworkImpl

!ENTRY org.eclipse.osgi 2 1 2012-06-25 19:46:15.177
!MESSAGE NLS unused message: tracingFrameworkActivationStarting in: org.eclipse.wst.common.project.facet.core.internal.FacetedProjectFrameworkImpl

!ENTRY org.eclipse.osgi 2 1 2012-06-25 19:46:15.177
!MESSAGE NLS unused message: tracingFrameworkActivationFinished in: org.eclipse.wst.common.project.facet.core.internal.FacetedProjectFrameworkImpl

!ENTRY org.eclipse.osgi 2 1 2012-06-25 19:46:15.193
!MESSAGE NLS missing message: problemCaseNotRecognized in: org.eclipse.wst.common.project.facet.core.internal.FacetedProjectFrameworkImpl

!ENTRY org.eclipse.osgi 2 1 2012-06-25 19:46:15.193
!MESSAGE NLS missing message: runtimeComponentTypeNotDefined in: org.eclipse.wst.common.project.facet.core.internal.FacetedProjectFrameworkImpl

!ENTRY org.eclipse.wst.common.project.facet.core 4 0 2012-06-25 19:46:15.193
!MESSAGE Project facet jst.web has not been defined. It is used in plugin org.eclipse.wst.jsdt.web.core.

!ENTRY org.eclipse.jface 2 0 2012-06-25 19:48:26.536
!MESSAGE Keybinding conflicts occurred.  They may interfere with normal accelerator operation.
!SUBENTRY 1 org.eclipse.jface 2 0 2012-06-25 19:48:26.536
!MESSAGE A conflict occurred for CTRL+SHIFT+T:
Binding(CTRL+SHIFT+T,
	ParameterizedCommand(Command(org.eclipse.jdt.ui.navigate.open.type,Open Type,
		Open a type in a Java editor,
		Category(org.eclipse.ui.category.navigate,Navigate,null,true),
		,
		,,true),null),
	org.eclipse.ui.defaultAcceleratorConfiguration,
	org.eclipse.ui.contexts.window,,,system)
Binding(CTRL+SHIFT+T,
	ParameterizedCommand(Command(com.python.pydev.analysis.actions.pyGlobalsBrowserWorkbench,Python Show Global Tokens (Global),
		Python Show Global Tokens (Global),
		Category(org.python.pydev.ui.category.source,PyDev - Editor,PyDev editor category,true),
		ActionDelegateHandlerProxy(null,com.python.pydev.analysis.actions.PyGlobalsBrowserWorkbench),
		,,true),null),
	org.eclipse.ui.defaultAcceleratorConfiguration,
	com.python.pydev.contexts.window,,,system)
Binding(CTRL+SHIFT+T,
	ParameterizedCommand(Command(org.python.pydev.editor.actions.pyShowBrowser,Python Show Global Tokens (Editor),
		Python Show Global Tokens (Editor),
		Category(org.python.pydev.ui.category.source,PyDev - Editor,PyDev editor category,true),
		ActionDelegateHandlerProxy(null,org.python.pydev.editor.actions.PyShowBrowser),
		,,true),null),
	org.eclipse.ui.defaultAcceleratorConfiguration,
	org.python.pydev.ui.editor.scope,,,system)

!ENTRY org.python.pydev.core 4 4 2012-06-25 19:52:24.017
!MESSAGE Error checking for valid tokens (imports) for analisador
!STACK 0
org.python.pydev.core.structure.CompletionRecursionException: Possible recursion found -- probably programming error --  (module: nltk.corpus.reader.util, token: movie_reviews) - stopping analysis.
	at org.python.pydev.editor.codecompletion.revisited.CompletionState.checkFindModuleCompletionsMemory(CompletionState.java:289)
	at org.python.pydev.editor.codecompletion.revisited.AbstractASTManager.internalGenerateGetCompletionsForModule(AbstractASTManager.java:709)
	at org.python.pydev.editor.codecompletion.revisited.AbstractASTManager.getCompletionsForModule(AbstractASTManager.java:545)
	at org.python.pydev.editor.codecompletion.revisited.AbstractASTManager.getCompletionsForModule(AbstractASTManager.java:516)
	at org.python.pydev.editor.codecompletion.revisited.AbstractASTManager.getCompletionsForModule(AbstractASTManager.java:508)
	at org.python.pydev.editor.codecompletion.revisited.AbstractASTManager.getCompletionsForModule(AbstractASTManager.java:500)
	at org.python.pydev.editor.codecompletion.revisited.AbstractASTManager.internalGenerateGetCompletionsForModule(AbstractASTManager.java:710)
	at org.python.pydev.editor.codecompletion.revisited.AbstractASTManager.getCompletionsForModule(AbstractASTManager.java:545)
	at org.python.pydev.editor.codecompletion.revisited.AbstractASTManager.getCompletionsForModule(AbstractASTManager.java:516)
	at org.python.pydev.editor.codecompletion.revisited.AbstractASTManager.getCompletionsForModule(AbstractASTManager.java:508)
	at org.python.pydev.editor.codecompletion.revisited.AbstractASTManager.getCompletionsForModule(AbstractASTManager.java:500)
	at org.python.pydev.editor.codecompletion.revisited.AbstractASTManager.internalGenerateGetCompletionsForModule(AbstractASTManager.java:710)
	at org.python.pydev.editor.codecompletion.revisited.AbstractASTManager.getCompletionsForModule(AbstractASTManager.java:545)
	at org.python.pydev.editor.codecompletion.revisited.AbstractASTManager.getCompletionsForModule(AbstractASTManager.java:516)
	at org.python.pydev.editor.codecompletion.revisited.AbstractASTManager.getCompletionsForModule(AbstractASTManager.java:508)
	at org.python.pydev.editor.codecompletion.revisited.modules.AbstractModule.internalGenerateCachedTokens(AbstractModule.java:179)
	at org.python.pydev.editor.codecompletion.revisited.modules.AbstractModule.isInGlobalTokens(AbstractModule.java:135)
	at com.python.pydev.analysis.scopeanalysis.AbstractScopeAnalyzerVisitor.markRead(AbstractScopeAnalyzerVisitor.java:1099)
	at com.python.pydev.analysis.scopeanalysis.AbstractScopeAnalyzerVisitor.visitAttribute(AbstractScopeAnalyzerVisitor.java:627)
	at org.python.pydev.parser.jython.ast.Attribute.accept(Attribute.java:80)
	at org.python.pydev.parser.jython.ast.Call.traverse(Call.java:121)
	at com.python.pydev.analysis.scopeanalysis.AbstractScopeAnalyzerVisitor.traverse(AbstractScopeAnalyzerVisitor.java:191)
	at com.python.pydev.analysis.visitors.OccurrencesVisitor.traverse(OccurrencesVisitor.java:233)
	at org.python.pydev.parser.jython.ast.VisitorBase.visitCall(VisitorBase.java:267)
	at com.python.pydev.analysis.visitors.OccurrencesVisitor.visitCall(OccurrencesVisitor.java:197)
	at org.python.pydev.parser.jython.ast.Call.accept(Call.java:116)
	at com.python.pydev.analysis.scopeanalysis.AbstractScopeAnalyzerVisitor.visitAssign(AbstractScopeAnalyzerVisitor.java:744)
	at com.python.pydev.analysis.visitors.OccurrencesVisitor.visitAssign(OccurrencesVisitor.java:173)
	at org.python.pydev.parser.jython.ast.Assign.accept(Assign.java:81)
	at com.python.pydev.analysis.visitors.OccurrencesVisitor.traverse(OccurrencesVisitor.java:101)
	at com.python.pydev.analysis.visitors.OccurrencesVisitor.traverse(OccurrencesVisitor.java:227)
	at org.python.pydev.parser.jython.ast.VisitorBase.visitIf(VisitorBase.java:99)
	at com.python.pydev.analysis.scopeanalysis.AbstractScopeAnalyzerVisitor.visitIf(AbstractScopeAnalyzerVisitor.java:763)
	at org.python.pydev.parser.jython.ast.If.accept(If.java:89)
	at com.python.pydev.analysis.scopeanalysis.AbstractScopeAnalyzerVisitor.visitFunctionDef(AbstractScopeAnalyzerVisitor.java:366)
	at org.python.pydev.parser.jython.ast.FunctionDef.accept(FunctionDef.java:117)
	at com.python.pydev.analysis.scopeanalysis.AbstractScopeAnalyzerVisitor.visitClassDef(AbstractScopeAnalyzerVisitor.java:225)
	at org.python.pydev.parser.jython.ast.ClassDef.accept(ClassDef.java:150)
	at org.python.pydev.parser.jython.ast.Module.traverse(Module.java:79)
	at com.python.pydev.analysis.scopeanalysis.AbstractScopeAnalyzerVisitor.traverse(AbstractScopeAnalyzerVisitor.java:191)
	at com.python.pydev.analysis.visitors.OccurrencesVisitor.traverse(OccurrencesVisitor.java:233)
	at org.python.pydev.parser.jython.ast.VisitorBase.visitModule(VisitorBase.java:9)
	at org.python.pydev.parser.jython.ast.Module.accept(Module.java:72)
	at com.python.pydev.analysis.OccurrencesAnalyzer.analyzeDocument(OccurrencesAnalyzer.java:47)
	at com.python.pydev.analysis.builder.AnalysisBuilderRunnable.doAnalysis(AnalysisBuilderRunnable.java:242)
	at com.python.pydev.analysis.builder.AbstractAnalysisBuilderRunnable.run(AbstractAnalysisBuilderRunnable.java:156)
	at org.python.pydev.core.concurrency.RunnableAsJobsPoolThread$1.run(RunnableAsJobsPoolThread.java:103)
	at org.eclipse.core.internal.jobs.Worker.run(Worker.java:55)

!ENTRY org.python.pydev.core 1 1 2012-06-25 20:04:19.245
!MESSAGE Did not expect adapter request: interface org.eclipse.dltk.core.IModelElement
!STACK 0
java.lang.RuntimeException: Did not expect adapter request: interface org.eclipse.dltk.core.IModelElement
	at org.python.pydev.core.log.Log.logInfo(Log.java:112)
	at org.python.pydev.navigator.elements.WrappedResource.getAdapterFromActualObject(WrappedResource.java:159)
	at org.python.pydev.navigator.elements.WrappedResource.getAdapter(WrappedResource.java:105)
	at org.eclipse.php.internal.debug.ui.PropertyTesters.PHPLaunchPropertyTester.getResource(PHPLaunchPropertyTester.java:80)
	at org.eclipse.php.internal.debug.ui.PropertyTesters.PHPLaunchPropertyTester.test(PHPLaunchPropertyTester.java:65)
	at org.eclipse.core.internal.expressions.Property.test(Property.java:58)
	at org.eclipse.core.internal.expressions.TestExpression.evaluate(TestExpression.java:99)
	at org.eclipse.core.internal.expressions.CompositeExpression.evaluateAnd(CompositeExpression.java:53)
	at org.eclipse.core.internal.expressions.EnablementExpression.evaluate(EnablementExpression.java:53)
	at org.eclipse.debug.internal.ui.launchConfigurations.LaunchShortcutExtension.evalEnablementExpression(LaunchShortcutExtension.java:287)
	at org.eclipse.debug.ui.actions.ContextualLaunchAction.isApplicable(ContextualLaunchAction.java:287)
	at org.eclipse.debug.ui.actions.ContextualLaunchAction.fillMenu(ContextualLaunchAction.java:217)
	at org.eclipse.debug.ui.actions.ContextualLaunchAction$1.menuShown(ContextualLaunchAction.java:136)
	at org.eclipse.swt.widgets.TypedListener.handleEvent(TypedListener.java:235)
	at org.eclipse.swt.widgets.EventTable.sendEvent(EventTable.java:84)
	at org.eclipse.swt.widgets.Widget.sendEvent(Widget.java:1003)
	at org.eclipse.swt.widgets.Widget.sendEvent(Widget.java:1027)
	at org.eclipse.swt.widgets.Widget.sendEvent(Widget.java:1012)
	at org.eclipse.swt.widgets.Widget.notifyListeners(Widget.java:770)
	at org.eclipse.jface.action.ActionContributionItem.copyMenu(ActionContributionItem.java:1268)
	at org.eclipse.jface.action.ActionContributionItem.handleShowProxy(ActionContributionItem.java:1248)
	at org.eclipse.jface.action.ActionContributionItem.access$4(ActionContributionItem.java:1237)
	at org.eclipse.jface.action.ActionContributionItem$8.handleEvent(ActionContributionItem.java:1210)
	at org.eclipse.swt.widgets.EventTable.sendEvent(EventTable.java:84)
	at org.eclipse.swt.widgets.Widget.sendEvent(Widget.java:1003)
	at org.eclipse.swt.widgets.Widget.sendEvent(Widget.java:1027)
	at org.eclipse.swt.widgets.Widget.sendEvent(Widget.java:1008)
	at org.eclipse.swt.widgets.Control.WM_INITMENUPOPUP(Control.java:4270)
	at org.eclipse.swt.widgets.Control.windowProc(Control.java:3974)
	at org.eclipse.swt.widgets.Canvas.windowProc(Canvas.java:342)
	at org.eclipse.swt.widgets.Decorations.windowProc(Decorations.java:1578)
	at org.eclipse.swt.widgets.Shell.windowProc(Shell.java:2010)
	at org.eclipse.swt.widgets.Display.windowProc(Display.java:4602)
	at org.eclipse.swt.internal.win32.OS.TrackPopupMenu(Native Method)
	at org.eclipse.swt.widgets.Menu._setVisible(Menu.java:254)
	at org.eclipse.swt.widgets.Display.runPopups(Display.java:3906)
	at org.eclipse.swt.widgets.Display.readAndDispatch(Display.java:3467)
	at org.eclipse.ui.internal.Workbench.runEventLoop(Workbench.java:2405)
	at org.eclipse.ui.internal.Workbench.runUI(Workbench.java:2369)
	at org.eclipse.ui.internal.Workbench.access$4(Workbench.java:2221)
	at org.eclipse.ui.internal.Workbench$5.run(Workbench.java:500)
	at org.eclipse.core.databinding.observable.Realm.runWithDefault(Realm.java:332)
	at org.eclipse.ui.internal.Workbench.createAndRunWorkbench(Workbench.java:493)
	at org.eclipse.ui.PlatformUI.createAndRunWorkbench(PlatformUI.java:149)
	at org.eclipse.ui.internal.ide.application.IDEApplication.start(IDEApplication.java:113)
	at org.eclipse.equinox.internal.app.EclipseAppHandle.run(EclipseAppHandle.java:194)
	at org.eclipse.core.runtime.internal.adaptor.EclipseAppLauncher.runApplication(EclipseAppLauncher.java:110)
	at org.eclipse.core.runtime.internal.adaptor.EclipseAppLauncher.start(EclipseAppLauncher.java:79)
	at org.eclipse.core.runtime.adaptor.EclipseStarter.run(EclipseStarter.java:368)
	at org.eclipse.core.runtime.adaptor.EclipseStarter.run(EclipseStarter.java:179)
	at sun.reflect.NativeMethodAccessorImpl.invoke0(Native Method)
	at sun.reflect.NativeMethodAccessorImpl.invoke(NativeMethodAccessorImpl.java:39)
	at sun.reflect.DelegatingMethodAccessorImpl.invoke(DelegatingMethodAccessorImpl.java:25)
	at java.lang.reflect.Method.invoke(Method.java:597)
	at org.eclipse.equinox.launcher.Main.invokeFramework(Main.java:559)
	at org.eclipse.equinox.launcher.Main.basicRun(Main.java:514)
	at org.eclipse.equinox.launcher.Main.run(Main.java:1311)
